/usr/lib/gcc/x86_64-linux-gnu/7/../../../x86_64-linux-gnu/Scrt1.o: In function `_start':
(.text+0x20): undefined reference to `main'
collect2: error: ld returned 1 exit status
make[2]: *** [/home/csrobot/Desktop/NERVE_CENTER/ROS_navigation_localization/catkin_ws/devel/.private/robot_navigation/lib/robot_navigation/obstacle_bot_goal_publisher] Error 1
make[1]: *** [CMakeFiles/obstacle_bot_goal_publisher.dir/all] Error 2
make[1]: *** Waiting for unfinished jobs....
[01m[K/home/csrobot/Desktop/NERVE_CENTER/ROS_navigation_localization/catkin_ws/src/robot_navigation/src/robot_goal_publisher.cpp:[m[K In static member function ‘[01m[Kstatic bool robot_goal_publisher::resetGoalsCallback(std_srvs::Empty::Request&, std_srvs::Empty::Response&)[m[K’:
[01m[K/home/csrobot/Desktop/NERVE_CENTER/ROS_navigation_localization/catkin_ws/src/robot_navigation/src/robot_goal_publisher.cpp:128:3:[m[K [01;31m[Kerror: [m[K‘[01m[Kthis[m[K’ is unavailable for static member functions
   [01;31m[Kthis[m[K->resetGoals();
   [01;31m[K^~~~[m[K
[01m[K/home/csrobot/Desktop/NERVE_CENTER/ROS_navigation_localization/catkin_ws/src/robot_navigation/src/robot_goal_publisher.cpp:[m[K In function ‘[01m[Kint main(int, char**)[m[K’:
[01m[K/home/csrobot/Desktop/NERVE_CENTER/ROS_navigation_localization/catkin_ws/src/robot_navigation/src/robot_goal_publisher.cpp:144:142:[m[K [01;31m[Kerror: [m[K‘[01m[Kgoal_handle_obj[m[K’ was not declared in this scope
   ros::ServiceServer initial_robot_goal_server = node_handle.advertiseService("get_robot_initial_goal", goal_handler_obj.initialGoalCallback([01;31m[Kgoal_handle_obj[m[K));
                                                                                                                                              [01;31m[K^~~~~~~~~~~~~~~[m[K
[01m[K/home/csrobot/Desktop/NERVE_CENTER/ROS_navigation_localization/catkin_ws/src/robot_navigation/src/robot_goal_publisher.cpp:144:142:[m[K [01;36m[Knote: [m[Ksuggested alternative: ‘[01m[Kgoal_handler_obj[m[K’
   ros::ServiceServer initial_robot_goal_server = node_handle.advertiseService("get_robot_initial_goal", goal_handler_obj.initialGoalCallback([01;36m[Kgoal_handle_obj[m[K));
                                                                                                                                              [01;36m[K^~~~~~~~~~~~~~~[m[K
                                                                                                                                              [32m[Kgoal_handler_obj[m[K
make[2]: *** [CMakeFiles/robot_goal_publisher.dir/src/robot_goal_publisher.cpp.o] Error 1
make[1]: *** [CMakeFiles/robot_goal_publisher.dir/all] Error 2
make: *** [all] Error 2
