/usr/lib/gcc/x86_64-linux-gnu/7/../../../x86_64-linux-gnu/Scrt1.o: In function `_start':
(.text+0x20): undefined reference to `main'
collect2: error: ld returned 1 exit status
make[2]: *** [/home/csrobot/Desktop/NERVE_CENTER/ROS_navigation_localization/catkin_ws/devel/.private/robot_navigation/lib/robot_navigation/obstacle_bot_goal_publisher] Error 1
make[1]: *** [CMakeFiles/obstacle_bot_goal_publisher.dir/all] Error 2
make[1]: *** Waiting for unfinished jobs....
[01m[K/home/csrobot/Desktop/NERVE_CENTER/ROS_navigation_localization/catkin_ws/src/robot_navigation/src/robot_goal_publisher.cpp:115:105:[m[K [01;31m[Kerror: [m[Kno ‘[01m[Kbool robot_goal_publisher::newGoalCallback(std_srvs::Empty::Request&, std_srvs::Empty::Response&)[m[K’ member function declared in class ‘[01m[Krobot_goal_publisher[m[K’
 bool robot_goal_publisher::newGoalCallback(std_srvs::Empty::Request &req, std_srvs::Empty::Response &res[01;31m[K)[m[K{
                                                                                                         [01;31m[K^[m[K
[01m[K/home/csrobot/Desktop/NERVE_CENTER/ROS_navigation_localization/catkin_ws/src/robot_navigation/src/robot_goal_publisher.cpp:121:135:[m[K [01;31m[Kerror: [m[Kno ‘[01m[Kbool robot_goal_publisher::initialGoalCallback(std_srvs::Empty::Request&, std_srvs::Empty::Response&, robot_goal_publisher)[m[K’ member function declared in class ‘[01m[Krobot_goal_publisher[m[K’
 bool robot_goal_publisher::initialGoalCallback(std_srvs::Empty::Request &req, std_srvs::Empty::Response &res, robot_goal_publisher obj[01;31m[K)[m[K{
                                                                                                                                       [01;31m[K^[m[K
[01m[K/home/csrobot/Desktop/NERVE_CENTER/ROS_navigation_localization/catkin_ws/src/robot_navigation/src/robot_goal_publisher.cpp:127:108:[m[K [01;31m[Kerror: [m[Kno ‘[01m[Kbool robot_goal_publisher::resetGoalsCallback(std_srvs::Empty::Request&, std_srvs::Empty::Response&)[m[K’ member function declared in class ‘[01m[Krobot_goal_publisher[m[K’
 bool robot_goal_publisher::resetGoalsCallback(std_srvs::Empty::Request &req, std_srvs::Empty::Response &res[01;31m[K)[m[K{
                                                                                                            [01;31m[K^[m[K
[01m[K/home/csrobot/Desktop/NERVE_CENTER/ROS_navigation_localization/catkin_ws/src/robot_navigation/src/robot_goal_publisher.cpp:[m[K In function ‘[01m[Kint main(int, char**)[m[K’:
[01m[K/home/csrobot/Desktop/NERVE_CENTER/ROS_navigation_localization/catkin_ws/src/robot_navigation/src/robot_goal_publisher.cpp:143:110:[m[K [01;31m[Kerror: [m[K‘[01m[Kclass robot_goal_publisher[m[K’ has no member named ‘[01m[KnewGoalCallback[m[K’
   ros::ServiceServer robot_goal_server = node_handle.advertiseService("get_robot_new_goal", goal_handler_obj.[01;31m[KnewGoalCallback[m[K);
                                                                                                              [01;31m[K^~~~~~~~~~~~~~~[m[K
[01m[K/home/csrobot/Desktop/NERVE_CENTER/ROS_navigation_localization/catkin_ws/src/robot_navigation/src/robot_goal_publisher.cpp:144:122:[m[K [01;31m[Kerror: [m[K‘[01m[Kclass robot_goal_publisher[m[K’ has no member named ‘[01m[KinitialGoalCallback[m[K’
   ros::ServiceServer initial_robot_goal_server = node_handle.advertiseService("get_robot_initial_goal", goal_handler_obj.[01;31m[KinitialGoalCallback[m[K(goal_handler_obj));
                                                                                                                          [01;31m[K^~~~~~~~~~~~~~~~~~~[m[K
[01m[K/home/csrobot/Desktop/NERVE_CENTER/ROS_navigation_localization/catkin_ws/src/robot_navigation/src/robot_goal_publisher.cpp:145:115:[m[K [01;31m[Kerror: [m[K‘[01m[Kclass robot_goal_publisher[m[K’ has no member named ‘[01m[KresetGoalsCallback[m[K’; did you mean ‘[01m[KresetGoals[m[K’?
   ros::ServiceServer reset_robot_goal_server = node_handle.advertiseService("reset_robot_goals", goal_handler_obj.[01;31m[KresetGoalsCallback[m[K);
                                                                                                                   [01;31m[K^~~~~~~~~~~~~~~~~~[m[K
                                                                                                                   [32m[KresetGoals[m[K
make[2]: *** [CMakeFiles/robot_goal_publisher.dir/src/robot_goal_publisher.cpp.o] Error 1
make[1]: *** [CMakeFiles/robot_goal_publisher.dir/all] Error 2
make: *** [all] Error 2
