/usr/lib/gcc/x86_64-linux-gnu/7/../../../x86_64-linux-gnu/Scrt1.o: In function `_start':
(.text+0x20): undefined reference to `main'
collect2: error: ld returned 1 exit status
make[2]: *** [/home/csrobot/Desktop/NERVE_CENTER/ROS_navigation_localization/catkin_ws/devel/.private/robot_navigation/lib/robot_navigation/obstacle_bot_goal_publisher] Error 1
make[1]: *** [CMakeFiles/obstacle_bot_goal_publisher.dir/all] Error 2
make[1]: *** Waiting for unfinished jobs....
[01m[K/home/csrobot/Desktop/NERVE_CENTER/ROS_navigation_localization/catkin_ws/src/robot_navigation/src/robot_goal_publisher.cpp:89:8:[m[K [01;31m[Kerror: [m[Kexpected unqualified-id before ‘[01m[Kbool[m[K’
   std::[01;31m[Kbool[m[K publishNextGoal(){
        [01;31m[K^~~~[m[K
[01m[K/home/csrobot/Desktop/NERVE_CENTER/ROS_navigation_localization/catkin_ws/src/robot_navigation/src/robot_goal_publisher.cpp:98:8:[m[K [01;31m[Kerror: [m[Kexpected unqualified-id before ‘[01m[Kbool[m[K’
   std::[01;31m[Kbool[m[K publishInitialGoal(){
        [01;31m[K^~~~[m[K
[01m[K/home/csrobot/Desktop/NERVE_CENTER/ROS_navigation_localization/catkin_ws/src/robot_navigation/src/robot_goal_publisher.cpp:105:8:[m[K [01;31m[Kerror: [m[Kexpected unqualified-id before ‘[01m[Kbool[m[K’
   std::[01;31m[Kbool[m[K resetGoals(){
        [01;31m[K^~~~[m[K
[01m[K/home/csrobot/Desktop/NERVE_CENTER/ROS_navigation_localization/catkin_ws/src/robot_navigation/src/robot_goal_publisher.cpp:[m[K In function ‘[01m[Kint main(int, char**)[m[K’:
[01m[K/home/csrobot/Desktop/NERVE_CENTER/ROS_navigation_localization/catkin_ws/src/robot_navigation/src/robot_goal_publisher.cpp:137:127:[m[K [01;31m[Kerror: [m[K‘[01m[Kclass robot_goal_publisher[m[K’ has no member named ‘[01m[KpublishNextGoal[m[K’
   ros::ServiceServer robot_goal_server = goal_handler_obj.node_handle.advertiseService("get_robot_new_goal", goal_handler_obj.[01;31m[KpublishNextGoal[m[K);
                                                                                                                               [01;31m[K^~~~~~~~~~~~~~~[m[K
[01m[K/home/csrobot/Desktop/NERVE_CENTER/ROS_navigation_localization/catkin_ws/src/robot_navigation/src/robot_goal_publisher.cpp:138:139:[m[K [01;31m[Kerror: [m[K‘[01m[Kclass robot_goal_publisher[m[K’ has no member named ‘[01m[KpublishInitialGoal[m[K’
   ros::ServiceServer initial_robot_goal_server = goal_handler_obj.node_handle.advertiseService("get_robot_initial_goal", goal_handler_obj.[01;31m[KpublishInitialGoal[m[K);
                                                                                                                                           [01;31m[K^~~~~~~~~~~~~~~~~~[m[K
[01m[K/home/csrobot/Desktop/NERVE_CENTER/ROS_navigation_localization/catkin_ws/src/robot_navigation/src/robot_goal_publisher.cpp:139:132:[m[K [01;31m[Kerror: [m[K‘[01m[Kclass robot_goal_publisher[m[K’ has no member named ‘[01m[KresetGoals[m[K’
   ros::ServiceServer reset_robot_goal_server = goal_handler_obj.node_handle.advertiseService("reset_robot_goals", goal_handler_obj.[01;31m[KresetGoals[m[K);
                                                                                                                                    [01;31m[K^~~~~~~~~~[m[K
make[2]: *** [CMakeFiles/robot_goal_publisher.dir/src/robot_goal_publisher.cpp.o] Error 1
make[1]: *** [CMakeFiles/robot_goal_publisher.dir/all] Error 2
make: *** [all] Error 2
