/usr/lib/gcc/x86_64-linux-gnu/7/../../../x86_64-linux-gnu/Scrt1.o: In function `_start':
(.text+0x20): undefined reference to `main'
collect2: error: ld returned 1 exit status
make[2]: *** [/home/csrobot/Desktop/NERVE_CENTER/ROS_navigation_localization/catkin_ws/devel/.private/robot_navigation/lib/robot_navigation/obstacle_bot_goal_publisher] Error 1
make[1]: *** [CMakeFiles/obstacle_bot_goal_publisher.dir/all] Error 2
make[1]: *** Waiting for unfinished jobs....
[01m[K/home/csrobot/Desktop/NERVE_CENTER/ROS_navigation_localization/catkin_ws/src/robot_navigation/src/robot_goal_publisher.cpp:118:6:[m[K [01;31m[Kerror: [m[Kextra qualification ‘[01m[Krobot_goal_publisher::[m[K’ on member ‘[01m[KnewGoalCallback[m[K’ [[01;31m[K-fpermissive[m[K]
 bool [01;31m[Krobot_goal_publisher[m[K::newGoalCallback(std_srvs::Empty::Request &req, std_srvs::Empty::Response &res){
      [01;31m[K^~~~~~~~~~~~~~~~~~~~[m[K
[01m[K/home/csrobot/Desktop/NERVE_CENTER/ROS_navigation_localization/catkin_ws/src/robot_navigation/src/robot_goal_publisher.cpp:118:6:[m[K [01;31m[Kerror: [m[K‘[01m[Kbool robot_goal_publisher::newGoalCallback(std_srvs::Empty::Request&, std_srvs::Empty::Response&)[m[K’ cannot be overloaded
[01m[K/home/csrobot/Desktop/NERVE_CENTER/ROS_navigation_localization/catkin_ws/src/robot_navigation/src/robot_goal_publisher.cpp:87:15:[m[K [01;31m[Kerror: [m[Kwith ‘[01m[Kstatic bool robot_goal_publisher::newGoalCallback(std_srvs::Empty::Request&, std_srvs::Empty::Response&)[m[K’
   static bool [01;31m[KnewGoalCallback[m[K(std_srvs::Empty::Request &req, std_srvs::Empty::Response &res);
               [01;31m[K^~~~~~~~~~~~~~~[m[K
[01m[K/home/csrobot/Desktop/NERVE_CENTER/ROS_navigation_localization/catkin_ws/src/robot_navigation/src/robot_goal_publisher.cpp:123:6:[m[K [01;31m[Kerror: [m[Kextra qualification ‘[01m[Krobot_goal_publisher::[m[K’ on member ‘[01m[KinitialGoalCallback[m[K’ [[01;31m[K-fpermissive[m[K]
 bool [01;31m[Krobot_goal_publisher[m[K::initialGoalCallback(std_srvs::Empty::Request &req, std_srvs::Empty::Response &res){
      [01;31m[K^~~~~~~~~~~~~~~~~~~~[m[K
[01m[K/home/csrobot/Desktop/NERVE_CENTER/ROS_navigation_localization/catkin_ws/src/robot_navigation/src/robot_goal_publisher.cpp:123:6:[m[K [01;31m[Kerror: [m[K‘[01m[Kbool robot_goal_publisher::initialGoalCallback(std_srvs::Empty::Request&, std_srvs::Empty::Response&)[m[K’ cannot be overloaded
[01m[K/home/csrobot/Desktop/NERVE_CENTER/ROS_navigation_localization/catkin_ws/src/robot_navigation/src/robot_goal_publisher.cpp:88:15:[m[K [01;31m[Kerror: [m[Kwith ‘[01m[Kstatic bool robot_goal_publisher::initialGoalCallback(std_srvs::Empty::Request&, std_srvs::Empty::Response&)[m[K’
   static bool [01;31m[KinitialGoalCallback[m[K(std_srvs::Empty::Request &req, std_srvs::Empty::Response &res);
               [01;31m[K^~~~~~~~~~~~~~~~~~~[m[K
[01m[K/home/csrobot/Desktop/NERVE_CENTER/ROS_navigation_localization/catkin_ws/src/robot_navigation/src/robot_goal_publisher.cpp:128:6:[m[K [01;31m[Kerror: [m[Kextra qualification ‘[01m[Krobot_goal_publisher::[m[K’ on member ‘[01m[KresetGoalsCallback[m[K’ [[01;31m[K-fpermissive[m[K]
 bool [01;31m[Krobot_goal_publisher[m[K::resetGoalsCallback(std_srvs::Empty::Request &req, std_srvs::Empty::Response &res){
      [01;31m[K^~~~~~~~~~~~~~~~~~~~[m[K
[01m[K/home/csrobot/Desktop/NERVE_CENTER/ROS_navigation_localization/catkin_ws/src/robot_navigation/src/robot_goal_publisher.cpp:128:6:[m[K [01;31m[Kerror: [m[K‘[01m[Kbool robot_goal_publisher::resetGoalsCallback(std_srvs::Empty::Request&, std_srvs::Empty::Response&)[m[K’ cannot be overloaded
[01m[K/home/csrobot/Desktop/NERVE_CENTER/ROS_navigation_localization/catkin_ws/src/robot_navigation/src/robot_goal_publisher.cpp:89:15:[m[K [01;31m[Kerror: [m[Kwith ‘[01m[Kstatic bool robot_goal_publisher::resetGoalsCallback(std_srvs::Empty::Request&, std_srvs::Empty::Response&)[m[K’
   static bool [01;31m[KresetGoalsCallback[m[K(std_srvs::Empty::Request &req, std_srvs::Empty::Response &res);
               [01;31m[K^~~~~~~~~~~~~~~~~~[m[K
[01m[K/home/csrobot/Desktop/NERVE_CENTER/ROS_navigation_localization/catkin_ws/src/robot_navigation/src/robot_goal_publisher.cpp:150:1:[m[K [01;31m[Kerror: [m[Kexpected ‘[01m[K}[m[K’ at end of input
 [01;31m[K}[m[K
 [01;31m[K^[m[K
[01m[K/home/csrobot/Desktop/NERVE_CENTER/ROS_navigation_localization/catkin_ws/src/robot_navigation/src/robot_goal_publisher.cpp:150:1:[m[K [01;31m[Kerror: [m[Kexpected unqualified-id at end of input
make[2]: *** [CMakeFiles/robot_goal_publisher.dir/src/robot_goal_publisher.cpp.o] Error 1
make[1]: *** [CMakeFiles/robot_goal_publisher.dir/all] Error 2
make: *** [all] Error 2
