/usr/lib/gcc/x86_64-linux-gnu/7/../../../x86_64-linux-gnu/Scrt1.o: In function `_start':
(.text+0x20): undefined reference to `main'
collect2: error: ld returned 1 exit status
make[2]: *** [/home/csrobot/Desktop/NERVE_CENTER/ROS_navigation_localization/catkin_ws/devel/.private/robot_navigation/lib/robot_navigation/obstacle_bot_goal_publisher] Error 1
make[1]: *** [CMakeFiles/obstacle_bot_goal_publisher.dir/all] Error 2
make[1]: *** Waiting for unfinished jobs....
[01m[K/home/csrobot/Desktop/NERVE_CENTER/ROS_navigation_localization/catkin_ws/src/robot_navigation/src/robot_goal_publisher.cpp:[m[K In function ‘[01m[Kint main(int, char**)[m[K’:
[01m[K/home/csrobot/Desktop/NERVE_CENTER/ROS_navigation_localization/catkin_ws/src/robot_navigation/src/robot_goal_publisher.cpp:135:142:[m[K [01;31m[Kerror: [m[Kinvalid initialization of reference of type ‘[01m[Kstd_srvs::Empty::Request& {aka std_srvs::EmptyRequest_<std::allocator<void> >&}[m[K’ from expression of type ‘[01m[Krobot_goal_publisher[m[K’
   ros::ServiceServer robot_goal_server = goal_handler_obj.node_handle.advertiseService("get_robot_new_goal", newGoalCallback(goal_handler_obj[01;31m[K)[m[K);
                                                                                                                                              [01;31m[K^[m[K
[01m[K/home/csrobot/Desktop/NERVE_CENTER/ROS_navigation_localization/catkin_ws/src/robot_navigation/src/robot_goal_publisher.cpp:112:6:[m[K [01;36m[Knote: [m[Kin passing argument 1 of ‘[01m[Kbool newGoalCallback(std_srvs::Empty::Request&, std_srvs::Empty::Response&, robot_goal_publisher)[m[K’
 bool [01;36m[KnewGoalCallback[m[K(std_srvs::Empty::Request &req, std_srvs::Empty::Response &res, robot_goal_publisher goal_handler_obj){
      [01;36m[K^~~~~~~~~~~~~~~[m[K
[01m[K/home/csrobot/Desktop/NERVE_CENTER/ROS_navigation_localization/catkin_ws/src/robot_navigation/src/robot_goal_publisher.cpp:136:158:[m[K [01;31m[Kerror: [m[Kinvalid initialization of reference of type ‘[01m[Kstd_srvs::Empty::Request& {aka std_srvs::EmptyRequest_<std::allocator<void> >&}[m[K’ from expression of type ‘[01m[Krobot_goal_publisher[m[K’
   ros::ServiceServer initial_robot_goal_server = goal_handler_obj.node_handle.advertiseService("get_robot_initial_goal", initialGoalCallback(goal_handler_obj[01;31m[K)[m[K);
                                                                                                                                                              [01;31m[K^[m[K
[01m[K/home/csrobot/Desktop/NERVE_CENTER/ROS_navigation_localization/catkin_ws/src/robot_navigation/src/robot_goal_publisher.cpp:117:6:[m[K [01;36m[Knote: [m[Kin passing argument 1 of ‘[01m[Kbool initialGoalCallback(std_srvs::Empty::Request&, std_srvs::Empty::Response&, robot_goal_publisher)[m[K’
 bool [01;36m[KinitialGoalCallback[m[K(std_srvs::Empty::Request &req, std_srvs::Empty::Response &res, robot_goal_publisher goal_handler_obj){
      [01;36m[K^~~~~~~~~~~~~~~~~~~[m[K
[01m[K/home/csrobot/Desktop/NERVE_CENTER/ROS_navigation_localization/catkin_ws/src/robot_navigation/src/robot_goal_publisher.cpp:137:150:[m[K [01;31m[Kerror: [m[Kinvalid initialization of reference of type ‘[01m[Kstd_srvs::Empty::Request& {aka std_srvs::EmptyRequest_<std::allocator<void> >&}[m[K’ from expression of type ‘[01m[Krobot_goal_publisher[m[K’
   ros::ServiceServer reset_robot_goal_server = goal_handler_obj.node_handle.advertiseService("reset_robot_goals", resetGoalsCallback(goal_handler_obj[01;31m[K)[m[K);
                                                                                                                                                      [01;31m[K^[m[K
[01m[K/home/csrobot/Desktop/NERVE_CENTER/ROS_navigation_localization/catkin_ws/src/robot_navigation/src/robot_goal_publisher.cpp:122:6:[m[K [01;36m[Knote: [m[Kin passing argument 1 of ‘[01m[Kbool resetGoalsCallback(std_srvs::Empty::Request&, std_srvs::Empty::Response&, robot_goal_publisher)[m[K’
 bool [01;36m[KresetGoalsCallback[m[K(std_srvs::Empty::Request &req, std_srvs::Empty::Response &res, robot_goal_publisher goal_handler_obj){
      [01;36m[K^~~~~~~~~~~~~~~~~~[m[K
make[2]: *** [CMakeFiles/robot_goal_publisher.dir/src/robot_goal_publisher.cpp.o] Error 1
make[1]: *** [CMakeFiles/robot_goal_publisher.dir/all] Error 2
make: *** [all] Error 2
