[01m[K/home/csrobot/Desktop/NERVE_CENTER/ROS_navigation_localization/catkin_ws/src/robot_navigation/src/logger.cpp:11:10:[m[K [01;31m[Kfatal error: [m[Krobot_navigation/Goal.h: No such file or directory
 #include [01;31m[K<robot_navigation/Goal.h>[m[K
          [01;31m[K^~~~~~~~~~~~~~~~~~~~~~~~~[m[K
compilation terminated.
make[2]: *** [CMakeFiles/logger.dir/src/logger.cpp.o] Error 1
make[1]: *** [CMakeFiles/logger.dir/all] Error 2
make[1]: *** Waiting for unfinished jobs....
[01m[K/home/csrobot/Desktop/NERVE_CENTER/ROS_navigation_localization/catkin_ws/src/robot_navigation/src/goal_pub.cpp:15:10:[m[K [01;31m[Kfatal error: [m[Krobot_navigation/Goal.h: No such file or directory
 #include [01;31m[K<robot_navigation/Goal.h>[m[K
          [01;31m[K^~~~~~~~~~~~~~~~~~~~~~~~~[m[K
compilation terminated.
make[2]: *** [CMakeFiles/goal_publisher.dir/src/goal_pub.cpp.o] Error 1
make[1]: *** [CMakeFiles/goal_publisher.dir/all] Error 2
[01m[K/home/csrobot/Desktop/NERVE_CENTER/ROS_navigation_localization/catkin_ws/src/robot_navigation/src/obstacle_bot.cpp:5:10:[m[K [01;31m[Kfatal error: [m[Krobot_navigation/Goal.h: No such file or directory
 #include [01;31m[K<robot_navigation/Goal.h>[m[K
          [01;31m[K^~~~~~~~~~~~~~~~~~~~~~~~~[m[K
compilation terminated.
make[2]: *** [CMakeFiles/obstacle_bot_node.dir/src/obstacle_bot.cpp.o] Error 1
make[1]: *** [CMakeFiles/obstacle_bot_node.dir/all] Error 2
make: *** [all] Error 2
