/usr/lib/gcc/x86_64-linux-gnu/7/../../../x86_64-linux-gnu/Scrt1.o: In function `_start':
(.text+0x20): undefined reference to `main'
collect2: error: ld returned 1 exit status
make[2]: *** [/home/csrobot/Desktop/NERVE_CENTER/ROS_navigation_localization/catkin_ws/devel/.private/robot_navigation/lib/robot_navigation/obstacle_bot_goal_publisher] Error 1
make[1]: *** [CMakeFiles/obstacle_bot_goal_publisher.dir/all] Error 2
make[1]: *** Waiting for unfinished jobs....
[01m[K/home/csrobot/Desktop/NERVE_CENTER/ROS_navigation_localization/catkin_ws/src/robot_navigation/src/robot_goal_publisher.cpp:108:85:[m[K [01;31m[Kerror: [m[Kexpected ‘[01m[K;[m[K’ at end of member declaration
   bool newGoalCallback(std_srvs::Empty::Request &req, std_srvs::Empty::Response &res[01;31m[K)[m[K);
                                                                                     [01;31m[K^[m[K
[01m[K/home/csrobot/Desktop/NERVE_CENTER/ROS_navigation_localization/catkin_ws/src/robot_navigation/src/robot_goal_publisher.cpp:108:86:[m[K [01;31m[Kerror: [m[Kexpected unqualified-id before ‘[01m[K)[m[K’ token
   bool newGoalCallback(std_srvs::Empty::Request &req, std_srvs::Empty::Response &res)[01;31m[K)[m[K;
                                                                                      [01;31m[K^[m[K
[01m[K/home/csrobot/Desktop/NERVE_CENTER/ROS_navigation_localization/catkin_ws/src/robot_navigation/src/robot_goal_publisher.cpp:109:89:[m[K [01;31m[Kerror: [m[Kexpected ‘[01m[K;[m[K’ at end of member declaration
   bool initialGoalCallback(std_srvs::Empty::Request &req, std_srvs::Empty::Response &res[01;31m[K)[m[K);
                                                                                         [01;31m[K^[m[K
[01m[K/home/csrobot/Desktop/NERVE_CENTER/ROS_navigation_localization/catkin_ws/src/robot_navigation/src/robot_goal_publisher.cpp:109:90:[m[K [01;31m[Kerror: [m[Kexpected unqualified-id before ‘[01m[K)[m[K’ token
   bool initialGoalCallback(std_srvs::Empty::Request &req, std_srvs::Empty::Response &res)[01;31m[K)[m[K;
                                                                                          [01;31m[K^[m[K
[01m[K/home/csrobot/Desktop/NERVE_CENTER/ROS_navigation_localization/catkin_ws/src/robot_navigation/src/robot_goal_publisher.cpp:110:88:[m[K [01;31m[Kerror: [m[Kexpected ‘[01m[K;[m[K’ at end of member declaration
   bool resetGoalsCallback(std_srvs::Empty::Request &req, std_srvs::Empty::Response &res[01;31m[K)[m[K);
                                                                                        [01;31m[K^[m[K
[01m[K/home/csrobot/Desktop/NERVE_CENTER/ROS_navigation_localization/catkin_ws/src/robot_navigation/src/robot_goal_publisher.cpp:110:89:[m[K [01;31m[Kerror: [m[Kexpected unqualified-id before ‘[01m[K)[m[K’ token
   bool resetGoalsCallback(std_srvs::Empty::Request &req, std_srvs::Empty::Response &res)[01;31m[K)[m[K;
                                                                                         [01;31m[K^[m[K
[01m[K/home/csrobot/Desktop/NERVE_CENTER/ROS_navigation_localization/catkin_ws/src/robot_navigation/src/robot_goal_publisher.cpp:[m[K In function ‘[01m[Kint main(int, char**)[m[K’:
[01m[K/home/csrobot/Desktop/NERVE_CENTER/ROS_navigation_localization/catkin_ws/src/robot_navigation/src/robot_goal_publisher.cpp:138:110:[m[K [01;31m[Kerror: [m[K‘[01m[KnewGoalCallback[m[K’ was not declared in this scope
   ros::ServiceServer robot_goal_server = goal_handler_obj.node_handle.advertiseService("get_robot_new_goal", [01;31m[KnewGoalCallback[m[K);
                                                                                                              [01;31m[K^~~~~~~~~~~~~~~[m[K
[01m[K/home/csrobot/Desktop/NERVE_CENTER/ROS_navigation_localization/catkin_ws/src/robot_navigation/src/robot_goal_publisher.cpp:139:122:[m[K [01;31m[Kerror: [m[K‘[01m[KinitialGoalCallback[m[K’ was not declared in this scope
   ros::ServiceServer initial_robot_goal_server = goal_handler_obj.node_handle.advertiseService("get_robot_initial_goal", [01;31m[KinitialGoalCallback[m[K);
                                                                                                                          [01;31m[K^~~~~~~~~~~~~~~~~~~[m[K
[01m[K/home/csrobot/Desktop/NERVE_CENTER/ROS_navigation_localization/catkin_ws/src/robot_navigation/src/robot_goal_publisher.cpp:140:115:[m[K [01;31m[Kerror: [m[K‘[01m[KresetGoalsCallback[m[K’ was not declared in this scope
   ros::ServiceServer reset_robot_goal_server = goal_handler_obj.node_handle.advertiseService("reset_robot_goals", [01;31m[KresetGoalsCallback[m[K);
                                                                                                                   [01;31m[K^~~~~~~~~~~~~~~~~~[m[K
make[2]: *** [CMakeFiles/robot_goal_publisher.dir/src/robot_goal_publisher.cpp.o] Error 1
make[1]: *** [CMakeFiles/robot_goal_publisher.dir/all] Error 2
make: *** [all] Error 2
