Symlinking /home/csrobot/Desktop/NERVE_CENTER/ROS_navigation_localization/catkin_ws/devel/share/roseus/ros/tuw_waypoint_to_spline_msgs/manifest.l
Symlinking /home/csrobot/Desktop/NERVE_CENTER/ROS_navigation_localization/catkin_ws/devel/share/roseus/ros/tuw_waypoint_to_spline_msgs/srv/PathToSpline.l
Symlinking /home/csrobot/Desktop/NERVE_CENTER/ROS_navigation_localization/catkin_ws/devel/share/tuw_waypoint_to_spline_msgs/cmake/tuw_waypoint_to_spline_msgs-msg-paths.cmake
Symlinking /home/csrobot/Desktop/NERVE_CENTER/ROS_navigation_localization/catkin_ws/devel/share/tuw_waypoint_to_spline_msgs/cmake/tuw_waypoint_to_spline_msgsConfig.cmake
Symlinking /home/csrobot/Desktop/NERVE_CENTER/ROS_navigation_localization/catkin_ws/devel/share/tuw_waypoint_to_spline_msgs/cmake/tuw_waypoint_to_spline_msgs-msg-extras.cmake
Symlinking /home/csrobot/Desktop/NERVE_CENTER/ROS_navigation_localization/catkin_ws/devel/share/tuw_waypoint_to_spline_msgs/cmake/tuw_waypoint_to_spline_msgsConfig-version.cmake
Symlinking /home/csrobot/Desktop/NERVE_CENTER/ROS_navigation_localization/catkin_ws/devel/share/common-lisp/ros/tuw_waypoint_to_spline_msgs/srv/PathToSpline.lisp
Symlinking /home/csrobot/Desktop/NERVE_CENTER/ROS_navigation_localization/catkin_ws/devel/share/common-lisp/ros/tuw_waypoint_to_spline_msgs/srv/tuw_waypoint_to_spline_msgs-srv.asd
Symlinking /home/csrobot/Desktop/NERVE_CENTER/ROS_navigation_localization/catkin_ws/devel/share/common-lisp/ros/tuw_waypoint_to_spline_msgs/srv/_package.lisp
Symlinking /home/csrobot/Desktop/NERVE_CENTER/ROS_navigation_localization/catkin_ws/devel/share/common-lisp/ros/tuw_waypoint_to_spline_msgs/srv/_package_PathToSpline.lisp
Symlinking /home/csrobot/Desktop/NERVE_CENTER/ROS_navigation_localization/catkin_ws/devel/share/gennodejs/ros/tuw_waypoint_to_spline_msgs/_index.js
Symlinking /home/csrobot/Desktop/NERVE_CENTER/ROS_navigation_localization/catkin_ws/devel/share/gennodejs/ros/tuw_waypoint_to_spline_msgs/srv/_index.js
Symlinking /home/csrobot/Desktop/NERVE_CENTER/ROS_navigation_localization/catkin_ws/devel/share/gennodejs/ros/tuw_waypoint_to_spline_msgs/srv/PathToSpline.js
Symlinking /home/csrobot/Desktop/NERVE_CENTER/ROS_navigation_localization/catkin_ws/devel/lib/pkgconfig/tuw_waypoint_to_spline_msgs.pc
Symlinking /home/csrobot/Desktop/NERVE_CENTER/ROS_navigation_localization/catkin_ws/devel/lib/python2.7/dist-packages/tuw_waypoint_to_spline_msgs/__init__.py
Symlinking /home/csrobot/Desktop/NERVE_CENTER/ROS_navigation_localization/catkin_ws/devel/lib/python2.7/dist-packages/tuw_waypoint_to_spline_msgs/srv/__init__.py
Symlinking /home/csrobot/Desktop/NERVE_CENTER/ROS_navigation_localization/catkin_ws/devel/lib/python2.7/dist-packages/tuw_waypoint_to_spline_msgs/srv/_PathToSpline.py
Symlinking /home/csrobot/Desktop/NERVE_CENTER/ROS_navigation_localization/catkin_ws/devel/include/tuw_waypoint_to_spline_msgs/PathToSpline.h
Symlinking /home/csrobot/Desktop/NERVE_CENTER/ROS_navigation_localization/catkin_ws/devel/include/tuw_waypoint_to_spline_msgs/PathToSplineRequest.h
Symlinking /home/csrobot/Desktop/NERVE_CENTER/ROS_navigation_localization/catkin_ws/devel/include/tuw_waypoint_to_spline_msgs/PathToSplineResponse.h
