[  0%] Built target geometry_msgs_generate_messages_py
[  0%] Built target std_msgs_generate_messages_py
[  0%] Built target _tuw_object_msgs_generate_messages_check_deps_ObjectWithCovarianceArrayArray
[  0%] Built target _tuw_object_msgs_generate_messages_check_deps_ObjectStamped
[  0%] Built target _tuw_object_msgs_generate_messages_check_deps_Object
[  0%] Built target _tuw_object_msgs_generate_messages_check_deps_ObjectDetection
[  0%] Built target _tuw_object_msgs_generate_messages_check_deps_ObjectWithCovarianceArray
[  0%] Built target _tuw_object_msgs_generate_messages_check_deps_ObjectWithCovariance
[  0%] Built target _tuw_object_msgs_generate_messages_check_deps_ObjectWithCovarianceStamped
[  0%] Built target std_msgs_generate_messages_lisp
[  0%] Built target geometry_msgs_generate_messages_lisp
[  0%] Built target std_msgs_generate_messages_nodejs
[  0%] Built target geometry_msgs_generate_messages_nodejs
[  0%] Built target geometry_msgs_generate_messages_cpp
[  0%] Built target std_msgs_generate_messages_cpp
[  0%] Built target geometry_msgs_generate_messages_eus
[  0%] Built target std_msgs_generate_messages_eus
[ 21%] Built target tuw_object_msgs_generate_messages_py
[ 40%] Built target tuw_object_msgs_generate_messages_lisp
[ 59%] Built target tuw_object_msgs_generate_messages_nodejs
[ 78%] Built target tuw_object_msgs_generate_messages_cpp
[100%] Built target tuw_object_msgs_generate_messages_eus
[100%] Built target tuw_object_msgs_generate_messages
