[35m[1mScanning dependencies of target tuw_gazebo_ros_utils[0m
[35m[1mScanning dependencies of target tuw_gazebo_plugins_gencfg[0m
[  7%] [34m[1mGenerating dynamic reconfigure files from cfg/GazeboRosBridgeModelPlugin.cfg: /home/csrobot/Desktop/NERVE_CENTER/ROS_navigation_localization/catkin_ws/devel/.private/tuw_gazebo_plugins/include/tuw_gazebo_plugins/GazeboRosBridgeModelPluginConfig.h /home/csrobot/Desktop/NERVE_CENTER/ROS_navigation_localization/catkin_ws/devel/.private/tuw_gazebo_plugins/lib/python2.7/dist-packages/tuw_gazebo_plugins/cfg/GazeboRosBridgeModelPluginConfig.py[0m
[ 14%] [34m[1mGenerating dynamic reconfigure files from cfg/GazeboRosHumanReceiverPlugin.cfg: /home/csrobot/Desktop/NERVE_CENTER/ROS_navigation_localization/catkin_ws/devel/.private/tuw_gazebo_plugins/include/tuw_gazebo_plugins/GazeboRosHumanReceiverPluginConfig.h /home/csrobot/Desktop/NERVE_CENTER/ROS_navigation_localization/catkin_ws/devel/.private/tuw_gazebo_plugins/lib/python2.7/dist-packages/tuw_gazebo_plugins/cfg/GazeboRosHumanReceiverPluginConfig.py[0m
Generating reconfiguration files for GazeboRosBridgeModelPlugin in tuw_gazebo_plugins
Wrote header file in /home/csrobot/Desktop/NERVE_CENTER/ROS_navigation_localization/catkin_ws/devel/.private/tuw_gazebo_plugins/include/tuw_gazebo_plugins/GazeboRosBridgeModelPluginConfig.h
Generating reconfiguration files for GazeboRosHumanReceiver in tuw_gazebo_plugins
Wrote header file in /home/csrobot/Desktop/NERVE_CENTER/ROS_navigation_localization/catkin_ws/devel/.private/tuw_gazebo_plugins/include/tuw_gazebo_plugins/GazeboRosHumanReceiverConfig.h
[ 21%] [34m[1mGenerating dynamic reconfigure files from cfg/ConeDetectionSim.cfg: /home/csrobot/Desktop/NERVE_CENTER/ROS_navigation_localization/catkin_ws/devel/.private/tuw_gazebo_plugins/include/tuw_gazebo_plugins/ConeDetectionSimConfig.h /home/csrobot/Desktop/NERVE_CENTER/ROS_navigation_localization/catkin_ws/devel/.private/tuw_gazebo_plugins/lib/python2.7/dist-packages/tuw_gazebo_plugins/cfg/ConeDetectionSimConfig.py[0m
Generating reconfiguration files for ConeDetectionSim in tuw_gazebo_plugins
Wrote header file in /home/csrobot/Desktop/NERVE_CENTER/ROS_navigation_localization/catkin_ws/devel/.private/tuw_gazebo_plugins/include/tuw_gazebo_plugins/ConeDetectionSimConfig.h
[ 21%] Built target tuw_gazebo_plugins_gencfg
[ 28%] [32mBuilding CXX object CMakeFiles/tuw_gazebo_ros_utils.dir/src/gazebo_ros_utils.cpp.o[0m
[ 35%] [32mBuilding CXX object CMakeFiles/tuw_gazebo_ros_utils.dir/src/noise_sim_model.cpp.o[0m
[ 42%] [32m[1mLinking CXX shared library /home/csrobot/Desktop/NERVE_CENTER/ROS_navigation_localization/catkin_ws/devel/.private/tuw_gazebo_plugins/lib/libtuw_gazebo_ros_utils.so[0m
[ 42%] Built target tuw_gazebo_ros_utils
[35m[1mScanning dependencies of target tuw_gazebo_ros_bridge_model[0m
[35m[1mScanning dependencies of target tuw_gazebo_ros_door_plugin[0m
[35m[1mScanning dependencies of target tuw_gazebo_ros_imu9dof[0m
[35m[1mScanning dependencies of target tuw_gazebo_ros_diff_drive[0m
[ 50%] [32mBuilding CXX object CMakeFiles/tuw_gazebo_ros_door_plugin.dir/src/gazebo_ros_door_plugin.cpp.o[0m
[ 57%] [32mBuilding CXX object CMakeFiles/tuw_gazebo_ros_bridge_model.dir/src/gazebo_ros_bridge_model.cpp.o[0m
[ 64%] [32mBuilding CXX object CMakeFiles/tuw_gazebo_ros_diff_drive.dir/src/gazebo_ros_diff_drive.cpp.o[0m
[ 71%] [32mBuilding CXX object CMakeFiles/tuw_gazebo_ros_imu9dof.dir/src/gazebo_ros_imu9dof.cpp.o[0m
[ 78%] [32m[1mLinking CXX shared library /home/csrobot/Desktop/NERVE_CENTER/ROS_navigation_localization/catkin_ws/devel/.private/tuw_gazebo_plugins/lib/libtuw_gazebo_ros_door_plugin.so[0m
[ 78%] Built target tuw_gazebo_ros_door_plugin
[ 85%] [32m[1mLinking CXX shared library /home/csrobot/Desktop/NERVE_CENTER/ROS_navigation_localization/catkin_ws/devel/.private/tuw_gazebo_plugins/lib/libtuw_gazebo_ros_imu9dof.so[0m
[ 85%] Built target tuw_gazebo_ros_imu9dof
[ 92%] [32m[1mLinking CXX shared library /home/csrobot/Desktop/NERVE_CENTER/ROS_navigation_localization/catkin_ws/devel/.private/tuw_gazebo_plugins/lib/libtuw_gazebo_ros_diff_drive.so[0m
[ 92%] Built target tuw_gazebo_ros_diff_drive
[100%] [32m[1mLinking CXX shared library /home/csrobot/Desktop/NERVE_CENTER/ROS_navigation_localization/catkin_ws/devel/.private/tuw_gazebo_plugins/lib/libtuw_gazebo_ros_bridge_model.so[0m
[100%] Built target tuw_gazebo_ros_bridge_model
