Symlinking /home/csrobot/Desktop/NERVE_CENTER/ROS_navigation_localization/catkin_ws/devel/share/tuw_gazebo_plugins/docs/GazeboRosHumanReceiverConfig.wikidoc
Symlinking /home/csrobot/Desktop/NERVE_CENTER/ROS_navigation_localization/catkin_ws/devel/share/tuw_gazebo_plugins/docs/GazeboRosHumanReceiverConfig.dox
Symlinking /home/csrobot/Desktop/NERVE_CENTER/ROS_navigation_localization/catkin_ws/devel/share/tuw_gazebo_plugins/docs/ConeDetectionSimConfig.wikidoc
Symlinking /home/csrobot/Desktop/NERVE_CENTER/ROS_navigation_localization/catkin_ws/devel/share/tuw_gazebo_plugins/docs/ConeDetectionSimConfig-usage.dox
Symlinking /home/csrobot/Desktop/NERVE_CENTER/ROS_navigation_localization/catkin_ws/devel/share/tuw_gazebo_plugins/docs/GazeboRosBridgeModelPluginConfig.dox
Symlinking /home/csrobot/Desktop/NERVE_CENTER/ROS_navigation_localization/catkin_ws/devel/share/tuw_gazebo_plugins/docs/GazeboRosBridgeModelPluginConfig.wikidoc
Symlinking /home/csrobot/Desktop/NERVE_CENTER/ROS_navigation_localization/catkin_ws/devel/share/tuw_gazebo_plugins/docs/ConeDetectionSimConfig.dox
Symlinking /home/csrobot/Desktop/NERVE_CENTER/ROS_navigation_localization/catkin_ws/devel/share/tuw_gazebo_plugins/docs/GazeboRosHumanReceiverConfig-usage.dox
Symlinking /home/csrobot/Desktop/NERVE_CENTER/ROS_navigation_localization/catkin_ws/devel/share/tuw_gazebo_plugins/docs/GazeboRosBridgeModelPluginConfig-usage.dox
Symlinking /home/csrobot/Desktop/NERVE_CENTER/ROS_navigation_localization/catkin_ws/devel/share/tuw_gazebo_plugins/cmake/tuw_gazebo_pluginsConfig-version.cmake
Symlinking /home/csrobot/Desktop/NERVE_CENTER/ROS_navigation_localization/catkin_ws/devel/share/tuw_gazebo_plugins/cmake/tuw_gazebo_pluginsConfig.cmake
Symlinking /home/csrobot/Desktop/NERVE_CENTER/ROS_navigation_localization/catkin_ws/devel/lib/libtuw_gazebo_ros_door_plugin.so
Symlinking /home/csrobot/Desktop/NERVE_CENTER/ROS_navigation_localization/catkin_ws/devel/lib/libtuw_gazebo_ros_diff_drive.so
Symlinking /home/csrobot/Desktop/NERVE_CENTER/ROS_navigation_localization/catkin_ws/devel/lib/libtuw_gazebo_ros_utils.so
Symlinking /home/csrobot/Desktop/NERVE_CENTER/ROS_navigation_localization/catkin_ws/devel/lib/libtuw_gazebo_ros_bridge_model.so
Symlinking /home/csrobot/Desktop/NERVE_CENTER/ROS_navigation_localization/catkin_ws/devel/lib/libtuw_gazebo_ros_imu9dof.so
Symlinking /home/csrobot/Desktop/NERVE_CENTER/ROS_navigation_localization/catkin_ws/devel/lib/pkgconfig/tuw_gazebo_plugins.pc
Symlinking /home/csrobot/Desktop/NERVE_CENTER/ROS_navigation_localization/catkin_ws/devel/lib/python2.7/dist-packages/gazebo_plugins/__init__.py
Symlinking /home/csrobot/Desktop/NERVE_CENTER/ROS_navigation_localization/catkin_ws/devel/lib/python2.7/dist-packages/tuw_gazebo_plugins/__init__.py
Symlinking /home/csrobot/Desktop/NERVE_CENTER/ROS_navigation_localization/catkin_ws/devel/lib/python2.7/dist-packages/tuw_gazebo_plugins/cfg/__init__.py
Symlinking /home/csrobot/Desktop/NERVE_CENTER/ROS_navigation_localization/catkin_ws/devel/lib/python2.7/dist-packages/tuw_gazebo_plugins/cfg/GazeboRosHumanReceiverConfig.py
Symlinking /home/csrobot/Desktop/NERVE_CENTER/ROS_navigation_localization/catkin_ws/devel/lib/python2.7/dist-packages/tuw_gazebo_plugins/cfg/ConeDetectionSimConfig.py
Symlinking /home/csrobot/Desktop/NERVE_CENTER/ROS_navigation_localization/catkin_ws/devel/lib/python2.7/dist-packages/tuw_gazebo_plugins/cfg/GazeboRosBridgeModelPluginConfig.py
Symlinking /home/csrobot/Desktop/NERVE_CENTER/ROS_navigation_localization/catkin_ws/devel/include/tuw_gazebo_plugins/ConeDetectionSimConfig.h
Symlinking /home/csrobot/Desktop/NERVE_CENTER/ROS_navigation_localization/catkin_ws/devel/include/tuw_gazebo_plugins/GazeboRosBridgeModelPluginConfig.h
Symlinking /home/csrobot/Desktop/NERVE_CENTER/ROS_navigation_localization/catkin_ws/devel/include/tuw_gazebo_plugins/GazeboRosHumanReceiverConfig.h
