[  0%] Built target std_msgs_generate_messages_nodejs
[  0%] Built target _tuw_geometry_msgs_generate_messages_check_deps_LineSegment
[  0%] Built target _tuw_geometry_msgs_generate_messages_check_deps_LineSegments
[  0%] Built target geometry_msgs_generate_messages_nodejs
[  0%] Built target _tuw_geometry_msgs_generate_messages_check_deps_WeightedPoseWithCovarianceArray
[  0%] Built target _tuw_geometry_msgs_generate_messages_check_deps_WeightedPoseWithCovariance
[  0%] Built target geometry_msgs_generate_messages_py
[  0%] Built target std_msgs_generate_messages_py
[  0%] Built target geometry_msgs_generate_messages_cpp
[  0%] Built target std_msgs_generate_messages_cpp
[  0%] Built target geometry_msgs_generate_messages_eus
[  0%] Built target std_msgs_generate_messages_eus
[  0%] Built target geometry_msgs_generate_messages_lisp
[  0%] Built target std_msgs_generate_messages_lisp
[  0%] Built target _catkin_empty_exported_target
[ 15%] Built target tuw_geometry_msgs_generate_messages_nodejs
[ 34%] Built target tuw_geometry_msgs_generate_messages_py
[ 53%] Built target tuw_geometry_msgs_generate_messages_eus
[ 69%] Built target tuw_geometry_msgs_generate_messages_cpp
[ 84%] Built target tuw_geometry_msgs_generate_messages_lisp
[ 84%] Built target tuw_geometry_msgs_generate_messages
[100%] Built target tuw_geometry_msgs
