[35m[1mScanning dependencies of target _tuw_geometry_msgs_generate_messages_check_deps_LineSegment[0m
[35m[1mScanning dependencies of target std_msgs_generate_messages_nodejs[0m
[  0%] Built target std_msgs_generate_messages_nodejs
[  0%] Built target _tuw_geometry_msgs_generate_messages_check_deps_LineSegment
[35m[1mScanning dependencies of target _tuw_geometry_msgs_generate_messages_check_deps_LineSegments[0m
[  0%] Built target _tuw_geometry_msgs_generate_messages_check_deps_LineSegments
[35m[1mScanning dependencies of target geometry_msgs_generate_messages_nodejs[0m
[  0%] Built target geometry_msgs_generate_messages_nodejs
[35m[1mScanning dependencies of target _tuw_geometry_msgs_generate_messages_check_deps_WeightedPoseWithCovarianceArray[0m
[  0%] Built target _tuw_geometry_msgs_generate_messages_check_deps_WeightedPoseWithCovarianceArray
[35m[1mScanning dependencies of target _tuw_geometry_msgs_generate_messages_check_deps_WeightedPoseWithCovariance[0m
[  0%] Built target _tuw_geometry_msgs_generate_messages_check_deps_WeightedPoseWithCovariance
[35m[1mScanning dependencies of target geometry_msgs_generate_messages_py[0m
[  0%] Built target geometry_msgs_generate_messages_py
[35m[1mScanning dependencies of target std_msgs_generate_messages_py[0m
[  0%] Built target std_msgs_generate_messages_py
[35m[1mScanning dependencies of target geometry_msgs_generate_messages_cpp[0m
[  0%] Built target geometry_msgs_generate_messages_cpp
[35m[1mScanning dependencies of target std_msgs_generate_messages_cpp[0m
[  0%] Built target std_msgs_generate_messages_cpp
[35m[1mScanning dependencies of target geometry_msgs_generate_messages_eus[0m
[  0%] Built target geometry_msgs_generate_messages_eus
[35m[1mScanning dependencies of target std_msgs_generate_messages_eus[0m
[  0%] Built target std_msgs_generate_messages_eus
[35m[1mScanning dependencies of target geometry_msgs_generate_messages_lisp[0m
[  0%] Built target geometry_msgs_generate_messages_lisp
[35m[1mScanning dependencies of target std_msgs_generate_messages_lisp[0m
[  0%] Built target std_msgs_generate_messages_lisp
[35m[1mScanning dependencies of target _catkin_empty_exported_target[0m
[  0%] Built target _catkin_empty_exported_target
[35m[1mScanning dependencies of target tuw_geometry_msgs_generate_messages_nodejs[0m
[  3%] [34m[1mGenerating Javascript code from tuw_geometry_msgs/WeightedPoseWithCovarianceArray.msg[0m
[  7%] [34m[1mGenerating Javascript code from tuw_geometry_msgs/WeightedPoseWithCovariance.msg[0m
[ 11%] [34m[1mGenerating Javascript code from tuw_geometry_msgs/LineSegments.msg[0m
[ 15%] [34m[1mGenerating Javascript code from tuw_geometry_msgs/LineSegment.msg[0m
[ 15%] Built target tuw_geometry_msgs_generate_messages_nodejs
[35m[1mScanning dependencies of target tuw_geometry_msgs_generate_messages_py[0m
[ 19%] [34m[1mGenerating Python from MSG tuw_geometry_msgs/WeightedPoseWithCovarianceArray[0m
[ 23%] [34m[1mGenerating Python from MSG tuw_geometry_msgs/WeightedPoseWithCovariance[0m
[35m[1mScanning dependencies of target tuw_geometry_msgs_generate_messages_cpp[0m
[ 26%] [34m[1mGenerating C++ code from tuw_geometry_msgs/WeightedPoseWithCovarianceArray.msg[0m
[ 30%] [34m[1mGenerating Python from MSG tuw_geometry_msgs/LineSegments[0m
[ 34%] [34m[1mGenerating Python from MSG tuw_geometry_msgs/LineSegment[0m
[ 38%] [34m[1mGenerating C++ code from tuw_geometry_msgs/WeightedPoseWithCovariance.msg[0m
[ 42%] [34m[1mGenerating Python msg __init__.py for tuw_geometry_msgs[0m
[ 46%] [34m[1mGenerating C++ code from tuw_geometry_msgs/LineSegments.msg[0m
[ 50%] [34m[1mGenerating C++ code from tuw_geometry_msgs/LineSegment.msg[0m
[ 50%] Built target tuw_geometry_msgs_generate_messages_py
[35m[1mScanning dependencies of target tuw_geometry_msgs_generate_messages_eus[0m
[ 53%] [34m[1mGenerating EusLisp code from tuw_geometry_msgs/WeightedPoseWithCovarianceArray.msg[0m
[ 57%] [34m[1mGenerating EusLisp code from tuw_geometry_msgs/WeightedPoseWithCovariance.msg[0m
[ 57%] Built target tuw_geometry_msgs_generate_messages_cpp
[ 61%] [34m[1mGenerating EusLisp code from tuw_geometry_msgs/LineSegments.msg[0m
[ 65%] [34m[1mGenerating EusLisp code from tuw_geometry_msgs/LineSegment.msg[0m
[ 69%] [34m[1mGenerating EusLisp manifest code for tuw_geometry_msgs[0m
[35m[1mScanning dependencies of target tuw_geometry_msgs_generate_messages_lisp[0m
[ 76%] [34m[1mGenerating Lisp code from tuw_geometry_msgs/WeightedPoseWithCovarianceArray.msg[0m
[ 76%] [34m[1mGenerating Lisp code from tuw_geometry_msgs/WeightedPoseWithCovariance.msg[0m
[ 80%] [34m[1mGenerating Lisp code from tuw_geometry_msgs/LineSegments.msg[0m
[ 84%] [34m[1mGenerating Lisp code from tuw_geometry_msgs/LineSegment.msg[0m
[ 84%] Built target tuw_geometry_msgs_generate_messages_lisp
[ 84%] Built target tuw_geometry_msgs_generate_messages_eus
[35m[1mScanning dependencies of target tuw_geometry_msgs_generate_messages[0m
[ 84%] Built target tuw_geometry_msgs_generate_messages
[35m[1mScanning dependencies of target tuw_geometry_msgs[0m
[ 88%] [32mBuilding CXX object CMakeFiles/tuw_geometry_msgs.dir/src/pose.cpp.o[0m
[ 92%] [32mBuilding CXX object CMakeFiles/tuw_geometry_msgs.dir/src/pose_stamped.cpp.o[0m
[ 96%] [32mBuilding CXX object CMakeFiles/tuw_geometry_msgs.dir/src/point.cpp.o[0m
[100%] [32m[1mLinking CXX shared library /home/csrobot/Desktop/NERVE_CENTER/ROS_navigation_localization/catkin_ws/devel/.private/tuw_geometry_msgs/lib/libtuw_geometry_msgs.so[0m
[100%] Built target tuw_geometry_msgs
