Symlinking /home/csrobot/Desktop/NERVE_CENTER/ROS_navigation_localization/catkin_ws/devel/share/roseus/ros/tuw_gazebo_msgs/manifest.l
Symlinking /home/csrobot/Desktop/NERVE_CENTER/ROS_navigation_localization/catkin_ws/devel/share/roseus/ros/tuw_gazebo_msgs/msg/JointCmd.l
Symlinking /home/csrobot/Desktop/NERVE_CENTER/ROS_navigation_localization/catkin_ws/devel/share/roseus/ros/tuw_gazebo_msgs/msg/JointsMeasureI4ws.l
Symlinking /home/csrobot/Desktop/NERVE_CENTER/ROS_navigation_localization/catkin_ws/devel/share/roseus/ros/tuw_gazebo_msgs/msg/Measure.l
Symlinking /home/csrobot/Desktop/NERVE_CENTER/ROS_navigation_localization/catkin_ws/devel/share/roseus/ros/tuw_gazebo_msgs/msg/JointState.l
Symlinking /home/csrobot/Desktop/NERVE_CENTER/ROS_navigation_localization/catkin_ws/devel/share/roseus/ros/tuw_gazebo_msgs/msg/JointsCmdI4ws.l
Symlinking /home/csrobot/Desktop/NERVE_CENTER/ROS_navigation_localization/catkin_ws/devel/share/tuw_gazebo_msgs/cmake/tuw_gazebo_msgsConfig.cmake
Symlinking /home/csrobot/Desktop/NERVE_CENTER/ROS_navigation_localization/catkin_ws/devel/share/tuw_gazebo_msgs/cmake/tuw_gazebo_msgsConfig-version.cmake
Symlinking /home/csrobot/Desktop/NERVE_CENTER/ROS_navigation_localization/catkin_ws/devel/share/tuw_gazebo_msgs/cmake/tuw_gazebo_msgs-msg-extras.cmake
Symlinking /home/csrobot/Desktop/NERVE_CENTER/ROS_navigation_localization/catkin_ws/devel/share/tuw_gazebo_msgs/cmake/tuw_gazebo_msgs-msg-paths.cmake
Symlinking /home/csrobot/Desktop/NERVE_CENTER/ROS_navigation_localization/catkin_ws/devel/share/common-lisp/ros/tuw_gazebo_msgs/msg/JointsMeasureI4ws.lisp
Symlinking /home/csrobot/Desktop/NERVE_CENTER/ROS_navigation_localization/catkin_ws/devel/share/common-lisp/ros/tuw_gazebo_msgs/msg/_package_JointsMeasureI4ws.lisp
Symlinking /home/csrobot/Desktop/NERVE_CENTER/ROS_navigation_localization/catkin_ws/devel/share/common-lisp/ros/tuw_gazebo_msgs/msg/_package_JointCmd.lisp
Symlinking /home/csrobot/Desktop/NERVE_CENTER/ROS_navigation_localization/catkin_ws/devel/share/common-lisp/ros/tuw_gazebo_msgs/msg/_package_JointsCmdI4ws.lisp
Symlinking /home/csrobot/Desktop/NERVE_CENTER/ROS_navigation_localization/catkin_ws/devel/share/common-lisp/ros/tuw_gazebo_msgs/msg/tuw_gazebo_msgs-msg.asd
Symlinking /home/csrobot/Desktop/NERVE_CENTER/ROS_navigation_localization/catkin_ws/devel/share/common-lisp/ros/tuw_gazebo_msgs/msg/JointState.lisp
Symlinking /home/csrobot/Desktop/NERVE_CENTER/ROS_navigation_localization/catkin_ws/devel/share/common-lisp/ros/tuw_gazebo_msgs/msg/JointCmd.lisp
Symlinking /home/csrobot/Desktop/NERVE_CENTER/ROS_navigation_localization/catkin_ws/devel/share/common-lisp/ros/tuw_gazebo_msgs/msg/JointsCmdI4ws.lisp
Symlinking /home/csrobot/Desktop/NERVE_CENTER/ROS_navigation_localization/catkin_ws/devel/share/common-lisp/ros/tuw_gazebo_msgs/msg/_package_Measure.lisp
Symlinking /home/csrobot/Desktop/NERVE_CENTER/ROS_navigation_localization/catkin_ws/devel/share/common-lisp/ros/tuw_gazebo_msgs/msg/_package.lisp
Symlinking /home/csrobot/Desktop/NERVE_CENTER/ROS_navigation_localization/catkin_ws/devel/share/common-lisp/ros/tuw_gazebo_msgs/msg/_package_JointState.lisp
Symlinking /home/csrobot/Desktop/NERVE_CENTER/ROS_navigation_localization/catkin_ws/devel/share/common-lisp/ros/tuw_gazebo_msgs/msg/Measure.lisp
Symlinking /home/csrobot/Desktop/NERVE_CENTER/ROS_navigation_localization/catkin_ws/devel/share/gennodejs/ros/tuw_gazebo_msgs/_index.js
Symlinking /home/csrobot/Desktop/NERVE_CENTER/ROS_navigation_localization/catkin_ws/devel/share/gennodejs/ros/tuw_gazebo_msgs/msg/Measure.js
Symlinking /home/csrobot/Desktop/NERVE_CENTER/ROS_navigation_localization/catkin_ws/devel/share/gennodejs/ros/tuw_gazebo_msgs/msg/_index.js
Symlinking /home/csrobot/Desktop/NERVE_CENTER/ROS_navigation_localization/catkin_ws/devel/share/gennodejs/ros/tuw_gazebo_msgs/msg/JointState.js
Symlinking /home/csrobot/Desktop/NERVE_CENTER/ROS_navigation_localization/catkin_ws/devel/share/gennodejs/ros/tuw_gazebo_msgs/msg/JointCmd.js
Symlinking /home/csrobot/Desktop/NERVE_CENTER/ROS_navigation_localization/catkin_ws/devel/share/gennodejs/ros/tuw_gazebo_msgs/msg/JointsCmdI4ws.js
Symlinking /home/csrobot/Desktop/NERVE_CENTER/ROS_navigation_localization/catkin_ws/devel/share/gennodejs/ros/tuw_gazebo_msgs/msg/JointsMeasureI4ws.js
Symlinking /home/csrobot/Desktop/NERVE_CENTER/ROS_navigation_localization/catkin_ws/devel/lib/pkgconfig/tuw_gazebo_msgs.pc
Symlinking /home/csrobot/Desktop/NERVE_CENTER/ROS_navigation_localization/catkin_ws/devel/lib/python2.7/dist-packages/tuw_gazebo_msgs/__init__.py
Symlinking /home/csrobot/Desktop/NERVE_CENTER/ROS_navigation_localization/catkin_ws/devel/lib/python2.7/dist-packages/tuw_gazebo_msgs/msg/__init__.py
Symlinking /home/csrobot/Desktop/NERVE_CENTER/ROS_navigation_localization/catkin_ws/devel/lib/python2.7/dist-packages/tuw_gazebo_msgs/msg/_Measure.py
Symlinking /home/csrobot/Desktop/NERVE_CENTER/ROS_navigation_localization/catkin_ws/devel/lib/python2.7/dist-packages/tuw_gazebo_msgs/msg/_JointCmd.py
Symlinking /home/csrobot/Desktop/NERVE_CENTER/ROS_navigation_localization/catkin_ws/devel/lib/python2.7/dist-packages/tuw_gazebo_msgs/msg/_JointState.py
Symlinking /home/csrobot/Desktop/NERVE_CENTER/ROS_navigation_localization/catkin_ws/devel/lib/python2.7/dist-packages/tuw_gazebo_msgs/msg/_JointsCmdI4ws.py
Symlinking /home/csrobot/Desktop/NERVE_CENTER/ROS_navigation_localization/catkin_ws/devel/lib/python2.7/dist-packages/tuw_gazebo_msgs/msg/_JointsMeasureI4ws.py
Symlinking /home/csrobot/Desktop/NERVE_CENTER/ROS_navigation_localization/catkin_ws/devel/include/tuw_gazebo_msgs/JointsMeasureI4ws.h
Symlinking /home/csrobot/Desktop/NERVE_CENTER/ROS_navigation_localization/catkin_ws/devel/include/tuw_gazebo_msgs/JointState.h
Symlinking /home/csrobot/Desktop/NERVE_CENTER/ROS_navigation_localization/catkin_ws/devel/include/tuw_gazebo_msgs/JointCmd.h
Symlinking /home/csrobot/Desktop/NERVE_CENTER/ROS_navigation_localization/catkin_ws/devel/include/tuw_gazebo_msgs/Measure.h
Symlinking /home/csrobot/Desktop/NERVE_CENTER/ROS_navigation_localization/catkin_ws/devel/include/tuw_gazebo_msgs/JointsCmdI4ws.h
