[35m[1mScanning dependencies of target _tuw_gazebo_msgs_generate_messages_check_deps_JointsMeasureI4ws[0m
[35m[1mScanning dependencies of target _tuw_gazebo_msgs_generate_messages_check_deps_JointCmd[0m
[35m[1mScanning dependencies of target _tuw_gazebo_msgs_generate_messages_check_deps_JointsCmdI4ws[0m
[35m[1mScanning dependencies of target _tuw_gazebo_msgs_generate_messages_check_deps_JointState[0m
[35m[1mScanning dependencies of target std_msgs_generate_messages_cpp[0m
[  0%] Built target std_msgs_generate_messages_cpp
[  0%] Built target _tuw_gazebo_msgs_generate_messages_check_deps_JointsMeasureI4ws
[  0%] Built target _tuw_gazebo_msgs_generate_messages_check_deps_JointsCmdI4ws
[35m[1mScanning dependencies of target _tuw_gazebo_msgs_generate_messages_check_deps_Measure[0m
[  0%] Built target _tuw_gazebo_msgs_generate_messages_check_deps_JointCmd
[  0%] Built target _tuw_gazebo_msgs_generate_messages_check_deps_JointState
[35m[1mScanning dependencies of target std_msgs_generate_messages_lisp[0m
[35m[1mScanning dependencies of target std_msgs_generate_messages_eus[0m
[35m[1mScanning dependencies of target std_msgs_generate_messages_nodejs[0m
[35m[1mScanning dependencies of target std_msgs_generate_messages_py[0m
[  0%] Built target std_msgs_generate_messages_lisp
[  0%] Built target std_msgs_generate_messages_nodejs
[  0%] Built target std_msgs_generate_messages_eus
[  0%] Built target std_msgs_generate_messages_py
[  0%] Built target _tuw_gazebo_msgs_generate_messages_check_deps_Measure
[35m[1mScanning dependencies of target tuw_gazebo_msgs_generate_messages_eus[0m
[35m[1mScanning dependencies of target tuw_gazebo_msgs_generate_messages_cpp[0m
[35m[1mScanning dependencies of target tuw_gazebo_msgs_generate_messages_lisp[0m
[35m[1mScanning dependencies of target tuw_gazebo_msgs_generate_messages_nodejs[0m
[35m[1mScanning dependencies of target tuw_gazebo_msgs_generate_messages_py[0m
[  7%] [34m[1mGenerating Lisp code from tuw_gazebo_msgs/JointsCmdI4ws.msg[0m
[  7%] [34m[1mGenerating C++ code from tuw_gazebo_msgs/JointsCmdI4ws.msg[0m
[ 14%] [34m[1mGenerating Javascript code from tuw_gazebo_msgs/JointsCmdI4ws.msg[0m
[ 14%] [34m[1mGenerating EusLisp code from tuw_gazebo_msgs/JointsCmdI4ws.msg[0m
[ 18%] [34m[1mGenerating Python from MSG tuw_gazebo_msgs/JointsCmdI4ws[0m
[ 22%] [34m[1mGenerating Lisp code from tuw_gazebo_msgs/JointCmd.msg[0m
[ 25%] [34m[1mGenerating Javascript code from tuw_gazebo_msgs/JointCmd.msg[0m
[ 29%] [34m[1mGenerating EusLisp code from tuw_gazebo_msgs/JointCmd.msg[0m
[ 33%] [34m[1mGenerating Lisp code from tuw_gazebo_msgs/Measure.msg[0m
[ 37%] [34m[1mGenerating Javascript code from tuw_gazebo_msgs/Measure.msg[0m
[ 44%] [34m[1mGenerating Lisp code from tuw_gazebo_msgs/JointsMeasureI4ws.msg[0m
[ 44%] [34m[1mGenerating Javascript code from tuw_gazebo_msgs/JointsMeasureI4ws.msg[0m
[ 48%] [34m[1mGenerating EusLisp code from tuw_gazebo_msgs/Measure.msg[0m
[ 51%] [34m[1mGenerating C++ code from tuw_gazebo_msgs/JointCmd.msg[0m
[ 55%] [34m[1mGenerating Python from MSG tuw_gazebo_msgs/JointCmd[0m
[ 59%] [34m[1mGenerating Lisp code from tuw_gazebo_msgs/JointState.msg[0m
[ 62%] [34m[1mGenerating Javascript code from tuw_gazebo_msgs/JointState.msg[0m
[ 66%] [34m[1mGenerating EusLisp code from tuw_gazebo_msgs/JointsMeasureI4ws.msg[0m
[ 66%] Built target tuw_gazebo_msgs_generate_messages_lisp
[ 66%] Built target tuw_gazebo_msgs_generate_messages_nodejs
[ 70%] [34m[1mGenerating C++ code from tuw_gazebo_msgs/Measure.msg[0m
[ 74%] [34m[1mGenerating EusLisp code from tuw_gazebo_msgs/JointState.msg[0m
[ 77%] [34m[1mGenerating EusLisp manifest code for tuw_gazebo_msgs[0m
[ 81%] [34m[1mGenerating Python from MSG tuw_gazebo_msgs/Measure[0m
[ 85%] [34m[1mGenerating C++ code from tuw_gazebo_msgs/JointsMeasureI4ws.msg[0m
[ 88%] [34m[1mGenerating Python from MSG tuw_gazebo_msgs/JointsMeasureI4ws[0m
[ 92%] [34m[1mGenerating Python from MSG tuw_gazebo_msgs/JointState[0m
[ 96%] [34m[1mGenerating C++ code from tuw_gazebo_msgs/JointState.msg[0m
[100%] [34m[1mGenerating Python msg __init__.py for tuw_gazebo_msgs[0m
[100%] Built target tuw_gazebo_msgs_generate_messages_cpp
[100%] Built target tuw_gazebo_msgs_generate_messages_py
[100%] Built target tuw_gazebo_msgs_generate_messages_eus
[35m[1mScanning dependencies of target tuw_gazebo_msgs_generate_messages[0m
[100%] Built target tuw_gazebo_msgs_generate_messages
