[  0%] Built target geometry_msgs_generate_messages_py
[  0%] Built target std_msgs_generate_messages_py
[  0%] Built target _tuw_vehicle_msgs_generate_messages_check_deps_Track
[  0%] Built target _tuw_vehicle_msgs_generate_messages_check_deps_TrackMarking
[  0%] Built target _tuw_vehicle_msgs_generate_messages_check_deps_Wheelspeeds
[  0%] Built target _tuw_vehicle_msgs_generate_messages_check_deps_ChassisState
[  0%] Built target _tuw_vehicle_msgs_generate_messages_check_deps_BatteryState
[  0%] Built target _tuw_vehicle_msgs_generate_messages_check_deps_AutonomousState
[  0%] Built target _tuw_vehicle_msgs_generate_messages_check_deps_CmdMpcVecVphi
[  0%] Built target _tuw_vehicle_msgs_generate_messages_check_deps_RWDKinCmd
[  0%] Built target _tuw_vehicle_msgs_generate_messages_check_deps_RWDControl
[  0%] Built target geometry_msgs_generate_messages_lisp
[  0%] Built target std_msgs_generate_messages_lisp
[  0%] Built target _tuw_vehicle_msgs_generate_messages_check_deps_RWDMotion
[  0%] Built target std_msgs_generate_messages_nodejs
[  0%] Built target geometry_msgs_generate_messages_nodejs
[  0%] Built target std_msgs_generate_messages_eus
[  0%] Built target geometry_msgs_generate_messages_eus
[  0%] Built target std_msgs_generate_messages_cpp
[  0%] Built target geometry_msgs_generate_messages_cpp
[  0%] Built target rosgraph_msgs_generate_messages_lisp
[  0%] Built target rosgraph_msgs_generate_messages_nodejs
[  0%] Built target rosgraph_msgs_generate_messages_py
[  0%] Built target rosgraph_msgs_generate_messages_eus
[  0%] Built target rosgraph_msgs_generate_messages_cpp
[  0%] Built target _catkin_empty_exported_target
[  0%] Built target roscpp_generate_messages_nodejs
[  0%] Built target roscpp_generate_messages_py
[  0%] Built target roscpp_generate_messages_eus
[  0%] Built target roscpp_generate_messages_lisp
[  0%] Built target roscpp_generate_messages_cpp
[ 20%] Built target tuw_vehicle_msgs_generate_messages_py
[ 38%] Built target tuw_vehicle_msgs_generate_messages_lisp
[ 57%] Built target tuw_vehicle_msgs_generate_messages_nodejs
[ 77%] Built target tuw_vehicle_msgs_generate_messages_eus
[ 96%] Built target tuw_vehicle_msgs_generate_messages_cpp
[ 96%] Built target tuw_vehicle_msgs_generate_messages
[100%] Built target tuw_vehicle_msgs
