[35m[1mScanning dependencies of target geometry_msgs_generate_messages_py[0m
[35m[1mScanning dependencies of target _tuw_vehicle_msgs_generate_messages_check_deps_Wheelspeeds[0m
[35m[1mScanning dependencies of target _tuw_vehicle_msgs_generate_messages_check_deps_TrackMarking[0m
[35m[1mScanning dependencies of target std_msgs_generate_messages_py[0m
[  0%] Built target geometry_msgs_generate_messages_py
[  0%] Built target std_msgs_generate_messages_py
[35m[1mScanning dependencies of target _tuw_vehicle_msgs_generate_messages_check_deps_Track[0m
[35m[1mScanning dependencies of target _tuw_vehicle_msgs_generate_messages_check_deps_ChassisState[0m
[  0%] Built target _tuw_vehicle_msgs_generate_messages_check_deps_Wheelspeeds
[  0%] Built target _tuw_vehicle_msgs_generate_messages_check_deps_TrackMarking
[  0%] Built target _tuw_vehicle_msgs_generate_messages_check_deps_Track
[35m[1mScanning dependencies of target _tuw_vehicle_msgs_generate_messages_check_deps_BatteryState[0m
[35m[1mScanning dependencies of target _tuw_vehicle_msgs_generate_messages_check_deps_AutonomousState[0m
[  0%] Built target _tuw_vehicle_msgs_generate_messages_check_deps_ChassisState
[  0%] Built target _tuw_vehicle_msgs_generate_messages_check_deps_BatteryState
[35m[1mScanning dependencies of target _tuw_vehicle_msgs_generate_messages_check_deps_CmdMpcVecVphi[0m
[  0%] Built target _tuw_vehicle_msgs_generate_messages_check_deps_AutonomousState
[  0%] Built target _tuw_vehicle_msgs_generate_messages_check_deps_CmdMpcVecVphi
[35m[1mScanning dependencies of target _tuw_vehicle_msgs_generate_messages_check_deps_RWDKinCmd[0m
[  0%] Built target _tuw_vehicle_msgs_generate_messages_check_deps_RWDKinCmd
[35m[1mScanning dependencies of target _tuw_vehicle_msgs_generate_messages_check_deps_RWDControl[0m
[  0%] Built target _tuw_vehicle_msgs_generate_messages_check_deps_RWDControl
[35m[1mScanning dependencies of target _tuw_vehicle_msgs_generate_messages_check_deps_RWDMotion[0m
[  0%] Built target _tuw_vehicle_msgs_generate_messages_check_deps_RWDMotion
[35m[1mScanning dependencies of target std_msgs_generate_messages_lisp[0m
[  0%] Built target std_msgs_generate_messages_lisp
[35m[1mScanning dependencies of target geometry_msgs_generate_messages_lisp[0m
[  0%] Built target geometry_msgs_generate_messages_lisp
[35m[1mScanning dependencies of target geometry_msgs_generate_messages_nodejs[0m
[  0%] Built target geometry_msgs_generate_messages_nodejs
[35m[1mScanning dependencies of target std_msgs_generate_messages_nodejs[0m
[  0%] Built target std_msgs_generate_messages_nodejs
[35m[1mScanning dependencies of target std_msgs_generate_messages_eus[0m
[  0%] Built target std_msgs_generate_messages_eus
[35m[1mScanning dependencies of target geometry_msgs_generate_messages_eus[0m
[  0%] Built target geometry_msgs_generate_messages_eus
[35m[1mScanning dependencies of target std_msgs_generate_messages_cpp[0m
[  0%] Built target std_msgs_generate_messages_cpp
[35m[1mScanning dependencies of target geometry_msgs_generate_messages_cpp[0m
[  0%] Built target geometry_msgs_generate_messages_cpp
[35m[1mScanning dependencies of target rosgraph_msgs_generate_messages_nodejs[0m
[  0%] Built target rosgraph_msgs_generate_messages_nodejs
[35m[1mScanning dependencies of target rosgraph_msgs_generate_messages_py[0m
[  0%] Built target rosgraph_msgs_generate_messages_py
[35m[1mScanning dependencies of target rosgraph_msgs_generate_messages_lisp[0m
[  0%] Built target rosgraph_msgs_generate_messages_lisp
[35m[1mScanning dependencies of target rosgraph_msgs_generate_messages_eus[0m
[  0%] Built target rosgraph_msgs_generate_messages_eus
[35m[1mScanning dependencies of target rosgraph_msgs_generate_messages_cpp[0m
[  0%] Built target rosgraph_msgs_generate_messages_cpp
[35m[1mScanning dependencies of target _catkin_empty_exported_target[0m
[  0%] Built target _catkin_empty_exported_target
[35m[1mScanning dependencies of target roscpp_generate_messages_py[0m
[  0%] Built target roscpp_generate_messages_py
[35m[1mScanning dependencies of target roscpp_generate_messages_nodejs[0m
[  0%] Built target roscpp_generate_messages_nodejs
[35m[1mScanning dependencies of target roscpp_generate_messages_eus[0m
[  0%] Built target roscpp_generate_messages_eus
[35m[1mScanning dependencies of target roscpp_generate_messages_cpp[0m
[  0%] Built target roscpp_generate_messages_cpp
[35m[1mScanning dependencies of target roscpp_generate_messages_lisp[0m
[  0%] Built target roscpp_generate_messages_lisp
[35m[1mScanning dependencies of target tuw_vehicle_msgs_generate_messages_py[0m
[  1%] [34m[1mGenerating Python from MSG tuw_vehicle_msgs/BatteryState[0m
[  3%] [34m[1mGenerating Python from MSG tuw_vehicle_msgs/AutonomousState[0m
[  5%] [34m[1mGenerating Python from MSG tuw_vehicle_msgs/Track[0m
[  7%] [34m[1mGenerating Python from MSG tuw_vehicle_msgs/RWDControl[0m
[  9%] [34m[1mGenerating Python from MSG tuw_vehicle_msgs/RWDMotion[0m
[ 11%] [34m[1mGenerating Python from MSG tuw_vehicle_msgs/ChassisState[0m
[ 12%] [34m[1mGenerating Python from MSG tuw_vehicle_msgs/RWDKinCmd[0m
[ 14%] [34m[1mGenerating Python from MSG tuw_vehicle_msgs/CmdMpcVecVphi[0m
[ 16%] [34m[1mGenerating Python from MSG tuw_vehicle_msgs/Wheelspeeds[0m
[ 18%] [34m[1mGenerating Python from MSG tuw_vehicle_msgs/TrackMarking[0m
[ 20%] [34m[1mGenerating Python msg __init__.py for tuw_vehicle_msgs[0m
[ 20%] Built target tuw_vehicle_msgs_generate_messages_py
[35m[1mScanning dependencies of target tuw_vehicle_msgs_generate_messages_lisp[0m
[35m[1mScanning dependencies of target tuw_vehicle_msgs_generate_messages_nodejs[0m
[ 22%] [34m[1mGenerating Lisp code from tuw_vehicle_msgs/BatteryState.msg[0m
[ 24%] [34m[1mGenerating Javascript code from tuw_vehicle_msgs/BatteryState.msg[0m
[ 25%] [34m[1mGenerating Lisp code from tuw_vehicle_msgs/AutonomousState.msg[0m
[ 27%] [34m[1mGenerating Javascript code from tuw_vehicle_msgs/AutonomousState.msg[0m
[ 29%] [34m[1mGenerating Lisp code from tuw_vehicle_msgs/Track.msg[0m
[ 31%] [34m[1mGenerating Javascript code from tuw_vehicle_msgs/Track.msg[0m
[ 33%] [34m[1mGenerating Lisp code from tuw_vehicle_msgs/RWDControl.msg[0m
[ 35%] [34m[1mGenerating Lisp code from tuw_vehicle_msgs/RWDMotion.msg[0m
[ 37%] [34m[1mGenerating Javascript code from tuw_vehicle_msgs/RWDControl.msg[0m
[ 38%] [34m[1mGenerating Lisp code from tuw_vehicle_msgs/RWDKinCmd.msg[0m
[ 40%] [34m[1mGenerating Lisp code from tuw_vehicle_msgs/ChassisState.msg[0m
[ 42%] [34m[1mGenerating Javascript code from tuw_vehicle_msgs/RWDMotion.msg[0m
[ 44%] [34m[1mGenerating Lisp code from tuw_vehicle_msgs/CmdMpcVecVphi.msg[0m
[ 46%] [34m[1mGenerating Javascript code from tuw_vehicle_msgs/ChassisState.msg[0m
[ 48%] [34m[1mGenerating Lisp code from tuw_vehicle_msgs/Wheelspeeds.msg[0m
[ 50%] [34m[1mGenerating Javascript code from tuw_vehicle_msgs/RWDKinCmd.msg[0m
[ 51%] [34m[1mGenerating Javascript code from tuw_vehicle_msgs/CmdMpcVecVphi.msg[0m
[ 53%] [34m[1mGenerating Lisp code from tuw_vehicle_msgs/TrackMarking.msg[0m
[ 55%] [34m[1mGenerating Javascript code from tuw_vehicle_msgs/Wheelspeeds.msg[0m
[ 55%] Built target tuw_vehicle_msgs_generate_messages_lisp
[ 57%] [34m[1mGenerating Javascript code from tuw_vehicle_msgs/TrackMarking.msg[0m
[ 57%] Built target tuw_vehicle_msgs_generate_messages_nodejs
[35m[1mScanning dependencies of target tuw_vehicle_msgs_generate_messages_eus[0m
[ 59%] [34m[1mGenerating EusLisp code from tuw_vehicle_msgs/BatteryState.msg[0m
[ 61%] [34m[1mGenerating EusLisp code from tuw_vehicle_msgs/AutonomousState.msg[0m
[ 62%] [34m[1mGenerating EusLisp code from tuw_vehicle_msgs/Track.msg[0m
[ 64%] [34m[1mGenerating EusLisp code from tuw_vehicle_msgs/RWDControl.msg[0m
[ 66%] [34m[1mGenerating EusLisp code from tuw_vehicle_msgs/RWDMotion.msg[0m
[ 68%] [34m[1mGenerating EusLisp code from tuw_vehicle_msgs/ChassisState.msg[0m
[ 70%] [34m[1mGenerating EusLisp code from tuw_vehicle_msgs/RWDKinCmd.msg[0m
[35m[1mScanning dependencies of target tuw_vehicle_msgs_generate_messages_cpp[0m
[ 72%] [34m[1mGenerating C++ code from tuw_vehicle_msgs/BatteryState.msg[0m
[ 74%] [34m[1mGenerating C++ code from tuw_vehicle_msgs/AutonomousState.msg[0m
[ 75%] [34m[1mGenerating EusLisp code from tuw_vehicle_msgs/CmdMpcVecVphi.msg[0m
[ 77%] [34m[1mGenerating C++ code from tuw_vehicle_msgs/Track.msg[0m
[ 79%] [34m[1mGenerating EusLisp code from tuw_vehicle_msgs/Wheelspeeds.msg[0m
[ 81%] [34m[1mGenerating C++ code from tuw_vehicle_msgs/RWDControl.msg[0m
[ 83%] [34m[1mGenerating EusLisp code from tuw_vehicle_msgs/TrackMarking.msg[0m
[ 85%] [34m[1mGenerating EusLisp manifest code for tuw_vehicle_msgs[0m
[ 87%] [34m[1mGenerating C++ code from tuw_vehicle_msgs/RWDMotion.msg[0m
[ 88%] [34m[1mGenerating C++ code from tuw_vehicle_msgs/ChassisState.msg[0m
[ 90%] [34m[1mGenerating C++ code from tuw_vehicle_msgs/RWDKinCmd.msg[0m
[ 92%] [34m[1mGenerating C++ code from tuw_vehicle_msgs/CmdMpcVecVphi.msg[0m
[ 94%] [34m[1mGenerating C++ code from tuw_vehicle_msgs/Wheelspeeds.msg[0m
[ 94%] Built target tuw_vehicle_msgs_generate_messages_eus
[ 96%] [34m[1mGenerating C++ code from tuw_vehicle_msgs/TrackMarking.msg[0m
[ 96%] Built target tuw_vehicle_msgs_generate_messages_cpp
[35m[1mScanning dependencies of target tuw_vehicle_msgs_generate_messages[0m
[ 96%] Built target tuw_vehicle_msgs_generate_messages
[35m[1mScanning dependencies of target tuw_vehicle_msgs[0m
[ 98%] [32mBuilding CXX object CMakeFiles/tuw_vehicle_msgs.dir/src/battery_state.cpp.o[0m
[100%] [32m[1mLinking CXX shared library /home/csrobot/Desktop/NERVE_CENTER/ROS_navigation_localization/catkin_ws/devel/.private/tuw_vehicle_msgs/lib/libtuw_vehicle_msgs.so[0m
[100%] Built target tuw_vehicle_msgs
