Symlinking /home/csrobot/Desktop/NERVE_CENTER/ROS_navigation_localization/catkin_ws/devel/share/tuw_airskin_msgs/cmake/tuw_airskin_msgs-msg-extras.cmake
Symlinking /home/csrobot/Desktop/NERVE_CENTER/ROS_navigation_localization/catkin_ws/devel/share/tuw_airskin_msgs/cmake/tuw_airskin_msgsConfig.cmake
Symlinking /home/csrobot/Desktop/NERVE_CENTER/ROS_navigation_localization/catkin_ws/devel/share/tuw_airskin_msgs/cmake/tuw_airskin_msgs-msg-paths.cmake
Symlinking /home/csrobot/Desktop/NERVE_CENTER/ROS_navigation_localization/catkin_ws/devel/share/tuw_airskin_msgs/cmake/tuw_airskin_msgsConfig-version.cmake
Symlinking /home/csrobot/Desktop/NERVE_CENTER/ROS_navigation_localization/catkin_ws/devel/share/roseus/ros/tuw_airskin_msgs/manifest.l
Symlinking /home/csrobot/Desktop/NERVE_CENTER/ROS_navigation_localization/catkin_ws/devel/share/roseus/ros/tuw_airskin_msgs/msg/AirskinPressures.l
Symlinking /home/csrobot/Desktop/NERVE_CENTER/ROS_navigation_localization/catkin_ws/devel/share/roseus/ros/tuw_airskin_msgs/msg/AirskinColors.l
Symlinking /home/csrobot/Desktop/NERVE_CENTER/ROS_navigation_localization/catkin_ws/devel/share/roseus/ros/tuw_airskin_msgs/msg/AirskinInfo.l
Symlinking /home/csrobot/Desktop/NERVE_CENTER/ROS_navigation_localization/catkin_ws/devel/share/common-lisp/ros/tuw_airskin_msgs/msg/AirskinInfo.lisp
Symlinking /home/csrobot/Desktop/NERVE_CENTER/ROS_navigation_localization/catkin_ws/devel/share/common-lisp/ros/tuw_airskin_msgs/msg/_package_AirskinPressures.lisp
Symlinking /home/csrobot/Desktop/NERVE_CENTER/ROS_navigation_localization/catkin_ws/devel/share/common-lisp/ros/tuw_airskin_msgs/msg/tuw_airskin_msgs-msg.asd
Symlinking /home/csrobot/Desktop/NERVE_CENTER/ROS_navigation_localization/catkin_ws/devel/share/common-lisp/ros/tuw_airskin_msgs/msg/AirskinPressures.lisp
Symlinking /home/csrobot/Desktop/NERVE_CENTER/ROS_navigation_localization/catkin_ws/devel/share/common-lisp/ros/tuw_airskin_msgs/msg/_package_AirskinInfo.lisp
Symlinking /home/csrobot/Desktop/NERVE_CENTER/ROS_navigation_localization/catkin_ws/devel/share/common-lisp/ros/tuw_airskin_msgs/msg/_package_AirskinColors.lisp
Symlinking /home/csrobot/Desktop/NERVE_CENTER/ROS_navigation_localization/catkin_ws/devel/share/common-lisp/ros/tuw_airskin_msgs/msg/_package.lisp
Symlinking /home/csrobot/Desktop/NERVE_CENTER/ROS_navigation_localization/catkin_ws/devel/share/common-lisp/ros/tuw_airskin_msgs/msg/AirskinColors.lisp
Symlinking /home/csrobot/Desktop/NERVE_CENTER/ROS_navigation_localization/catkin_ws/devel/share/gennodejs/ros/tuw_airskin_msgs/_index.js
Symlinking /home/csrobot/Desktop/NERVE_CENTER/ROS_navigation_localization/catkin_ws/devel/share/gennodejs/ros/tuw_airskin_msgs/msg/AirskinPressures.js
Symlinking /home/csrobot/Desktop/NERVE_CENTER/ROS_navigation_localization/catkin_ws/devel/share/gennodejs/ros/tuw_airskin_msgs/msg/AirskinColors.js
Symlinking /home/csrobot/Desktop/NERVE_CENTER/ROS_navigation_localization/catkin_ws/devel/share/gennodejs/ros/tuw_airskin_msgs/msg/_index.js
Symlinking /home/csrobot/Desktop/NERVE_CENTER/ROS_navigation_localization/catkin_ws/devel/share/gennodejs/ros/tuw_airskin_msgs/msg/AirskinInfo.js
Symlinking /home/csrobot/Desktop/NERVE_CENTER/ROS_navigation_localization/catkin_ws/devel/lib/pkgconfig/tuw_airskin_msgs.pc
Symlinking /home/csrobot/Desktop/NERVE_CENTER/ROS_navigation_localization/catkin_ws/devel/lib/python2.7/dist-packages/tuw_airskin_msgs/__init__.py
Symlinking /home/csrobot/Desktop/NERVE_CENTER/ROS_navigation_localization/catkin_ws/devel/lib/python2.7/dist-packages/tuw_airskin_msgs/msg/__init__.py
Symlinking /home/csrobot/Desktop/NERVE_CENTER/ROS_navigation_localization/catkin_ws/devel/lib/python2.7/dist-packages/tuw_airskin_msgs/msg/_AirskinInfo.py
Symlinking /home/csrobot/Desktop/NERVE_CENTER/ROS_navigation_localization/catkin_ws/devel/lib/python2.7/dist-packages/tuw_airskin_msgs/msg/_AirskinColors.py
Symlinking /home/csrobot/Desktop/NERVE_CENTER/ROS_navigation_localization/catkin_ws/devel/lib/python2.7/dist-packages/tuw_airskin_msgs/msg/_AirskinPressures.py
Symlinking /home/csrobot/Desktop/NERVE_CENTER/ROS_navigation_localization/catkin_ws/devel/include/tuw_airskin_msgs/AirskinColors.h
Symlinking /home/csrobot/Desktop/NERVE_CENTER/ROS_navigation_localization/catkin_ws/devel/include/tuw_airskin_msgs/AirskinInfo.h
Symlinking /home/csrobot/Desktop/NERVE_CENTER/ROS_navigation_localization/catkin_ws/devel/include/tuw_airskin_msgs/AirskinPressures.h
