[35m[1mScanning dependencies of target geometry_msgs_generate_messages_py[0m
[35m[1mScanning dependencies of target _tuw_airskin_msgs_generate_messages_check_deps_AirskinPressures[0m
[  0%] Built target geometry_msgs_generate_messages_py
[35m[1mScanning dependencies of target _tuw_airskin_msgs_generate_messages_check_deps_AirskinInfo[0m
[  0%] Built target _tuw_airskin_msgs_generate_messages_check_deps_AirskinPressures
[  0%] Built target _tuw_airskin_msgs_generate_messages_check_deps_AirskinInfo
[35m[1mScanning dependencies of target std_msgs_generate_messages_py[0m
[  0%] Built target std_msgs_generate_messages_py
[35m[1mScanning dependencies of target _tuw_airskin_msgs_generate_messages_check_deps_AirskinColors[0m
[  0%] Built target _tuw_airskin_msgs_generate_messages_check_deps_AirskinColors
[35m[1mScanning dependencies of target geometry_msgs_generate_messages_lisp[0m
[  0%] Built target geometry_msgs_generate_messages_lisp
[35m[1mScanning dependencies of target std_msgs_generate_messages_lisp[0m
[  0%] Built target std_msgs_generate_messages_lisp
[35m[1mScanning dependencies of target geometry_msgs_generate_messages_nodejs[0m
[  0%] Built target geometry_msgs_generate_messages_nodejs
[35m[1mScanning dependencies of target std_msgs_generate_messages_nodejs[0m
[  0%] Built target std_msgs_generate_messages_nodejs
[35m[1mScanning dependencies of target geometry_msgs_generate_messages_cpp[0m
[  0%] Built target geometry_msgs_generate_messages_cpp
[35m[1mScanning dependencies of target std_msgs_generate_messages_cpp[0m
[  0%] Built target std_msgs_generate_messages_cpp
[35m[1mScanning dependencies of target std_msgs_generate_messages_eus[0m
[35m[1mScanning dependencies of target geometry_msgs_generate_messages_eus[0m
[  0%] Built target std_msgs_generate_messages_eus
[  0%] Built target geometry_msgs_generate_messages_eus
[35m[1mScanning dependencies of target tuw_airskin_msgs_generate_messages_py[0m
[  5%] [34m[1mGenerating Python from MSG tuw_airskin_msgs/AirskinInfo[0m
[ 11%] [34m[1mGenerating Python from MSG tuw_airskin_msgs/AirskinPressures[0m
[35m[1mScanning dependencies of target tuw_airskin_msgs_generate_messages_lisp[0m
[ 17%] [34m[1mGenerating Lisp code from tuw_airskin_msgs/AirskinInfo.msg[0m
[ 23%] [34m[1mGenerating Lisp code from tuw_airskin_msgs/AirskinPressures.msg[0m
[ 29%] [34m[1mGenerating Lisp code from tuw_airskin_msgs/AirskinColors.msg[0m
[35m[1mScanning dependencies of target tuw_airskin_msgs_generate_messages_nodejs[0m
[ 35%] [34m[1mGenerating Javascript code from tuw_airskin_msgs/AirskinInfo.msg[0m
[ 41%] [34m[1mGenerating Javascript code from tuw_airskin_msgs/AirskinPressures.msg[0m
[ 47%] [34m[1mGenerating Python from MSG tuw_airskin_msgs/AirskinColors[0m
[ 47%] Built target tuw_airskin_msgs_generate_messages_lisp
[ 52%] [34m[1mGenerating Javascript code from tuw_airskin_msgs/AirskinColors.msg[0m
[35m[1mScanning dependencies of target tuw_airskin_msgs_generate_messages_cpp[0m
[ 58%] [34m[1mGenerating C++ code from tuw_airskin_msgs/AirskinInfo.msg[0m
[ 58%] Built target tuw_airskin_msgs_generate_messages_nodejs
[ 64%] [34m[1mGenerating C++ code from tuw_airskin_msgs/AirskinPressures.msg[0m
[ 70%] [34m[1mGenerating Python msg __init__.py for tuw_airskin_msgs[0m
[ 76%] [34m[1mGenerating C++ code from tuw_airskin_msgs/AirskinColors.msg[0m
[ 76%] Built target tuw_airskin_msgs_generate_messages_cpp
[ 76%] Built target tuw_airskin_msgs_generate_messages_py
[35m[1mScanning dependencies of target tuw_airskin_msgs_generate_messages_eus[0m
[ 82%] [34m[1mGenerating EusLisp code from tuw_airskin_msgs/AirskinInfo.msg[0m
[ 88%] [34m[1mGenerating EusLisp code from tuw_airskin_msgs/AirskinPressures.msg[0m
[ 94%] [34m[1mGenerating EusLisp code from tuw_airskin_msgs/AirskinColors.msg[0m
[100%] [34m[1mGenerating EusLisp manifest code for tuw_airskin_msgs[0m
[100%] Built target tuw_airskin_msgs_generate_messages_eus
[35m[1mScanning dependencies of target tuw_airskin_msgs_generate_messages[0m
[100%] Built target tuw_airskin_msgs_generate_messages
