[35m[1mScanning dependencies of target geometry_msgs_generate_messages_py[0m
[  0%] Built target geometry_msgs_generate_messages_py
[35m[1mScanning dependencies of target _tuw_local_controller_msgs_generate_messages_check_deps_ExecutePathFeedback[0m
[  0%] Built target _tuw_local_controller_msgs_generate_messages_check_deps_ExecutePathFeedback
[35m[1mScanning dependencies of target _tuw_local_controller_msgs_generate_messages_check_deps_ExecutePathActionResult[0m
[  0%] Built target _tuw_local_controller_msgs_generate_messages_check_deps_ExecutePathActionResult
[35m[1mScanning dependencies of target _tuw_local_controller_msgs_generate_messages_check_deps_ExecutePathGoal[0m
[35m[1mScanning dependencies of target _tuw_local_controller_msgs_generate_messages_check_deps_ExecutePathActionGoal[0m
[35m[1mScanning dependencies of target nav_msgs_generate_messages_py[0m
[  0%] Built target _tuw_local_controller_msgs_generate_messages_check_deps_ExecutePathGoal
[  0%] Built target nav_msgs_generate_messages_py
[  0%] Built target _tuw_local_controller_msgs_generate_messages_check_deps_ExecutePathActionGoal
[35m[1mScanning dependencies of target _tuw_local_controller_msgs_generate_messages_check_deps_ExecutePathAction[0m
[  0%] Built target _tuw_local_controller_msgs_generate_messages_check_deps_ExecutePathAction
[35m[1mScanning dependencies of target _tuw_local_controller_msgs_generate_messages_check_deps_ExecutePathActionFeedback[0m
[  0%] Built target _tuw_local_controller_msgs_generate_messages_check_deps_ExecutePathActionFeedback
[35m[1mScanning dependencies of target actionlib_msgs_generate_messages_py[0m
[  0%] Built target actionlib_msgs_generate_messages_py
[35m[1mScanning dependencies of target _tuw_local_controller_msgs_generate_messages_check_deps_ExecutePathResult[0m
[  0%] Built target _tuw_local_controller_msgs_generate_messages_check_deps_ExecutePathResult
[35m[1mScanning dependencies of target geometry_msgs_generate_messages_nodejs[0m
[  0%] Built target geometry_msgs_generate_messages_nodejs
[35m[1mScanning dependencies of target nav_msgs_generate_messages_nodejs[0m
[  0%] Built target nav_msgs_generate_messages_nodejs
[35m[1mScanning dependencies of target actionlib_msgs_generate_messages_nodejs[0m
[  0%] Built target actionlib_msgs_generate_messages_nodejs
[35m[1mScanning dependencies of target geometry_msgs_generate_messages_lisp[0m
[  0%] Built target geometry_msgs_generate_messages_lisp
[35m[1mScanning dependencies of target nav_msgs_generate_messages_lisp[0m
[  0%] Built target nav_msgs_generate_messages_lisp
[35m[1mScanning dependencies of target actionlib_msgs_generate_messages_lisp[0m
[  0%] Built target actionlib_msgs_generate_messages_lisp
[35m[1mScanning dependencies of target geometry_msgs_generate_messages_eus[0m
[  0%] Built target geometry_msgs_generate_messages_eus
[35m[1mScanning dependencies of target nav_msgs_generate_messages_eus[0m
[35m[1mScanning dependencies of target actionlib_msgs_generate_messages_eus[0m
[  0%] Built target nav_msgs_generate_messages_eus
[  0%] Built target actionlib_msgs_generate_messages_eus
[35m[1mScanning dependencies of target geometry_msgs_generate_messages_cpp[0m
[  0%] Built target geometry_msgs_generate_messages_cpp
[35m[1mScanning dependencies of target nav_msgs_generate_messages_cpp[0m
[35m[1mScanning dependencies of target actionlib_msgs_generate_messages_cpp[0m
[  0%] Built target nav_msgs_generate_messages_cpp
[  0%] Built target actionlib_msgs_generate_messages_cpp
[35m[1mScanning dependencies of target tuw_local_controller_msgs_generate_messages_py[0m
[  2%] [34m[1mGenerating Python from MSG tuw_local_controller_msgs/ExecutePathResult[0m
[35m[1mScanning dependencies of target tuw_local_controller_msgs_generate_messages_nodejs[0m
[  5%] [34m[1mGenerating Javascript code from tuw_local_controller_msgs/ExecutePathResult.msg[0m
[  8%] [34m[1mGenerating Javascript code from tuw_local_controller_msgs/ExecutePathGoal.msg[0m
[ 10%] [34m[1mGenerating Javascript code from tuw_local_controller_msgs/ExecutePathActionGoal.msg[0m
[ 13%] [34m[1mGenerating Javascript code from tuw_local_controller_msgs/ExecutePathActionResult.msg[0m
[ 16%] [34m[1mGenerating Python from MSG tuw_local_controller_msgs/ExecutePathGoal[0m
[ 18%] [34m[1mGenerating Javascript code from tuw_local_controller_msgs/ExecutePathAction.msg[0m
[ 21%] [34m[1mGenerating Javascript code from tuw_local_controller_msgs/ExecutePathActionFeedback.msg[0m
[ 24%] [34m[1mGenerating Javascript code from tuw_local_controller_msgs/ExecutePathFeedback.msg[0m
[ 24%] Built target tuw_local_controller_msgs_generate_messages_nodejs
[ 27%] [34m[1mGenerating Python from MSG tuw_local_controller_msgs/ExecutePathActionGoal[0m
[ 29%] [34m[1mGenerating Python from MSG tuw_local_controller_msgs/ExecutePathActionResult[0m
[ 32%] [34m[1mGenerating Python from MSG tuw_local_controller_msgs/ExecutePathAction[0m
[ 35%] [34m[1mGenerating Python from MSG tuw_local_controller_msgs/ExecutePathActionFeedback[0m
[ 37%] [34m[1mGenerating Python from MSG tuw_local_controller_msgs/ExecutePathFeedback[0m
[ 40%] [34m[1mGenerating Python msg __init__.py for tuw_local_controller_msgs[0m
[35m[1mScanning dependencies of target tuw_local_controller_msgs_generate_messages_lisp[0m
[ 40%] Built target tuw_local_controller_msgs_generate_messages_py
[ 43%] [34m[1mGenerating Lisp code from tuw_local_controller_msgs/ExecutePathResult.msg[0m
[ 45%] [34m[1mGenerating Lisp code from tuw_local_controller_msgs/ExecutePathGoal.msg[0m
[ 48%] [34m[1mGenerating Lisp code from tuw_local_controller_msgs/ExecutePathActionGoal.msg[0m
[ 51%] [34m[1mGenerating Lisp code from tuw_local_controller_msgs/ExecutePathActionResult.msg[0m
[ 54%] [34m[1mGenerating Lisp code from tuw_local_controller_msgs/ExecutePathAction.msg[0m
[ 56%] [34m[1mGenerating Lisp code from tuw_local_controller_msgs/ExecutePathActionFeedback.msg[0m
[ 59%] [34m[1mGenerating Lisp code from tuw_local_controller_msgs/ExecutePathFeedback.msg[0m
[ 59%] Built target tuw_local_controller_msgs_generate_messages_lisp
[35m[1mScanning dependencies of target tuw_local_controller_msgs_generate_messages_eus[0m
[ 62%] [34m[1mGenerating EusLisp code from tuw_local_controller_msgs/ExecutePathResult.msg[0m
[ 64%] [34m[1mGenerating EusLisp code from tuw_local_controller_msgs/ExecutePathGoal.msg[0m
[ 67%] [34m[1mGenerating EusLisp code from tuw_local_controller_msgs/ExecutePathActionGoal.msg[0m
[ 70%] [34m[1mGenerating EusLisp code from tuw_local_controller_msgs/ExecutePathActionResult.msg[0m
[35m[1mScanning dependencies of target tuw_local_controller_msgs_generate_messages_cpp[0m
[ 72%] [34m[1mGenerating EusLisp code from tuw_local_controller_msgs/ExecutePathAction.msg[0m
[ 75%] [34m[1mGenerating C++ code from tuw_local_controller_msgs/ExecutePathResult.msg[0m
[ 78%] [34m[1mGenerating C++ code from tuw_local_controller_msgs/ExecutePathGoal.msg[0m
[ 81%] [34m[1mGenerating C++ code from tuw_local_controller_msgs/ExecutePathActionGoal.msg[0m
[ 83%] [34m[1mGenerating EusLisp code from tuw_local_controller_msgs/ExecutePathActionFeedback.msg[0m
[ 86%] [34m[1mGenerating EusLisp code from tuw_local_controller_msgs/ExecutePathFeedback.msg[0m
[ 89%] [34m[1mGenerating C++ code from tuw_local_controller_msgs/ExecutePathActionResult.msg[0m
[ 91%] [34m[1mGenerating EusLisp manifest code for tuw_local_controller_msgs[0m
[ 94%] [34m[1mGenerating C++ code from tuw_local_controller_msgs/ExecutePathAction.msg[0m
[ 97%] [34m[1mGenerating C++ code from tuw_local_controller_msgs/ExecutePathActionFeedback.msg[0m
[100%] [34m[1mGenerating C++ code from tuw_local_controller_msgs/ExecutePathFeedback.msg[0m
[100%] Built target tuw_local_controller_msgs_generate_messages_cpp
[100%] Built target tuw_local_controller_msgs_generate_messages_eus
[35m[1mScanning dependencies of target tuw_local_controller_msgs_generate_messages[0m
[100%] Built target tuw_local_controller_msgs_generate_messages
