[  0%] Built target geometry_msgs_generate_messages_py
[  0%] Built target _tuw_local_controller_msgs_generate_messages_check_deps_ExecutePathFeedback
[  0%] Built target _tuw_local_controller_msgs_generate_messages_check_deps_ExecutePathActionResult
[  0%] Built target _tuw_local_controller_msgs_generate_messages_check_deps_ExecutePathActionGoal
[  0%] Built target _tuw_local_controller_msgs_generate_messages_check_deps_ExecutePathGoal
[  0%] Built target nav_msgs_generate_messages_py
[  0%] Built target actionlib_msgs_generate_messages_py
[  0%] Built target _tuw_local_controller_msgs_generate_messages_check_deps_ExecutePathAction
[  0%] Built target _tuw_local_controller_msgs_generate_messages_check_deps_ExecutePathActionFeedback
[  0%] Built target geometry_msgs_generate_messages_nodejs
[  0%] Built target _tuw_local_controller_msgs_generate_messages_check_deps_ExecutePathResult
[  0%] Built target nav_msgs_generate_messages_nodejs
[  0%] Built target actionlib_msgs_generate_messages_nodejs
[  0%] Built target geometry_msgs_generate_messages_lisp
[  0%] Built target nav_msgs_generate_messages_lisp
[  0%] Built target actionlib_msgs_generate_messages_lisp
[  0%] Built target geometry_msgs_generate_messages_eus
[  0%] Built target nav_msgs_generate_messages_eus
[  0%] Built target geometry_msgs_generate_messages_cpp
[  0%] Built target actionlib_msgs_generate_messages_eus
[  0%] Built target nav_msgs_generate_messages_cpp
[  0%] Built target actionlib_msgs_generate_messages_cpp
[ 21%] Built target tuw_local_controller_msgs_generate_messages_py
[ 40%] Built target tuw_local_controller_msgs_generate_messages_nodejs
[ 59%] Built target tuw_local_controller_msgs_generate_messages_lisp
[ 81%] Built target tuw_local_controller_msgs_generate_messages_eus
[100%] Built target tuw_local_controller_msgs_generate_messages_cpp
[100%] Built target tuw_local_controller_msgs_generate_messages
