Determining if the pthread_create exist failed with the following output:
Change Dir: /home/csrobot/Desktop/NERVE_CENTER/ROS_navigation_localization/catkin_ws/build/tuw_gazebo_models/CMakeFiles/CMakeTmp

Run Build Command:"/usr/bin/make" "cmTC_96dd7/fast"
/usr/bin/make -f CMakeFiles/cmTC_96dd7.dir/build.make CMakeFiles/cmTC_96dd7.dir/build
make[1]: Entering directory '/home/csrobot/Desktop/NERVE_CENTER/ROS_navigation_localization/catkin_ws/build/tuw_gazebo_models/CMakeFiles/CMakeTmp'
Building C object CMakeFiles/cmTC_96dd7.dir/CheckSymbolExists.c.o
/usr/bin/cc    -o CMakeFiles/cmTC_96dd7.dir/CheckSymbolExists.c.o   -c /home/csrobot/Desktop/NERVE_CENTER/ROS_navigation_localization/catkin_ws/build/tuw_gazebo_models/CMakeFiles/CMakeTmp/CheckSymbolExists.c
Linking C executable cmTC_96dd7
/usr/bin/cmake -E cmake_link_script CMakeFiles/cmTC_96dd7.dir/link.txt --verbose=1
/usr/bin/cc      -rdynamic CMakeFiles/cmTC_96dd7.dir/CheckSymbolExists.c.o  -o cmTC_96dd7 
CMakeFiles/cmTC_96dd7.dir/CheckSymbolExists.c.o: In function `main':
CheckSymbolExists.c:(.text+0x1b): undefined reference to `pthread_create'
collect2: error: ld returned 1 exit status
CMakeFiles/cmTC_96dd7.dir/build.make:97: recipe for target 'cmTC_96dd7' failed
make[1]: *** [cmTC_96dd7] Error 1
make[1]: Leaving directory '/home/csrobot/Desktop/NERVE_CENTER/ROS_navigation_localization/catkin_ws/build/tuw_gazebo_models/CMakeFiles/CMakeTmp'
Makefile:126: recipe for target 'cmTC_96dd7/fast' failed
make: *** [cmTC_96dd7/fast] Error 2

File /home/csrobot/Desktop/NERVE_CENTER/ROS_navigation_localization/catkin_ws/build/tuw_gazebo_models/CMakeFiles/CMakeTmp/CheckSymbolExists.c:
/* */
#include <pthread.h>

int main(int argc, char** argv)
{
  (void)argv;
#ifndef pthread_create
  return ((int*)(&pthread_create))[argc];
#else
  (void)argc;
  return 0;
#endif
}

Determining if the function pthread_create exists in the pthreads failed with the following output:
Change Dir: /home/csrobot/Desktop/NERVE_CENTER/ROS_navigation_localization/catkin_ws/build/tuw_gazebo_models/CMakeFiles/CMakeTmp

Run Build Command:"/usr/bin/make" "cmTC_3695c/fast"
/usr/bin/make -f CMakeFiles/cmTC_3695c.dir/build.make CMakeFiles/cmTC_3695c.dir/build
make[1]: Entering directory '/home/csrobot/Desktop/NERVE_CENTER/ROS_navigation_localization/catkin_ws/build/tuw_gazebo_models/CMakeFiles/CMakeTmp'
Building C object CMakeFiles/cmTC_3695c.dir/CheckFunctionExists.c.o
/usr/bin/cc   -DCHECK_FUNCTION_EXISTS=pthread_create   -o CMakeFiles/cmTC_3695c.dir/CheckFunctionExists.c.o   -c /usr/share/cmake-3.10/Modules/CheckFunctionExists.c
Linking C executable cmTC_3695c
/usr/bin/cmake -E cmake_link_script CMakeFiles/cmTC_3695c.dir/link.txt --verbose=1
/usr/bin/cc  -DCHECK_FUNCTION_EXISTS=pthread_create    -rdynamic CMakeFiles/cmTC_3695c.dir/CheckFunctionExists.c.o  -o cmTC_3695c -lpthreads 
/usr/bin/ld: cannot find -lpthreads
collect2: error: ld returned 1 exit status
CMakeFiles/cmTC_3695c.dir/build.make:97: recipe for target 'cmTC_3695c' failed
make[1]: *** [cmTC_3695c] Error 1
make[1]: Leaving directory '/home/csrobot/Desktop/NERVE_CENTER/ROS_navigation_localization/catkin_ws/build/tuw_gazebo_models/CMakeFiles/CMakeTmp'
Makefile:126: recipe for target 'cmTC_3695c/fast' failed
make: *** [cmTC_3695c/fast] Error 2


