[  0%] Built target actionlib_generate_messages_cpp
[  0%] Built target roscpp_generate_messages_cpp
[  0%] Built target geometry_msgs_generate_messages_lisp
[  0%] Built target nav_msgs_generate_messages_lisp
[  0%] Built target geometry_msgs_generate_messages_eus
[  0%] Built target sensor_msgs_generate_messages_nodejs
[  0%] Built target nav_msgs_generate_messages_cpp
[ 26%] Built target voronoi_graph_lib
[ 36%] Built target graph_serialization_lib
[ 36%] Built target sensor_msgs_generate_messages_lisp
[ 36%] Built target dynamic_reconfigure_generate_messages_cpp
[ 36%] Built target rosgraph_msgs_generate_messages_cpp
[ 36%] Built target tf_generate_messages_py
[ 36%] Built target sensor_msgs_generate_messages_py
[ 36%] Built target tuw_multi_robot_msgs_generate_messages_eus
[ 36%] Built target std_msgs_generate_messages_cpp
[ 36%] Built target actionlib_msgs_generate_messages_nodejs
[ 36%] Built target std_msgs_generate_messages_eus
[ 36%] Built target geometry_msgs_generate_messages_nodejs
[ 36%] Built target std_msgs_generate_messages_py
[ 36%] Built target dynamic_reconfigure_generate_messages_nodejs
[ 36%] Built target dynamic_reconfigure_generate_messages_lisp
[ 36%] Built target sensor_msgs_generate_messages_eus
[ 36%] Built target geometry_msgs_generate_messages_py
[ 36%] Built target dynamic_reconfigure_generate_messages_py
[ 36%] Built target sensor_msgs_generate_messages_cpp
[ 36%] Built target roscpp_generate_messages_nodejs
[ 36%] Built target dynamic_reconfigure_generate_messages_eus
[ 36%] Built target std_msgs_generate_messages_lisp
[ 36%] Built target std_msgs_generate_messages_nodejs
[ 36%] Built target roscpp_generate_messages_py
[ 36%] Built target roscpp_generate_messages_lisp
[ 36%] Built target rosgraph_msgs_generate_messages_eus
[ 36%] Built target actionlib_msgs_generate_messages_eus
[ 36%] Built target rosgraph_msgs_generate_messages_nodejs
[ 36%] Built target rosgraph_msgs_generate_messages_lisp
[ 36%] Built target roscpp_generate_messages_eus
[ 36%] Built target rosgraph_msgs_generate_messages_py
[ 36%] Built target actionlib_msgs_generate_messages_cpp
[ 36%] Built target tf_generate_messages_eus
[ 36%] Built target tf_generate_messages_lisp
[ 36%] Built target tf_generate_messages_nodejs
[ 36%] Built target geometry_msgs_generate_messages_cpp
[ 36%] Built target actionlib_generate_messages_eus
[ 36%] Built target actionlib_generate_messages_lisp
[ 36%] Built target tf_generate_messages_cpp
[ 36%] Built target actionlib_generate_messages_nodejs
[ 36%] Built target nav_msgs_generate_messages_nodejs
[ 36%] Built target tuw_multi_robot_msgs_generate_messages_cpp
[ 36%] Built target tf2_msgs_generate_messages_cpp
[ 36%] Built target nav_msgs_generate_messages_eus
[ 36%] Built target tf2_msgs_generate_messages_eus
[ 36%] Built target dynamic_reconfigure_gencfg
[ 36%] Built target nav_msgs_generate_messages_py
[ 36%] Built target tf2_msgs_generate_messages_lisp
[ 36%] Built target actionlib_generate_messages_py
[ 36%] Built target tf2_msgs_generate_messages_py
[ 36%] Built target tuw_multi_robot_msgs_generate_messages_nodejs
[ 36%] Built target tuw_multi_robot_msgs_generate_messages_lisp
[ 36%] Built target tf2_msgs_generate_messages_nodejs
[ 36%] Built target tuw_multi_robot_msgs_generate_messages_py
[ 36%] Built target actionlib_msgs_generate_messages_py
[ 36%] Built target actionlib_msgs_generate_messages_lisp
[ 52%] Built target dxf_graph_lib
[ 68%] Built target tuw_segment_to_graph_node
[ 78%] Built target voronoi_path_lib
[ 89%] Built target tuw_dxf_graph_node
[100%] Built target tuw_voronoi_graph_node
