[35m[1mScanning dependencies of target graph_serialization_lib[0m
[35m[1mScanning dependencies of target voronoi_graph_lib[0m
[35m[1mScanning dependencies of target tuw_multi_robot_msgs_generate_messages_eus[0m
[35m[1mScanning dependencies of target actionlib_msgs_generate_messages_nodejs[0m
[  0%] Built target tuw_multi_robot_msgs_generate_messages_eus
[  5%] [32mBuilding CXX object CMakeFiles/graph_serialization_lib.dir/src/serializer.cpp.o[0m
[ 10%] [32mBuilding CXX object CMakeFiles/voronoi_graph_lib.dir/src/voronoi_graph_generator.cpp.o[0m
[ 10%] Built target actionlib_msgs_generate_messages_nodejs
[35m[1mScanning dependencies of target std_msgs_generate_messages_eus[0m
[ 21%] [32mBuilding CXX object CMakeFiles/voronoi_graph_lib.dir/src/segment_expander.cpp.o[0m
[ 21%] [32mBuilding CXX object CMakeFiles/voronoi_graph_lib.dir/src/segment.cpp.o[0m
[ 26%] [32mBuilding CXX object CMakeFiles/voronoi_graph_lib.dir/src/crossing.cpp.o[0m
[35m[1mScanning dependencies of target geometry_msgs_generate_messages_nodejs[0m
[35m[1mScanning dependencies of target dynamic_reconfigure_generate_messages_lisp[0m
[ 26%] Built target std_msgs_generate_messages_eus
[ 26%] Built target dynamic_reconfigure_generate_messages_lisp
[ 26%] Built target geometry_msgs_generate_messages_nodejs
[35m[1mScanning dependencies of target std_msgs_generate_messages_py[0m
[35m[1mScanning dependencies of target dynamic_reconfigure_generate_messages_nodejs[0m
[35m[1mScanning dependencies of target geometry_msgs_generate_messages_py[0m
[ 26%] Built target std_msgs_generate_messages_py
[ 26%] Built target dynamic_reconfigure_generate_messages_nodejs
[ 26%] Built target geometry_msgs_generate_messages_py
[35m[1mScanning dependencies of target dynamic_reconfigure_generate_messages_py[0m
[35m[1mScanning dependencies of target sensor_msgs_generate_messages_cpp[0m
[ 26%] Built target dynamic_reconfigure_generate_messages_py
[35m[1mScanning dependencies of target sensor_msgs_generate_messages_eus[0m
[ 26%] Built target sensor_msgs_generate_messages_cpp
[35m[1mScanning dependencies of target roscpp_generate_messages_nodejs[0m
[ 26%] Built target sensor_msgs_generate_messages_eus
[ 26%] Built target roscpp_generate_messages_nodejs
[35m[1mScanning dependencies of target std_msgs_generate_messages_lisp[0m
[35m[1mScanning dependencies of target dynamic_reconfigure_generate_messages_eus[0m
[35m[1mScanning dependencies of target std_msgs_generate_messages_nodejs[0m
[ 26%] Built target std_msgs_generate_messages_lisp
[ 26%] Built target dynamic_reconfigure_generate_messages_eus
[35m[1mScanning dependencies of target roscpp_generate_messages_lisp[0m
[ 26%] Built target std_msgs_generate_messages_nodejs
[35m[1mScanning dependencies of target roscpp_generate_messages_py[0m
[ 26%] Built target roscpp_generate_messages_lisp
[35m[1mScanning dependencies of target rosgraph_msgs_generate_messages_eus[0m
[ 26%] Built target roscpp_generate_messages_py
[35m[1mScanning dependencies of target rosgraph_msgs_generate_messages_lisp[0m
[ 26%] Built target rosgraph_msgs_generate_messages_eus
[ 26%] Built target rosgraph_msgs_generate_messages_lisp
[35m[1mScanning dependencies of target actionlib_msgs_generate_messages_eus[0m
[35m[1mScanning dependencies of target rosgraph_msgs_generate_messages_nodejs[0m
[35m[1mScanning dependencies of target roscpp_generate_messages_eus[0m
[ 26%] Built target actionlib_msgs_generate_messages_eus
[ 26%] Built target rosgraph_msgs_generate_messages_nodejs
[ 26%] Built target roscpp_generate_messages_eus
[35m[1mScanning dependencies of target rosgraph_msgs_generate_messages_py[0m
[35m[1mScanning dependencies of target actionlib_msgs_generate_messages_cpp[0m
[35m[1mScanning dependencies of target tf_generate_messages_eus[0m
[ 26%] Built target rosgraph_msgs_generate_messages_py
[ 26%] Built target actionlib_msgs_generate_messages_cpp
[ 26%] Built target tf_generate_messages_eus
[35m[1mScanning dependencies of target tf_generate_messages_lisp[0m
[35m[1mScanning dependencies of target tf_generate_messages_nodejs[0m
[35m[1mScanning dependencies of target actionlib_generate_messages_eus[0m
[35m[1mScanning dependencies of target geometry_msgs_generate_messages_cpp[0m
[ 26%] Built target tf_generate_messages_lisp
[ 26%] Built target actionlib_generate_messages_eus
[ 26%] Built target tf_generate_messages_nodejs
[ 26%] Built target geometry_msgs_generate_messages_cpp
[35m[1mScanning dependencies of target actionlib_generate_messages_nodejs[0m
[35m[1mScanning dependencies of target tf_generate_messages_cpp[0m
[35m[1mScanning dependencies of target actionlib_generate_messages_lisp[0m
[ 26%] Built target actionlib_generate_messages_nodejs
[35m[1mScanning dependencies of target nav_msgs_generate_messages_nodejs[0m
[ 26%] Built target tf_generate_messages_cpp
[ 26%] Built target actionlib_generate_messages_lisp
[35m[1mScanning dependencies of target tf2_msgs_generate_messages_cpp[0m
[ 26%] Built target nav_msgs_generate_messages_nodejs
[35m[1mScanning dependencies of target tuw_multi_robot_msgs_generate_messages_cpp[0m
[ 26%] Built target tf2_msgs_generate_messages_cpp
[35m[1mScanning dependencies of target nav_msgs_generate_messages_eus[0m
[35m[1mScanning dependencies of target tf2_msgs_generate_messages_eus[0m
[ 26%] Built target tuw_multi_robot_msgs_generate_messages_cpp
[35m[1mScanning dependencies of target dynamic_reconfigure_gencfg[0m
[ 26%] Built target nav_msgs_generate_messages_eus
[ 26%] Built target tf2_msgs_generate_messages_eus
[35m[1mScanning dependencies of target nav_msgs_generate_messages_py[0m
[35m[1mScanning dependencies of target tf2_msgs_generate_messages_lisp[0m
[ 26%] Built target dynamic_reconfigure_gencfg
[35m[1mScanning dependencies of target actionlib_generate_messages_py[0m
[35m[1mScanning dependencies of target tf2_msgs_generate_messages_py[0m
[ 26%] Built target nav_msgs_generate_messages_py
[ 26%] Built target tf2_msgs_generate_messages_lisp
[ 26%] Built target actionlib_generate_messages_py
[ 26%] Built target tf2_msgs_generate_messages_py
[35m[1mScanning dependencies of target tf2_msgs_generate_messages_nodejs[0m
[35m[1mScanning dependencies of target tuw_multi_robot_msgs_generate_messages_lisp[0m
[35m[1mScanning dependencies of target tuw_multi_robot_msgs_generate_messages_nodejs[0m
[35m[1mScanning dependencies of target tuw_multi_robot_msgs_generate_messages_py[0m
[ 26%] Built target tf2_msgs_generate_messages_nodejs
[ 26%] Built target tuw_multi_robot_msgs_generate_messages_lisp
[ 26%] Built target tuw_multi_robot_msgs_generate_messages_nodejs
[ 26%] Built target tuw_multi_robot_msgs_generate_messages_py
[35m[1mScanning dependencies of target actionlib_msgs_generate_messages_py[0m
[35m[1mScanning dependencies of target actionlib_msgs_generate_messages_lisp[0m
[35m[1mScanning dependencies of target nav_msgs_generate_messages_lisp[0m
[35m[1mScanning dependencies of target geometry_msgs_generate_messages_lisp[0m
[ 26%] Built target actionlib_msgs_generate_messages_py
[ 26%] Built target nav_msgs_generate_messages_lisp
[ 26%] Built target actionlib_msgs_generate_messages_lisp
[ 26%] Built target geometry_msgs_generate_messages_lisp
[35m[1mScanning dependencies of target geometry_msgs_generate_messages_eus[0m
[35m[1mScanning dependencies of target sensor_msgs_generate_messages_nodejs[0m
[35m[1mScanning dependencies of target roscpp_generate_messages_cpp[0m
[35m[1mScanning dependencies of target actionlib_generate_messages_cpp[0m
[ 26%] Built target geometry_msgs_generate_messages_eus
[ 26%] Built target roscpp_generate_messages_cpp
[ 26%] Built target sensor_msgs_generate_messages_nodejs
[ 26%] Built target actionlib_generate_messages_cpp
[35m[1mScanning dependencies of target nav_msgs_generate_messages_cpp[0m
[35m[1mScanning dependencies of target sensor_msgs_generate_messages_lisp[0m
[35m[1mScanning dependencies of target rosgraph_msgs_generate_messages_cpp[0m
[35m[1mScanning dependencies of target sensor_msgs_generate_messages_py[0m
[ 26%] Built target nav_msgs_generate_messages_cpp
[ 26%] Built target sensor_msgs_generate_messages_lisp
[ 26%] Built target rosgraph_msgs_generate_messages_cpp
[ 26%] Built target sensor_msgs_generate_messages_py
[35m[1mScanning dependencies of target dynamic_reconfigure_generate_messages_cpp[0m
[35m[1mScanning dependencies of target std_msgs_generate_messages_cpp[0m
[35m[1mScanning dependencies of target tf_generate_messages_py[0m
[ 26%] Built target dynamic_reconfigure_generate_messages_cpp
[ 26%] Built target std_msgs_generate_messages_cpp
[ 26%] Built target tf_generate_messages_py
[35m[1mScanning dependencies of target tuw_segment_to_graph_node[0m
[ 31%] [32mBuilding CXX object CMakeFiles/tuw_segment_to_graph_node.dir/src/segment_to_graph_node.cpp.o[0m
[ 36%] [32m[1mLinking CXX shared library /home/csrobot/Desktop/NERVE_CENTER/ROS_navigation_localization/catkin_ws/devel/.private/tuw_voronoi_graph/lib/libvoronoi_graph_lib.so[0m
[ 36%] Built target voronoi_graph_lib
[ 42%] [32m[1mLinking CXX shared library /home/csrobot/Desktop/NERVE_CENTER/ROS_navigation_localization/catkin_ws/devel/.private/tuw_voronoi_graph/lib/libgraph_serialization_lib.so[0m
[ 42%] Built target graph_serialization_lib
[35m[1mScanning dependencies of target dxf_graph_lib[0m
[35m[1mScanning dependencies of target voronoi_path_lib[0m
[ 47%] [32mBuilding CXX object CMakeFiles/dxf_graph_lib.dir/src/dxf_to_graph.cpp.o[0m
[ 52%] [32mBuilding CXX object CMakeFiles/voronoi_path_lib.dir/src/thinning.cpp.o[0m
[ 57%] [32mBuilding CXX object CMakeFiles/voronoi_path_lib.dir/src/voronoi_path_generator.cpp.o[0m
[ 63%] [32mBuilding CXX object CMakeFiles/dxf_graph_lib.dir/src/dxf_line_arc_parser.cpp.o[0m
[ 68%] [32m[1mLinking CXX executable /home/csrobot/Desktop/NERVE_CENTER/ROS_navigation_localization/catkin_ws/devel/.private/tuw_voronoi_graph/lib/tuw_voronoi_graph/tuw_segment_to_graph_node[0m
[ 68%] Built target tuw_segment_to_graph_node
[ 73%] [32m[1mLinking CXX shared library /home/csrobot/Desktop/NERVE_CENTER/ROS_navigation_localization/catkin_ws/devel/.private/tuw_voronoi_graph/lib/libvoronoi_path_lib.so[0m
[ 73%] Built target voronoi_path_lib
[35m[1mScanning dependencies of target tuw_voronoi_graph_node[0m
[ 78%] [32mBuilding CXX object CMakeFiles/tuw_voronoi_graph_node.dir/src/voronoi_graph_node.cpp.o[0m
[ 84%] [32m[1mLinking CXX shared library /home/csrobot/Desktop/NERVE_CENTER/ROS_navigation_localization/catkin_ws/devel/.private/tuw_voronoi_graph/lib/libdxf_graph_lib.so[0m
[ 84%] Built target dxf_graph_lib
[35m[1mScanning dependencies of target tuw_dxf_graph_node[0m
[ 89%] [32mBuilding CXX object CMakeFiles/tuw_dxf_graph_node.dir/src/dxf_to_graph_node.cpp.o[0m
[ 94%] [32m[1mLinking CXX executable /home/csrobot/Desktop/NERVE_CENTER/ROS_navigation_localization/catkin_ws/devel/.private/tuw_voronoi_graph/lib/tuw_voronoi_graph/tuw_voronoi_graph_node[0m
[ 94%] Built target tuw_voronoi_graph_node
[100%] [32m[1mLinking CXX executable /home/csrobot/Desktop/NERVE_CENTER/ROS_navigation_localization/catkin_ws/devel/.private/tuw_voronoi_graph/lib/tuw_voronoi_graph/tuw_dxf_graph_node[0m
[100%] Built target tuw_dxf_graph_node
