[  0%] Built target tuw_geometry_msgs_generate_messages_cpp
[  0%] Built target std_msgs_generate_messages_cpp
[  0%] Built target nav_msgs_generate_messages_cpp
[  0%] Built target _tuw_nav_msgs_generate_messages_check_deps_IwsCmdVRAT
[  0%] Built target _tuw_nav_msgs_generate_messages_check_deps_RouteSegments
[  0%] Built target _tuw_nav_msgs_generate_messages_check_deps_JointsIWS
[  0%] Built target _tuw_nav_msgs_generate_messages_check_deps_BaseConstr
[  0%] Built target _tuw_nav_msgs_generate_messages_check_deps_ControllerState
[  0%] Built target _tuw_nav_msgs_generate_messages_check_deps_RouteSegment
[  0%] Built target std_msgs_generate_messages_nodejs
[  0%] Built target _tuw_nav_msgs_generate_messages_check_deps_DiffDriveCmdVWVec
[  0%] Built target nav_msgs_generate_messages_nodejs
[  0%] Built target tuw_geometry_msgs_generate_messages_nodejs
[  0%] Built target _tuw_nav_msgs_generate_messages_check_deps_IwsCmdVRATVec
[  0%] Built target _tuw_nav_msgs_generate_messages_check_deps_Float64Array
[  0%] Built target _tuw_nav_msgs_generate_messages_check_deps_IwsCmdVWWTVec
[  0%] Built target _tuw_nav_msgs_generate_messages_check_deps_Spline
[  0%] Built target std_msgs_generate_messages_lisp
[  0%] Built target nav_msgs_generate_messages_lisp
[  0%] Built target tuw_geometry_msgs_generate_messages_lisp
[  0%] Built target sensor_msgs_generate_messages_nodejs
[  0%] Built target _tuw_nav_msgs_generate_messages_check_deps_PathVec
[  0%] Built target roscpp_generate_messages_cpp
[  0%] Built target actionlib_generate_messages_cpp
[  0%] Built target geometry_msgs_generate_messages_py
[  0%] Built target sensor_msgs_generate_messages_eus
[  0%] Built target tf_generate_messages_nodejs
[  0%] Built target _catkin_empty_exported_target
[  0%] Built target sensor_msgs_generate_messages_cpp
[  0%] Built target sensor_msgs_generate_messages_py
[  0%] Built target tf_generate_messages_py
[  0%] Built target tf_generate_messages_lisp
[  0%] Built target actionlib_msgs_generate_messages_nodejs
[  0%] Built target roscpp_generate_messages_lisp
[  0%] Built target geometry_msgs_generate_messages_nodejs
[  0%] Built target roscpp_generate_messages_nodejs
[  0%] Built target geometry_msgs_generate_messages_eus
[  0%] Built target std_msgs_generate_messages_py
[  0%] Built target std_msgs_generate_messages_eus
[  0%] Built target nav_msgs_generate_messages_eus
[  0%] Built target tuw_geometry_msgs_generate_messages_eus
[  0%] Built target roscpp_generate_messages_py
[  0%] Built target rosgraph_msgs_generate_messages_cpp
[  0%] Built target rosgraph_msgs_generate_messages_eus
[  0%] Built target tuw_geometry_msgs_generate_messages_py
[  0%] Built target rosgraph_msgs_generate_messages_lisp
[  0%] Built target rosgraph_msgs_generate_messages_nodejs
[  0%] Built target geometry_msgs_generate_messages_cpp
[  0%] Built target actionlib_generate_messages_eus
[  0%] Built target actionlib_generate_messages_lisp
[  0%] Built target tf_generate_messages_cpp
[  0%] Built target actionlib_msgs_generate_messages_lisp
[  0%] Built target actionlib_generate_messages_nodejs
[  0%] Built target actionlib_msgs_generate_messages_py
[  0%] Built target actionlib_generate_messages_py
[  0%] Built target tf2_msgs_generate_messages_cpp
[  0%] Built target tf2_msgs_generate_messages_py
[  0%] Built target sensor_msgs_generate_messages_lisp
[  0%] Built target tf2_msgs_generate_messages_eus
[  0%] Built target tf2_msgs_generate_messages_nodejs
[  0%] Built target tf2_msgs_generate_messages_lisp
[  0%] Built target geometry_msgs_generate_messages_lisp
[  0%] Built target nav_msgs_generate_messages_py
[  0%] Built target roscpp_generate_messages_eus
[  0%] Built target actionlib_msgs_generate_messages_eus
[  0%] Built target tf_generate_messages_eus
[  0%] Built target rosgraph_msgs_generate_messages_py
[  0%] Built target actionlib_msgs_generate_messages_cpp
[ 18%] Built target tuw_nav_msgs_generate_messages_cpp
[ 54%] Built target tuw_nav_msgs_generate_messages_lisp
[ 54%] Built target tuw_nav_msgs_generate_messages_nodejs
[ 74%] Built target tuw_nav_msgs_generate_messages_py
[ 93%] Built target tuw_nav_msgs_generate_messages_eus
[100%] Built target tuw_nav_msgs
[100%] Built target tuw_nav_msgs_generate_messages
