[35m[1mScanning dependencies of target _tuw_nav_msgs_generate_messages_check_deps_JointsIWS[0m
[35m[1mScanning dependencies of target nav_msgs_generate_messages_cpp[0m
[35m[1mScanning dependencies of target _tuw_nav_msgs_generate_messages_check_deps_IwsCmdVRAT[0m
[35m[1mScanning dependencies of target _tuw_nav_msgs_generate_messages_check_deps_RouteSegment[0m
[35m[1mScanning dependencies of target _tuw_nav_msgs_generate_messages_check_deps_BaseConstr[0m
[35m[1mScanning dependencies of target std_msgs_generate_messages_cpp[0m
[35m[1mScanning dependencies of target tuw_geometry_msgs_generate_messages_cpp[0m
[35m[1mScanning dependencies of target _tuw_nav_msgs_generate_messages_check_deps_ControllerState[0m
[35m[1mScanning dependencies of target _tuw_nav_msgs_generate_messages_check_deps_RouteSegments[0m
[  0%] Built target tuw_geometry_msgs_generate_messages_cpp
[  0%] Built target std_msgs_generate_messages_cpp
[  0%] Built target nav_msgs_generate_messages_cpp
[35m[1mScanning dependencies of target _tuw_nav_msgs_generate_messages_check_deps_DiffDriveCmdVWVec[0m
[35m[1mScanning dependencies of target _tuw_nav_msgs_generate_messages_check_deps_IwsCmdVRATVec[0m
[35m[1mScanning dependencies of target _tuw_nav_msgs_generate_messages_check_deps_Float64Array[0m
[  0%] Built target _tuw_nav_msgs_generate_messages_check_deps_JointsIWS
[  0%] Built target _tuw_nav_msgs_generate_messages_check_deps_IwsCmdVRAT
[  0%] Built target _tuw_nav_msgs_generate_messages_check_deps_RouteSegment
[  0%] Built target _tuw_nav_msgs_generate_messages_check_deps_BaseConstr
[  0%] Built target _tuw_nav_msgs_generate_messages_check_deps_RouteSegments
[  0%] Built target _tuw_nav_msgs_generate_messages_check_deps_ControllerState
[35m[1mScanning dependencies of target _tuw_nav_msgs_generate_messages_check_deps_IwsCmdVWWTVec[0m
[35m[1mScanning dependencies of target _tuw_nav_msgs_generate_messages_check_deps_Spline[0m
[35m[1mScanning dependencies of target _tuw_nav_msgs_generate_messages_check_deps_PathVec[0m
[35m[1mScanning dependencies of target nav_msgs_generate_messages_nodejs[0m
[35m[1mScanning dependencies of target std_msgs_generate_messages_nodejs[0m
[35m[1mScanning dependencies of target tuw_geometry_msgs_generate_messages_nodejs[0m
[  0%] Built target _tuw_nav_msgs_generate_messages_check_deps_IwsCmdVRATVec
[  0%] Built target nav_msgs_generate_messages_nodejs
[  0%] Built target _tuw_nav_msgs_generate_messages_check_deps_DiffDriveCmdVWVec
[  0%] Built target std_msgs_generate_messages_nodejs
[35m[1mScanning dependencies of target std_msgs_generate_messages_lisp[0m
[  0%] Built target tuw_geometry_msgs_generate_messages_nodejs
[  0%] Built target _tuw_nav_msgs_generate_messages_check_deps_Float64Array
[35m[1mScanning dependencies of target tuw_geometry_msgs_generate_messages_lisp[0m
[35m[1mScanning dependencies of target sensor_msgs_generate_messages_nodejs[0m
[35m[1mScanning dependencies of target nav_msgs_generate_messages_lisp[0m
[  0%] Built target std_msgs_generate_messages_lisp
[35m[1mScanning dependencies of target actionlib_generate_messages_cpp[0m
[35m[1mScanning dependencies of target roscpp_generate_messages_cpp[0m
[  0%] Built target tuw_geometry_msgs_generate_messages_lisp
[  0%] Built target _tuw_nav_msgs_generate_messages_check_deps_PathVec
[  0%] Built target sensor_msgs_generate_messages_nodejs
[  0%] Built target _tuw_nav_msgs_generate_messages_check_deps_Spline
[  0%] Built target _tuw_nav_msgs_generate_messages_check_deps_IwsCmdVWWTVec
[  0%] Built target nav_msgs_generate_messages_lisp
[35m[1mScanning dependencies of target sensor_msgs_generate_messages_eus[0m
[35m[1mScanning dependencies of target geometry_msgs_generate_messages_py[0m
[  0%] Built target actionlib_generate_messages_cpp
[  0%] Built target roscpp_generate_messages_cpp
[35m[1mScanning dependencies of target _catkin_empty_exported_target[0m
[35m[1mScanning dependencies of target tf_generate_messages_nodejs[0m
[35m[1mScanning dependencies of target sensor_msgs_generate_messages_cpp[0m
[35m[1mScanning dependencies of target sensor_msgs_generate_messages_py[0m
[  0%] Built target sensor_msgs_generate_messages_eus
[  0%] Built target geometry_msgs_generate_messages_py
[35m[1mScanning dependencies of target actionlib_msgs_generate_messages_nodejs[0m
[35m[1mScanning dependencies of target tf_generate_messages_lisp[0m
[35m[1mScanning dependencies of target tf_generate_messages_py[0m
[  0%] Built target tf_generate_messages_nodejs
[  0%] Built target _catkin_empty_exported_target
[  0%] Built target sensor_msgs_generate_messages_cpp
[35m[1mScanning dependencies of target roscpp_generate_messages_lisp[0m
[  0%] Built target sensor_msgs_generate_messages_py
[35m[1mScanning dependencies of target geometry_msgs_generate_messages_nodejs[0m
[  0%] Built target tf_generate_messages_py
[35m[1mScanning dependencies of target std_msgs_generate_messages_py[0m
[35m[1mScanning dependencies of target roscpp_generate_messages_nodejs[0m
[  0%] Built target actionlib_msgs_generate_messages_nodejs
[  0%] Built target tf_generate_messages_lisp
[35m[1mScanning dependencies of target geometry_msgs_generate_messages_eus[0m
[35m[1mScanning dependencies of target std_msgs_generate_messages_eus[0m
[  0%] Built target geometry_msgs_generate_messages_nodejs
[  0%] Built target roscpp_generate_messages_lisp
[35m[1mScanning dependencies of target tuw_geometry_msgs_generate_messages_eus[0m
[  0%] Built target roscpp_generate_messages_nodejs
[  0%] Built target std_msgs_generate_messages_py
[  0%] Built target geometry_msgs_generate_messages_eus
[35m[1mScanning dependencies of target nav_msgs_generate_messages_eus[0m
[35m[1mScanning dependencies of target roscpp_generate_messages_py[0m
[35m[1mScanning dependencies of target rosgraph_msgs_generate_messages_cpp[0m
[  0%] Built target tuw_geometry_msgs_generate_messages_eus
[35m[1mScanning dependencies of target rosgraph_msgs_generate_messages_eus[0m
[  0%] Built target std_msgs_generate_messages_eus
[35m[1mScanning dependencies of target tuw_geometry_msgs_generate_messages_py[0m
[35m[1mScanning dependencies of target rosgraph_msgs_generate_messages_lisp[0m
[  0%] Built target nav_msgs_generate_messages_eus
[35m[1mScanning dependencies of target rosgraph_msgs_generate_messages_nodejs[0m
[  0%] Built target roscpp_generate_messages_py
[  0%] Built target rosgraph_msgs_generate_messages_cpp
[35m[1mScanning dependencies of target geometry_msgs_generate_messages_cpp[0m
[35m[1mScanning dependencies of target actionlib_generate_messages_eus[0m
[  0%] Built target rosgraph_msgs_generate_messages_eus
[  0%] Built target tuw_geometry_msgs_generate_messages_py
[  0%] Built target rosgraph_msgs_generate_messages_lisp
[35m[1mScanning dependencies of target actionlib_generate_messages_lisp[0m
[35m[1mScanning dependencies of target tf_generate_messages_cpp[0m
[  0%] Built target rosgraph_msgs_generate_messages_nodejs
[35m[1mScanning dependencies of target actionlib_generate_messages_nodejs[0m
[  0%] Built target geometry_msgs_generate_messages_cpp
[35m[1mScanning dependencies of target actionlib_msgs_generate_messages_lisp[0m
[  0%] Built target actionlib_generate_messages_eus
[35m[1mScanning dependencies of target actionlib_msgs_generate_messages_py[0m
[35m[1mScanning dependencies of target tf2_msgs_generate_messages_cpp[0m
[  0%] Built target actionlib_generate_messages_lisp
[35m[1mScanning dependencies of target actionlib_generate_messages_py[0m
[  0%] Built target tf_generate_messages_cpp
[  0%] Built target actionlib_generate_messages_nodejs
[  0%] Built target actionlib_msgs_generate_messages_lisp
[35m[1mScanning dependencies of target tf2_msgs_generate_messages_py[0m
[  0%] Built target actionlib_msgs_generate_messages_py
[  0%] Built target tf2_msgs_generate_messages_cpp
[35m[1mScanning dependencies of target tf2_msgs_generate_messages_nodejs[0m
[  0%] Built target actionlib_generate_messages_py
[35m[1mScanning dependencies of target tf2_msgs_generate_messages_eus[0m
[35m[1mScanning dependencies of target sensor_msgs_generate_messages_lisp[0m
[35m[1mScanning dependencies of target tf2_msgs_generate_messages_lisp[0m
[35m[1mScanning dependencies of target nav_msgs_generate_messages_py[0m
[35m[1mScanning dependencies of target geometry_msgs_generate_messages_lisp[0m
[  0%] Built target tf2_msgs_generate_messages_py
[35m[1mScanning dependencies of target roscpp_generate_messages_eus[0m
[  0%] Built target tf2_msgs_generate_messages_nodejs
[  0%] Built target tf2_msgs_generate_messages_eus
[35m[1mScanning dependencies of target rosgraph_msgs_generate_messages_py[0m
[  0%] Built target tf2_msgs_generate_messages_lisp
[  0%] Built target sensor_msgs_generate_messages_lisp
[  0%] Built target nav_msgs_generate_messages_py
[35m[1mScanning dependencies of target actionlib_msgs_generate_messages_eus[0m
[  0%] Built target geometry_msgs_generate_messages_lisp
[  0%] Built target roscpp_generate_messages_eus
[35m[1mScanning dependencies of target tf_generate_messages_eus[0m
[  0%] Built target rosgraph_msgs_generate_messages_py
[35m[1mScanning dependencies of target actionlib_msgs_generate_messages_cpp[0m
[35m[1mScanning dependencies of target tuw_nav_msgs_generate_messages_nodejs[0m
[35m[1mScanning dependencies of target tuw_nav_msgs_generate_messages_cpp[0m
[35m[1mScanning dependencies of target tuw_nav_msgs_generate_messages_lisp[0m
[  0%] Built target actionlib_msgs_generate_messages_eus
[  0%] Built target tf_generate_messages_eus
[35m[1mScanning dependencies of target tuw_nav_msgs_generate_messages_eus[0m
[35m[1mScanning dependencies of target tuw_nav_msgs_generate_messages_py[0m
[  0%] Built target actionlib_msgs_generate_messages_cpp
[  1%] [34m[1mGenerating Lisp code from tuw_nav_msgs/RouteSegment.msg[0m
[  3%] [34m[1mGenerating C++ code from tuw_nav_msgs/RouteSegment.msg[0m
[  4%] [34m[1mGenerating Javascript code from tuw_nav_msgs/RouteSegment.msg[0m
[  6%] [34m[1mGenerating EusLisp code from tuw_nav_msgs/RouteSegment.msg[0m
[  7%] [34m[1mGenerating C++ code from tuw_nav_msgs/DiffDriveCmdVWVec.msg[0m
[  9%] [34m[1mGenerating Python from MSG tuw_nav_msgs/RouteSegment[0m
[ 10%] [34m[1mGenerating Python from MSG tuw_nav_msgs/DiffDriveCmdVWVec[0m
[ 12%] [34m[1mGenerating Lisp code from tuw_nav_msgs/DiffDriveCmdVWVec.msg[0m
[ 13%] [34m[1mGenerating Javascript code from tuw_nav_msgs/DiffDriveCmdVWVec.msg[0m
[ 15%] [34m[1mGenerating EusLisp code from tuw_nav_msgs/DiffDriveCmdVWVec.msg[0m
[ 16%] [34m[1mGenerating Javascript code from tuw_nav_msgs/IwsCmdVWWTVec.msg[0m
[ 18%] [34m[1mGenerating Lisp code from tuw_nav_msgs/IwsCmdVWWTVec.msg[0m
[ 19%] [34m[1mGenerating Javascript code from tuw_nav_msgs/BaseConstr.msg[0m
[ 21%] [34m[1mGenerating Lisp code from tuw_nav_msgs/BaseConstr.msg[0m
[ 22%] [34m[1mGenerating Javascript code from tuw_nav_msgs/Spline.msg[0m
[ 24%] [34m[1mGenerating EusLisp code from tuw_nav_msgs/IwsCmdVWWTVec.msg[0m
[ 25%] [34m[1mGenerating C++ code from tuw_nav_msgs/IwsCmdVWWTVec.msg[0m
[ 27%] [34m[1mGenerating EusLisp code from tuw_nav_msgs/BaseConstr.msg[0m
[ 30%] [34m[1mGenerating Lisp code from tuw_nav_msgs/Spline.msg[0m
[ 30%] [34m[1mGenerating Python from MSG tuw_nav_msgs/IwsCmdVWWTVec[0m
[ 31%] [34m[1mGenerating EusLisp code from tuw_nav_msgs/Spline.msg[0m
[ 33%] [34m[1mGenerating Javascript code from tuw_nav_msgs/IwsCmdVRATVec.msg[0m
[ 34%] [34m[1mGenerating Javascript code from tuw_nav_msgs/ControllerState.msg[0m
[ 36%] [34m[1mGenerating Lisp code from tuw_nav_msgs/IwsCmdVRATVec.msg[0m
[ 37%] [34m[1mGenerating EusLisp code from tuw_nav_msgs/IwsCmdVRATVec.msg[0m
[ 39%] [34m[1mGenerating Lisp code from tuw_nav_msgs/ControllerState.msg[0m
[ 40%] [34m[1mGenerating Javascript code from tuw_nav_msgs/RouteSegments.msg[0m
[ 42%] [34m[1mGenerating EusLisp code from tuw_nav_msgs/ControllerState.msg[0m
[ 43%] [34m[1mGenerating EusLisp code from tuw_nav_msgs/RouteSegments.msg[0m
[ 45%] [34m[1mGenerating Lisp code from tuw_nav_msgs/RouteSegments.msg[0m
[ 46%] [34m[1mGenerating Javascript code from tuw_nav_msgs/JointsIWS.msg[0m
[ 48%] [34m[1mGenerating C++ code from tuw_nav_msgs/BaseConstr.msg[0m
[ 50%] [34m[1mGenerating C++ code from tuw_nav_msgs/Spline.msg[0m
[ 51%] [34m[1mGenerating Lisp code from tuw_nav_msgs/JointsIWS.msg[0m
[ 53%] [34m[1mGenerating Javascript code from tuw_nav_msgs/PathVec.msg[0m
[ 54%] [34m[1mGenerating EusLisp code from tuw_nav_msgs/JointsIWS.msg[0m
[ 56%] [34m[1mGenerating EusLisp code from tuw_nav_msgs/PathVec.msg[0m
[ 57%] [34m[1mGenerating Python from MSG tuw_nav_msgs/BaseConstr[0m
[ 59%] [34m[1mGenerating Lisp code from tuw_nav_msgs/PathVec.msg[0m
[ 60%] [34m[1mGenerating Javascript code from tuw_nav_msgs/IwsCmdVRAT.msg[0m
[ 62%] [34m[1mGenerating EusLisp code from tuw_nav_msgs/IwsCmdVRAT.msg[0m
[ 63%] [34m[1mGenerating C++ code from tuw_nav_msgs/IwsCmdVRATVec.msg[0m
[ 65%] [34m[1mGenerating Lisp code from tuw_nav_msgs/IwsCmdVRAT.msg[0m
[ 66%] [34m[1mGenerating Javascript code from tuw_nav_msgs/Float64Array.msg[0m
[ 68%] [34m[1mGenerating Lisp code from tuw_nav_msgs/Float64Array.msg[0m
[ 69%] [34m[1mGenerating C++ code from tuw_nav_msgs/ControllerState.msg[0m
[ 69%] Built target tuw_nav_msgs_generate_messages_nodejs
[ 71%] [34m[1mGenerating C++ code from tuw_nav_msgs/RouteSegments.msg[0m
[ 72%] [34m[1mGenerating C++ code from tuw_nav_msgs/JointsIWS.msg[0m
[ 74%] [34m[1mGenerating EusLisp code from tuw_nav_msgs/Float64Array.msg[0m
[ 75%] [34m[1mGenerating Python from MSG tuw_nav_msgs/Spline[0m
[ 75%] Built target tuw_nav_msgs_generate_messages_lisp
[ 77%] [34m[1mGenerating Python from MSG tuw_nav_msgs/IwsCmdVRATVec[0m
[ 78%] [34m[1mGenerating EusLisp manifest code for tuw_nav_msgs[0m
[ 80%] [34m[1mGenerating C++ code from tuw_nav_msgs/PathVec.msg[0m
[ 81%] [34m[1mGenerating C++ code from tuw_nav_msgs/IwsCmdVRAT.msg[0m
[ 83%] [34m[1mGenerating C++ code from tuw_nav_msgs/Float64Array.msg[0m
[ 84%] [34m[1mGenerating Python from MSG tuw_nav_msgs/ControllerState[0m
[ 86%] [34m[1mGenerating Python from MSG tuw_nav_msgs/RouteSegments[0m
[ 87%] [34m[1mGenerating Python from MSG tuw_nav_msgs/JointsIWS[0m
[ 87%] Built target tuw_nav_msgs_generate_messages_cpp
[ 89%] [34m[1mGenerating Python from MSG tuw_nav_msgs/PathVec[0m
[ 90%] [34m[1mGenerating Python from MSG tuw_nav_msgs/IwsCmdVRAT[0m
[ 92%] [34m[1mGenerating Python from MSG tuw_nav_msgs/Float64Array[0m
[ 93%] [34m[1mGenerating Python msg __init__.py for tuw_nav_msgs[0m
[ 93%] Built target tuw_nav_msgs_generate_messages_py
[ 93%] Built target tuw_nav_msgs_generate_messages_eus
[35m[1mScanning dependencies of target tuw_nav_msgs[0m
[35m[1mScanning dependencies of target tuw_nav_msgs_generate_messages[0m
[ 95%] Built target tuw_nav_msgs_generate_messages
[ 95%] [32mBuilding CXX object CMakeFiles/tuw_nav_msgs.dir/src/route_segment.cpp.o[0m
[ 96%] [32mBuilding CXX object CMakeFiles/tuw_nav_msgs.dir/src/route_segments.cpp.o[0m
[ 98%] [32mBuilding CXX object CMakeFiles/tuw_nav_msgs.dir/src/path.cpp.o[0m
[100%] [32m[1mLinking CXX shared library /home/csrobot/Desktop/NERVE_CENTER/ROS_navigation_localization/catkin_ws/devel/.private/tuw_nav_msgs/lib/libtuw_nav_msgs.so[0m
[100%] Built target tuw_nav_msgs
