Symlinking /home/csrobot/Desktop/NERVE_CENTER/ROS_navigation_localization/catkin_ws/devel/share/roseus/ros/tuw_nav_msgs/manifest.l
Symlinking /home/csrobot/Desktop/NERVE_CENTER/ROS_navigation_localization/catkin_ws/devel/share/roseus/ros/tuw_nav_msgs/msg/IwsCmdVRATVec.l
Symlinking /home/csrobot/Desktop/NERVE_CENTER/ROS_navigation_localization/catkin_ws/devel/share/roseus/ros/tuw_nav_msgs/msg/PathVec.l
Symlinking /home/csrobot/Desktop/NERVE_CENTER/ROS_navigation_localization/catkin_ws/devel/share/roseus/ros/tuw_nav_msgs/msg/RouteSegment.l
Symlinking /home/csrobot/Desktop/NERVE_CENTER/ROS_navigation_localization/catkin_ws/devel/share/roseus/ros/tuw_nav_msgs/msg/IwsCmdVWWTVec.l
Symlinking /home/csrobot/Desktop/NERVE_CENTER/ROS_navigation_localization/catkin_ws/devel/share/roseus/ros/tuw_nav_msgs/msg/DiffDriveCmdVWVec.l
Symlinking /home/csrobot/Desktop/NERVE_CENTER/ROS_navigation_localization/catkin_ws/devel/share/roseus/ros/tuw_nav_msgs/msg/IwsCmdVRAT.l
Symlinking /home/csrobot/Desktop/NERVE_CENTER/ROS_navigation_localization/catkin_ws/devel/share/roseus/ros/tuw_nav_msgs/msg/BaseConstr.l
Symlinking /home/csrobot/Desktop/NERVE_CENTER/ROS_navigation_localization/catkin_ws/devel/share/roseus/ros/tuw_nav_msgs/msg/RouteSegments.l
Symlinking /home/csrobot/Desktop/NERVE_CENTER/ROS_navigation_localization/catkin_ws/devel/share/roseus/ros/tuw_nav_msgs/msg/Spline.l
Symlinking /home/csrobot/Desktop/NERVE_CENTER/ROS_navigation_localization/catkin_ws/devel/share/roseus/ros/tuw_nav_msgs/msg/JointsIWS.l
Symlinking /home/csrobot/Desktop/NERVE_CENTER/ROS_navigation_localization/catkin_ws/devel/share/roseus/ros/tuw_nav_msgs/msg/ControllerState.l
Symlinking /home/csrobot/Desktop/NERVE_CENTER/ROS_navigation_localization/catkin_ws/devel/share/roseus/ros/tuw_nav_msgs/msg/Float64Array.l
Symlinking /home/csrobot/Desktop/NERVE_CENTER/ROS_navigation_localization/catkin_ws/devel/share/tuw_nav_msgs/cmake/tuw_nav_msgs-msg-paths.cmake
Symlinking /home/csrobot/Desktop/NERVE_CENTER/ROS_navigation_localization/catkin_ws/devel/share/tuw_nav_msgs/cmake/tuw_nav_msgs-msg-extras.cmake
Symlinking /home/csrobot/Desktop/NERVE_CENTER/ROS_navigation_localization/catkin_ws/devel/share/tuw_nav_msgs/cmake/tuw_nav_msgsConfig.cmake
Symlinking /home/csrobot/Desktop/NERVE_CENTER/ROS_navigation_localization/catkin_ws/devel/share/tuw_nav_msgs/cmake/tuw_nav_msgsConfig-version.cmake
Symlinking /home/csrobot/Desktop/NERVE_CENTER/ROS_navigation_localization/catkin_ws/devel/share/common-lisp/ros/tuw_nav_msgs/msg/Float64Array.lisp
Symlinking /home/csrobot/Desktop/NERVE_CENTER/ROS_navigation_localization/catkin_ws/devel/share/common-lisp/ros/tuw_nav_msgs/msg/_package_Spline.lisp
Symlinking /home/csrobot/Desktop/NERVE_CENTER/ROS_navigation_localization/catkin_ws/devel/share/common-lisp/ros/tuw_nav_msgs/msg/_package_IwsCmdVRAT.lisp
Symlinking /home/csrobot/Desktop/NERVE_CENTER/ROS_navigation_localization/catkin_ws/devel/share/common-lisp/ros/tuw_nav_msgs/msg/_package_IwsCmdVRATVec.lisp
Symlinking /home/csrobot/Desktop/NERVE_CENTER/ROS_navigation_localization/catkin_ws/devel/share/common-lisp/ros/tuw_nav_msgs/msg/_package_RouteSegment.lisp
Symlinking /home/csrobot/Desktop/NERVE_CENTER/ROS_navigation_localization/catkin_ws/devel/share/common-lisp/ros/tuw_nav_msgs/msg/RouteSegment.lisp
Symlinking /home/csrobot/Desktop/NERVE_CENTER/ROS_navigation_localization/catkin_ws/devel/share/common-lisp/ros/tuw_nav_msgs/msg/_package_BaseConstr.lisp
Symlinking /home/csrobot/Desktop/NERVE_CENTER/ROS_navigation_localization/catkin_ws/devel/share/common-lisp/ros/tuw_nav_msgs/msg/BaseConstr.lisp
Symlinking /home/csrobot/Desktop/NERVE_CENTER/ROS_navigation_localization/catkin_ws/devel/share/common-lisp/ros/tuw_nav_msgs/msg/PathVec.lisp
Symlinking /home/csrobot/Desktop/NERVE_CENTER/ROS_navigation_localization/catkin_ws/devel/share/common-lisp/ros/tuw_nav_msgs/msg/IwsCmdVWWTVec.lisp
Symlinking /home/csrobot/Desktop/NERVE_CENTER/ROS_navigation_localization/catkin_ws/devel/share/common-lisp/ros/tuw_nav_msgs/msg/_package_JointsIWS.lisp
Symlinking /home/csrobot/Desktop/NERVE_CENTER/ROS_navigation_localization/catkin_ws/devel/share/common-lisp/ros/tuw_nav_msgs/msg/_package_ControllerState.lisp
Symlinking /home/csrobot/Desktop/NERVE_CENTER/ROS_navigation_localization/catkin_ws/devel/share/common-lisp/ros/tuw_nav_msgs/msg/tuw_nav_msgs-msg.asd
Symlinking /home/csrobot/Desktop/NERVE_CENTER/ROS_navigation_localization/catkin_ws/devel/share/common-lisp/ros/tuw_nav_msgs/msg/_package_IwsCmdVWWTVec.lisp
Symlinking /home/csrobot/Desktop/NERVE_CENTER/ROS_navigation_localization/catkin_ws/devel/share/common-lisp/ros/tuw_nav_msgs/msg/_package_DiffDriveCmdVWVec.lisp
Symlinking /home/csrobot/Desktop/NERVE_CENTER/ROS_navigation_localization/catkin_ws/devel/share/common-lisp/ros/tuw_nav_msgs/msg/_package_Float64Array.lisp
Symlinking /home/csrobot/Desktop/NERVE_CENTER/ROS_navigation_localization/catkin_ws/devel/share/common-lisp/ros/tuw_nav_msgs/msg/DiffDriveCmdVWVec.lisp
Symlinking /home/csrobot/Desktop/NERVE_CENTER/ROS_navigation_localization/catkin_ws/devel/share/common-lisp/ros/tuw_nav_msgs/msg/RouteSegments.lisp
Symlinking /home/csrobot/Desktop/NERVE_CENTER/ROS_navigation_localization/catkin_ws/devel/share/common-lisp/ros/tuw_nav_msgs/msg/JointsIWS.lisp
Symlinking /home/csrobot/Desktop/NERVE_CENTER/ROS_navigation_localization/catkin_ws/devel/share/common-lisp/ros/tuw_nav_msgs/msg/ControllerState.lisp
Symlinking /home/csrobot/Desktop/NERVE_CENTER/ROS_navigation_localization/catkin_ws/devel/share/common-lisp/ros/tuw_nav_msgs/msg/_package.lisp
Symlinking /home/csrobot/Desktop/NERVE_CENTER/ROS_navigation_localization/catkin_ws/devel/share/common-lisp/ros/tuw_nav_msgs/msg/IwsCmdVRAT.lisp
Symlinking /home/csrobot/Desktop/NERVE_CENTER/ROS_navigation_localization/catkin_ws/devel/share/common-lisp/ros/tuw_nav_msgs/msg/_package_PathVec.lisp
Symlinking /home/csrobot/Desktop/NERVE_CENTER/ROS_navigation_localization/catkin_ws/devel/share/common-lisp/ros/tuw_nav_msgs/msg/Spline.lisp
Symlinking /home/csrobot/Desktop/NERVE_CENTER/ROS_navigation_localization/catkin_ws/devel/share/common-lisp/ros/tuw_nav_msgs/msg/_package_RouteSegments.lisp
Symlinking /home/csrobot/Desktop/NERVE_CENTER/ROS_navigation_localization/catkin_ws/devel/share/common-lisp/ros/tuw_nav_msgs/msg/IwsCmdVRATVec.lisp
Symlinking /home/csrobot/Desktop/NERVE_CENTER/ROS_navigation_localization/catkin_ws/devel/share/gennodejs/ros/tuw_nav_msgs/_index.js
Symlinking /home/csrobot/Desktop/NERVE_CENTER/ROS_navigation_localization/catkin_ws/devel/share/gennodejs/ros/tuw_nav_msgs/msg/JointsIWS.js
Symlinking /home/csrobot/Desktop/NERVE_CENTER/ROS_navigation_localization/catkin_ws/devel/share/gennodejs/ros/tuw_nav_msgs/msg/IwsCmdVRATVec.js
Symlinking /home/csrobot/Desktop/NERVE_CENTER/ROS_navigation_localization/catkin_ws/devel/share/gennodejs/ros/tuw_nav_msgs/msg/RouteSegment.js
Symlinking /home/csrobot/Desktop/NERVE_CENTER/ROS_navigation_localization/catkin_ws/devel/share/gennodejs/ros/tuw_nav_msgs/msg/PathVec.js
Symlinking /home/csrobot/Desktop/NERVE_CENTER/ROS_navigation_localization/catkin_ws/devel/share/gennodejs/ros/tuw_nav_msgs/msg/Float64Array.js
Symlinking /home/csrobot/Desktop/NERVE_CENTER/ROS_navigation_localization/catkin_ws/devel/share/gennodejs/ros/tuw_nav_msgs/msg/BaseConstr.js
Symlinking /home/csrobot/Desktop/NERVE_CENTER/ROS_navigation_localization/catkin_ws/devel/share/gennodejs/ros/tuw_nav_msgs/msg/_index.js
Symlinking /home/csrobot/Desktop/NERVE_CENTER/ROS_navigation_localization/catkin_ws/devel/share/gennodejs/ros/tuw_nav_msgs/msg/IwsCmdVWWTVec.js
Symlinking /home/csrobot/Desktop/NERVE_CENTER/ROS_navigation_localization/catkin_ws/devel/share/gennodejs/ros/tuw_nav_msgs/msg/DiffDriveCmdVWVec.js
Symlinking /home/csrobot/Desktop/NERVE_CENTER/ROS_navigation_localization/catkin_ws/devel/share/gennodejs/ros/tuw_nav_msgs/msg/RouteSegments.js
Symlinking /home/csrobot/Desktop/NERVE_CENTER/ROS_navigation_localization/catkin_ws/devel/share/gennodejs/ros/tuw_nav_msgs/msg/IwsCmdVRAT.js
Symlinking /home/csrobot/Desktop/NERVE_CENTER/ROS_navigation_localization/catkin_ws/devel/share/gennodejs/ros/tuw_nav_msgs/msg/ControllerState.js
Symlinking /home/csrobot/Desktop/NERVE_CENTER/ROS_navigation_localization/catkin_ws/devel/share/gennodejs/ros/tuw_nav_msgs/msg/Spline.js
Symlinking /home/csrobot/Desktop/NERVE_CENTER/ROS_navigation_localization/catkin_ws/devel/lib/libtuw_nav_msgs.so
Symlinking /home/csrobot/Desktop/NERVE_CENTER/ROS_navigation_localization/catkin_ws/devel/lib/pkgconfig/tuw_nav_msgs.pc
Symlinking /home/csrobot/Desktop/NERVE_CENTER/ROS_navigation_localization/catkin_ws/devel/lib/python2.7/dist-packages/tuw_nav_msgs/__init__.py
Symlinking /home/csrobot/Desktop/NERVE_CENTER/ROS_navigation_localization/catkin_ws/devel/lib/python2.7/dist-packages/tuw_nav_msgs/msg/_PathVec.py
Symlinking /home/csrobot/Desktop/NERVE_CENTER/ROS_navigation_localization/catkin_ws/devel/lib/python2.7/dist-packages/tuw_nav_msgs/msg/__init__.py
Symlinking /home/csrobot/Desktop/NERVE_CENTER/ROS_navigation_localization/catkin_ws/devel/lib/python2.7/dist-packages/tuw_nav_msgs/msg/_ControllerState.py
Symlinking /home/csrobot/Desktop/NERVE_CENTER/ROS_navigation_localization/catkin_ws/devel/lib/python2.7/dist-packages/tuw_nav_msgs/msg/_JointsIWS.py
Symlinking /home/csrobot/Desktop/NERVE_CENTER/ROS_navigation_localization/catkin_ws/devel/lib/python2.7/dist-packages/tuw_nav_msgs/msg/_Float64Array.py
Symlinking /home/csrobot/Desktop/NERVE_CENTER/ROS_navigation_localization/catkin_ws/devel/lib/python2.7/dist-packages/tuw_nav_msgs/msg/_IwsCmdVRATVec.py
Symlinking /home/csrobot/Desktop/NERVE_CENTER/ROS_navigation_localization/catkin_ws/devel/lib/python2.7/dist-packages/tuw_nav_msgs/msg/_BaseConstr.py
Symlinking /home/csrobot/Desktop/NERVE_CENTER/ROS_navigation_localization/catkin_ws/devel/lib/python2.7/dist-packages/tuw_nav_msgs/msg/_RouteSegment.py
Symlinking /home/csrobot/Desktop/NERVE_CENTER/ROS_navigation_localization/catkin_ws/devel/lib/python2.7/dist-packages/tuw_nav_msgs/msg/_IwsCmdVWWTVec.py
Symlinking /home/csrobot/Desktop/NERVE_CENTER/ROS_navigation_localization/catkin_ws/devel/lib/python2.7/dist-packages/tuw_nav_msgs/msg/_IwsCmdVRAT.py
Symlinking /home/csrobot/Desktop/NERVE_CENTER/ROS_navigation_localization/catkin_ws/devel/lib/python2.7/dist-packages/tuw_nav_msgs/msg/_Spline.py
Symlinking /home/csrobot/Desktop/NERVE_CENTER/ROS_navigation_localization/catkin_ws/devel/lib/python2.7/dist-packages/tuw_nav_msgs/msg/_RouteSegments.py
Symlinking /home/csrobot/Desktop/NERVE_CENTER/ROS_navigation_localization/catkin_ws/devel/lib/python2.7/dist-packages/tuw_nav_msgs/msg/_DiffDriveCmdVWVec.py
Symlinking /home/csrobot/Desktop/NERVE_CENTER/ROS_navigation_localization/catkin_ws/devel/include/tuw_nav_msgs/ControllerState.h
Symlinking /home/csrobot/Desktop/NERVE_CENTER/ROS_navigation_localization/catkin_ws/devel/include/tuw_nav_msgs/RouteSegments.h
Symlinking /home/csrobot/Desktop/NERVE_CENTER/ROS_navigation_localization/catkin_ws/devel/include/tuw_nav_msgs/JointsIWS.h
Symlinking /home/csrobot/Desktop/NERVE_CENTER/ROS_navigation_localization/catkin_ws/devel/include/tuw_nav_msgs/RouteSegment.h
Symlinking /home/csrobot/Desktop/NERVE_CENTER/ROS_navigation_localization/catkin_ws/devel/include/tuw_nav_msgs/DiffDriveCmdVWVec.h
Symlinking /home/csrobot/Desktop/NERVE_CENTER/ROS_navigation_localization/catkin_ws/devel/include/tuw_nav_msgs/IwsCmdVRATVec.h
Symlinking /home/csrobot/Desktop/NERVE_CENTER/ROS_navigation_localization/catkin_ws/devel/include/tuw_nav_msgs/PathVec.h
Symlinking /home/csrobot/Desktop/NERVE_CENTER/ROS_navigation_localization/catkin_ws/devel/include/tuw_nav_msgs/BaseConstr.h
Symlinking /home/csrobot/Desktop/NERVE_CENTER/ROS_navigation_localization/catkin_ws/devel/include/tuw_nav_msgs/IwsCmdVRAT.h
Symlinking /home/csrobot/Desktop/NERVE_CENTER/ROS_navigation_localization/catkin_ws/devel/include/tuw_nav_msgs/Spline.h
Symlinking /home/csrobot/Desktop/NERVE_CENTER/ROS_navigation_localization/catkin_ws/devel/include/tuw_nav_msgs/Float64Array.h
Symlinking /home/csrobot/Desktop/NERVE_CENTER/ROS_navigation_localization/catkin_ws/devel/include/tuw_nav_msgs/IwsCmdVWWTVec.h
