[35m[1mScanning dependencies of target tuw_multi_robot_msgs_generate_messages_cpp[0m
[35m[1mScanning dependencies of target tuw_multi_robot_local_behavior_controller[0m
[35m[1mScanning dependencies of target tuw_local_controller_msgs_generate_messages_lisp[0m
[  0%] Built target tuw_multi_robot_msgs_generate_messages_cpp
[  0%] Built target tuw_local_controller_msgs_generate_messages_lisp
[35m[1mScanning dependencies of target tf2_msgs_generate_messages_cpp[0m
[ 12%] [32mBuilding CXX object CMakeFiles/tuw_multi_robot_local_behavior_controller.dir/src/RobotRouteToPath.cpp.o[0m
[ 25%] [32mBuilding CXX object CMakeFiles/tuw_multi_robot_local_behavior_controller.dir/src/RobotStateObserver.cpp.o[0m
[ 25%] Built target tf2_msgs_generate_messages_cpp
[35m[1mScanning dependencies of target rosgraph_msgs_generate_messages_lisp[0m
[ 25%] Built target rosgraph_msgs_generate_messages_lisp
[35m[1mScanning dependencies of target rosgraph_msgs_generate_messages_cpp[0m
[ 25%] Built target rosgraph_msgs_generate_messages_cpp
[35m[1mScanning dependencies of target geometry_msgs_generate_messages_eus[0m
[ 25%] Built target geometry_msgs_generate_messages_eus
[35m[1mScanning dependencies of target actionlib_msgs_generate_messages_py[0m
[ 25%] Built target actionlib_msgs_generate_messages_py
[35m[1mScanning dependencies of target actionlib_msgs_generate_messages_lisp[0m
[ 25%] Built target actionlib_msgs_generate_messages_lisp
[35m[1mScanning dependencies of target rosgraph_msgs_generate_messages_eus[0m
[ 25%] Built target rosgraph_msgs_generate_messages_eus
[35m[1mScanning dependencies of target tuw_geometry_msgs_generate_messages_py[0m
[ 25%] Built target tuw_geometry_msgs_generate_messages_py
[35m[1mScanning dependencies of target geometry_msgs_generate_messages_lisp[0m
[ 25%] Built target geometry_msgs_generate_messages_lisp
[35m[1mScanning dependencies of target nav_msgs_generate_messages_cpp[0m
[35m[1mScanning dependencies of target sensor_msgs_generate_messages_lisp[0m
[ 25%] Built target nav_msgs_generate_messages_cpp
[ 25%] Built target sensor_msgs_generate_messages_lisp
[35m[1mScanning dependencies of target roscpp_generate_messages_lisp[0m
[35m[1mScanning dependencies of target nav_msgs_generate_messages_lisp[0m
[ 25%] Built target roscpp_generate_messages_lisp
[ 25%] Built target nav_msgs_generate_messages_lisp
[35m[1mScanning dependencies of target std_msgs_generate_messages_cpp[0m
[35m[1mScanning dependencies of target nav_msgs_generate_messages_nodejs[0m
[ 25%] Built target std_msgs_generate_messages_cpp
[ 25%] Built target nav_msgs_generate_messages_nodejs
[35m[1mScanning dependencies of target tuw_multi_robot_msgs_generate_messages_eus[0m
[35m[1mScanning dependencies of target actionlib_msgs_generate_messages_nodejs[0m
[ 25%] Built target actionlib_msgs_generate_messages_nodejs
[ 25%] Built target tuw_multi_robot_msgs_generate_messages_eus
[35m[1mScanning dependencies of target roscpp_generate_messages_eus[0m
[35m[1mScanning dependencies of target roscpp_generate_messages_py[0m
[ 25%] Built target roscpp_generate_messages_eus
[ 25%] Built target roscpp_generate_messages_py
[35m[1mScanning dependencies of target rosgraph_msgs_generate_messages_py[0m
[35m[1mScanning dependencies of target actionlib_msgs_generate_messages_eus[0m
[ 25%] Built target rosgraph_msgs_generate_messages_py
[ 25%] Built target actionlib_msgs_generate_messages_eus
[35m[1mScanning dependencies of target std_msgs_generate_messages_eus[0m
[35m[1mScanning dependencies of target rosgraph_msgs_generate_messages_nodejs[0m
[ 25%] Built target std_msgs_generate_messages_eus
[ 25%] Built target rosgraph_msgs_generate_messages_nodejs
[ 37%] [32mBuilding CXX object CMakeFiles/tuw_multi_robot_local_behavior_controller.dir/src/RouteProgressMonitor.cpp.o[0m
[35m[1mScanning dependencies of target roscpp_generate_messages_cpp[0m
[ 37%] Built target roscpp_generate_messages_cpp
[35m[1mScanning dependencies of target sensor_msgs_generate_messages_nodejs[0m
[ 37%] Built target sensor_msgs_generate_messages_nodejs
[35m[1mScanning dependencies of target actionlib_generate_messages_cpp[0m
[ 37%] Built target actionlib_generate_messages_cpp
[35m[1mScanning dependencies of target geometry_msgs_generate_messages_nodejs[0m
[ 37%] Built target geometry_msgs_generate_messages_nodejs
[35m[1mScanning dependencies of target geometry_msgs_generate_messages_py[0m
[ 37%] Built target geometry_msgs_generate_messages_py
[35m[1mScanning dependencies of target roscpp_generate_messages_nodejs[0m
[ 37%] Built target roscpp_generate_messages_nodejs
[35m[1mScanning dependencies of target std_msgs_generate_messages_lisp[0m
[ 37%] Built target std_msgs_generate_messages_lisp
[35m[1mScanning dependencies of target tuw_local_controller_msgs_generate_messages_py[0m
[ 37%] Built target tuw_local_controller_msgs_generate_messages_py
[35m[1mScanning dependencies of target std_msgs_generate_messages_nodejs[0m
[ 37%] Built target std_msgs_generate_messages_nodejs
[35m[1mScanning dependencies of target std_msgs_generate_messages_py[0m
[ 37%] Built target std_msgs_generate_messages_py
[35m[1mScanning dependencies of target tuw_nav_msgs_generate_messages_eus[0m
[ 37%] Built target tuw_nav_msgs_generate_messages_eus
[35m[1mScanning dependencies of target tuw_multi_robot_msgs_generate_messages_lisp[0m
[ 37%] Built target tuw_multi_robot_msgs_generate_messages_lisp
[35m[1mScanning dependencies of target tuw_multi_robot_msgs_generate_messages_py[0m
[35m[1mScanning dependencies of target tuw_multi_robot_msgs_generate_messages_nodejs[0m
[ 37%] Built target tuw_multi_robot_msgs_generate_messages_py
[ 37%] Built target tuw_multi_robot_msgs_generate_messages_nodejs
[35m[1mScanning dependencies of target tuw_nav_msgs_generate_messages_cpp[0m
[35m[1mScanning dependencies of target tuw_nav_msgs_generate_messages_lisp[0m
[ 37%] Built target tuw_nav_msgs_generate_messages_cpp
[ 37%] Built target tuw_nav_msgs_generate_messages_lisp
[35m[1mScanning dependencies of target tuw_geometry_msgs_generate_messages_lisp[0m
[35m[1mScanning dependencies of target tuw_local_controller_msgs_generate_messages_nodejs[0m
[ 37%] Built target tuw_geometry_msgs_generate_messages_lisp
[ 37%] Built target tuw_local_controller_msgs_generate_messages_nodejs
[35m[1mScanning dependencies of target tuw_nav_msgs_generate_messages_nodejs[0m
[35m[1mScanning dependencies of target tf_generate_messages_py[0m
[ 37%] Built target tf_generate_messages_py
[ 37%] Built target tuw_nav_msgs_generate_messages_nodejs
[35m[1mScanning dependencies of target tuw_geometry_msgs_generate_messages_eus[0m
[35m[1mScanning dependencies of target sensor_msgs_generate_messages_py[0m
[ 37%] Built target sensor_msgs_generate_messages_py
[ 37%] Built target tuw_geometry_msgs_generate_messages_eus
[35m[1mScanning dependencies of target actionlib_msgs_generate_messages_cpp[0m
[35m[1mScanning dependencies of target tuw_nav_msgs_generate_messages_py[0m
[ 37%] Built target tuw_nav_msgs_generate_messages_py
[ 37%] Built target actionlib_msgs_generate_messages_cpp
[35m[1mScanning dependencies of target tf_generate_messages_eus[0m
[35m[1mScanning dependencies of target tf_generate_messages_lisp[0m
[ 37%] Built target tf_generate_messages_eus
[ 37%] Built target tf_generate_messages_lisp
[35m[1mScanning dependencies of target tf_generate_messages_nodejs[0m
[ 37%] Built target tf_generate_messages_nodejs
[35m[1mScanning dependencies of target tuw_local_controller_msgs_generate_messages_cpp[0m
[ 37%] Built target tuw_local_controller_msgs_generate_messages_cpp
[35m[1mScanning dependencies of target tuw_local_controller_msgs_generate_messages_eus[0m
[ 37%] Built target tuw_local_controller_msgs_generate_messages_eus
[35m[1mScanning dependencies of target sensor_msgs_generate_messages_cpp[0m
[ 37%] Built target sensor_msgs_generate_messages_cpp
[35m[1mScanning dependencies of target tuw_geometry_msgs_generate_messages_nodejs[0m
[35m[1mScanning dependencies of target sensor_msgs_generate_messages_eus[0m
[ 37%] Built target tuw_geometry_msgs_generate_messages_nodejs
[ 37%] Built target sensor_msgs_generate_messages_eus
[35m[1mScanning dependencies of target actionlib_generate_messages_eus[0m
[ 37%] Built target actionlib_generate_messages_eus
[35m[1mScanning dependencies of target geometry_msgs_generate_messages_cpp[0m
[ 37%] Built target geometry_msgs_generate_messages_cpp
[35m[1mScanning dependencies of target actionlib_generate_messages_lisp[0m
[ 37%] Built target actionlib_generate_messages_lisp
[35m[1mScanning dependencies of target tf_generate_messages_cpp[0m
[35m[1mScanning dependencies of target actionlib_generate_messages_nodejs[0m
[ 37%] Built target tf_generate_messages_cpp
[35m[1mScanning dependencies of target nav_msgs_generate_messages_eus[0m
[ 37%] Built target actionlib_generate_messages_nodejs
[ 37%] Built target nav_msgs_generate_messages_eus
[35m[1mScanning dependencies of target tf2_msgs_generate_messages_eus[0m
[ 37%] Built target tf2_msgs_generate_messages_eus
[35m[1mScanning dependencies of target nav_msgs_generate_messages_py[0m
[35m[1mScanning dependencies of target tf2_msgs_generate_messages_lisp[0m
[ 37%] Built target nav_msgs_generate_messages_py
[ 37%] Built target tf2_msgs_generate_messages_lisp
[35m[1mScanning dependencies of target actionlib_generate_messages_py[0m
[ 37%] Built target actionlib_generate_messages_py
[35m[1mScanning dependencies of target tf2_msgs_generate_messages_py[0m
[ 37%] Built target tf2_msgs_generate_messages_py
[35m[1mScanning dependencies of target tf2_msgs_generate_messages_nodejs[0m
[ 37%] Built target tf2_msgs_generate_messages_nodejs
[35m[1mScanning dependencies of target tuw_geometry_msgs_generate_messages_cpp[0m
[ 37%] Built target tuw_geometry_msgs_generate_messages_cpp
[ 50%] [32m[1mLinking CXX shared library /home/csrobot/Desktop/NERVE_CENTER/ROS_navigation_localization/catkin_ws/devel/.private/tuw_multi_robot_local_behavior_controller/lib/libtuw_multi_robot_local_behavior_controller.so[0m
[ 50%] Built target tuw_multi_robot_local_behavior_controller
[35m[1mScanning dependencies of target tuw_multi_robot_local_behavior_controller_node[0m
[ 62%] [32mBuilding CXX object CMakeFiles/tuw_multi_robot_local_behavior_controller_node.dir/src/MultiRobotLocalBehaviorController.cpp.o[0m
[35m[1mScanning dependencies of target tuw_local_behavior_controller_node[0m
[ 75%] [32mBuilding CXX object CMakeFiles/tuw_local_behavior_controller_node.dir/src/LocalBehaviorControllerNode.cpp.o[0m
[ 87%] [32m[1mLinking CXX executable /home/csrobot/Desktop/NERVE_CENTER/ROS_navigation_localization/catkin_ws/devel/.private/tuw_multi_robot_local_behavior_controller/lib/tuw_multi_robot_local_behavior_controller/tuw_multi_robot_local_behavior_controller_node[0m
[ 87%] Built target tuw_multi_robot_local_behavior_controller_node
[100%] [32m[1mLinking CXX executable /home/csrobot/Desktop/NERVE_CENTER/ROS_navigation_localization/catkin_ws/devel/.private/tuw_multi_robot_local_behavior_controller/lib/tuw_multi_robot_local_behavior_controller/tuw_local_behavior_controller_node[0m
[100%] Built target tuw_local_behavior_controller_node
