[  0%] Built target tuw_local_controller_msgs_generate_messages_lisp
[  0%] Built target tuw_multi_robot_msgs_generate_messages_cpp
[  0%] Built target tf2_msgs_generate_messages_cpp
[ 50%] Built target tuw_multi_robot_local_behavior_controller
[ 50%] Built target rosgraph_msgs_generate_messages_lisp
[ 50%] Built target rosgraph_msgs_generate_messages_cpp
[ 50%] Built target geometry_msgs_generate_messages_eus
[ 50%] Built target actionlib_msgs_generate_messages_py
[ 50%] Built target actionlib_msgs_generate_messages_lisp
[ 50%] Built target rosgraph_msgs_generate_messages_eus
[ 50%] Built target tuw_geometry_msgs_generate_messages_py
[ 50%] Built target geometry_msgs_generate_messages_lisp
[ 50%] Built target roscpp_generate_messages_lisp
[ 50%] Built target sensor_msgs_generate_messages_lisp
[ 50%] Built target nav_msgs_generate_messages_cpp
[ 50%] Built target nav_msgs_generate_messages_lisp
[ 50%] Built target std_msgs_generate_messages_cpp
[ 50%] Built target nav_msgs_generate_messages_nodejs
[ 50%] Built target tuw_multi_robot_msgs_generate_messages_eus
[ 50%] Built target actionlib_msgs_generate_messages_nodejs
[ 50%] Built target actionlib_msgs_generate_messages_eus
[ 50%] Built target roscpp_generate_messages_py
[ 50%] Built target roscpp_generate_messages_eus
[ 50%] Built target rosgraph_msgs_generate_messages_py
[ 50%] Built target rosgraph_msgs_generate_messages_nodejs
[ 50%] Built target std_msgs_generate_messages_eus
[ 50%] Built target roscpp_generate_messages_cpp
[ 50%] Built target sensor_msgs_generate_messages_nodejs
[ 50%] Built target actionlib_generate_messages_cpp
[ 50%] Built target geometry_msgs_generate_messages_nodejs
[ 50%] Built target geometry_msgs_generate_messages_py
[ 50%] Built target roscpp_generate_messages_nodejs
[ 50%] Built target std_msgs_generate_messages_lisp
[ 50%] Built target tuw_local_controller_msgs_generate_messages_py
[ 50%] Built target std_msgs_generate_messages_nodejs
[ 50%] Built target std_msgs_generate_messages_py
[ 50%] Built target tuw_multi_robot_msgs_generate_messages_nodejs
[ 50%] Built target tuw_multi_robot_msgs_generate_messages_lisp
[ 50%] Built target tuw_nav_msgs_generate_messages_eus
[ 50%] Built target tuw_multi_robot_msgs_generate_messages_py
[ 50%] Built target tuw_nav_msgs_generate_messages_cpp
[ 50%] Built target tuw_local_controller_msgs_generate_messages_nodejs
[ 50%] Built target tuw_nav_msgs_generate_messages_lisp
[ 50%] Built target tuw_geometry_msgs_generate_messages_lisp
[ 50%] Built target tuw_nav_msgs_generate_messages_nodejs
[ 50%] Built target tf_generate_messages_py
[ 50%] Built target sensor_msgs_generate_messages_py
[ 50%] Built target tuw_geometry_msgs_generate_messages_eus
[ 50%] Built target actionlib_msgs_generate_messages_cpp
[ 50%] Built target tuw_nav_msgs_generate_messages_py
[ 50%] Built target tf_generate_messages_eus
[ 50%] Built target tf_generate_messages_lisp
[ 50%] Built target tuw_local_controller_msgs_generate_messages_cpp
[ 50%] Built target tf_generate_messages_nodejs
[ 50%] Built target tuw_local_controller_msgs_generate_messages_eus
[ 50%] Built target tuw_geometry_msgs_generate_messages_nodejs
[ 50%] Built target sensor_msgs_generate_messages_cpp
[ 50%] Built target sensor_msgs_generate_messages_eus
[ 50%] Built target actionlib_generate_messages_eus
[ 50%] Built target geometry_msgs_generate_messages_cpp
[ 50%] Built target actionlib_generate_messages_lisp
[ 50%] Built target tf_generate_messages_cpp
[ 50%] Built target actionlib_generate_messages_nodejs
[ 50%] Built target nav_msgs_generate_messages_eus
[ 50%] Built target tf2_msgs_generate_messages_eus
[ 50%] Built target nav_msgs_generate_messages_py
[ 50%] Built target tf2_msgs_generate_messages_lisp
[ 50%] Built target actionlib_generate_messages_py
[ 50%] Built target tf2_msgs_generate_messages_py
[ 50%] Built target tuw_geometry_msgs_generate_messages_cpp
[ 50%] Built target tf2_msgs_generate_messages_nodejs
[ 75%] Built target tuw_local_behavior_controller_node
[100%] Built target tuw_multi_robot_local_behavior_controller_node
