[35m[1mScanning dependencies of target roscpp_generate_messages_cpp[0m
[  0%] Built target roscpp_generate_messages_cpp
[35m[1mScanning dependencies of target std_msgs_generate_messages_nodejs[0m
[  0%] Built target std_msgs_generate_messages_nodejs
[35m[1mScanning dependencies of target rosgraph_msgs_generate_messages_py[0m
[  0%] Built target rosgraph_msgs_generate_messages_py
[35m[1mScanning dependencies of target rosgraph_msgs_generate_messages_nodejs[0m
[  0%] Built target rosgraph_msgs_generate_messages_nodejs
[35m[1mScanning dependencies of target roscpp_generate_messages_lisp[0m
[  0%] Built target roscpp_generate_messages_lisp
[35m[1mScanning dependencies of target roscpp_generate_messages_eus[0m
[  0%] Built target roscpp_generate_messages_eus
[35m[1mScanning dependencies of target std_msgs_generate_messages_py[0m
[  0%] Built target std_msgs_generate_messages_py
[35m[1mScanning dependencies of target roscpp_generate_messages_nodejs[0m
[  0%] Built target roscpp_generate_messages_nodejs
[35m[1mScanning dependencies of target roscpp_generate_messages_py[0m
[  0%] Built target roscpp_generate_messages_py
[35m[1mScanning dependencies of target rosgraph_msgs_generate_messages_cpp[0m
[  0%] Built target rosgraph_msgs_generate_messages_cpp
[35m[1mScanning dependencies of target rosgraph_msgs_generate_messages_eus[0m
[  0%] Built target rosgraph_msgs_generate_messages_eus
[35m[1mScanning dependencies of target rosgraph_msgs_generate_messages_lisp[0m
[  0%] Built target rosgraph_msgs_generate_messages_lisp
[35m[1mScanning dependencies of target std_msgs_generate_messages_eus[0m
[  0%] Built target std_msgs_generate_messages_eus
[35m[1mScanning dependencies of target std_msgs_generate_messages_lisp[0m
[35m[1mScanning dependencies of target std_msgs_generate_messages_cpp[0m
[  0%] Built target std_msgs_generate_messages_lisp
[  0%] Built target std_msgs_generate_messages_cpp
[35m[1mScanning dependencies of target tuw_geometry[0m
[  6%] [32mBuilding CXX object CMakeFiles/tuw_geometry.dir/src/tuw_geometry/utils.cpp.o[0m
[ 12%] [32mBuilding CXX object CMakeFiles/tuw_geometry.dir/src/tuw_geometry/point2d.cpp.o[0m
[ 18%] [32mBuilding CXX object CMakeFiles/tuw_geometry.dir/src/tuw_geometry/polar2d.cpp.o[0m
[ 25%] [32mBuilding CXX object CMakeFiles/tuw_geometry.dir/src/tuw_geometry/pose2d.cpp.o[0m
[ 31%] [32mBuilding CXX object CMakeFiles/tuw_geometry.dir/src/tuw_geometry/line2d.cpp.o[0m
[ 37%] [32mBuilding CXX object CMakeFiles/tuw_geometry.dir/src/tuw_geometry/command.cpp.o[0m
[ 43%] [32mBuilding CXX object CMakeFiles/tuw_geometry.dir/src/tuw_geometry/linesegment2d.cpp.o[0m
[ 50%] [32mBuilding CXX object CMakeFiles/tuw_geometry.dir/src/tuw_geometry/linesegment2d_detector.cpp.o[0m
[ 56%] [32mBuilding CXX object CMakeFiles/tuw_geometry.dir/src/tuw_geometry/figure.cpp.o[0m
[ 62%] [32mBuilding CXX object CMakeFiles/tuw_geometry.dir/src/tuw_geometry/tuw_geometry.cpp.o[0m
[ 68%] [32mBuilding CXX object CMakeFiles/tuw_geometry.dir/src/tuw_geometry/world_scoped_maps.cpp.o[0m
[ 75%] [32mBuilding CXX object CMakeFiles/tuw_geometry.dir/src/tuw_geometry/layered_maps.cpp.o[0m
[ 81%] [32mBuilding CXX object CMakeFiles/tuw_geometry.dir/src/tuw_geometry/layered_figure.cpp.o[0m
[ 87%] [32m[1mLinking CXX shared library /home/csrobot/Desktop/NERVE_CENTER/ROS_navigation_localization/catkin_ws/devel/.private/tuw_geometry/lib/libtuw_geometry.so[0m
[ 87%] Built target tuw_geometry
[35m[1mScanning dependencies of target tuw_geometry_wrapper[0m
[ 93%] [32mBuilding CXX object CMakeFiles/tuw_geometry_wrapper.dir/src/tuw_geometry/tuw_geometry_wrapper.cpp.o[0m
[100%] [32m[1mLinking CXX shared library /home/csrobot/Desktop/NERVE_CENTER/ROS_navigation_localization/catkin_ws/devel/.private/tuw_geometry/lib/python2.7/dist-packages/tuw_geometry/tuw_geometry_wrapper.so[0m
[100%] Built target tuw_geometry_wrapper
