Determining if the pthread_create exist failed with the following output:
Change Dir: /home/csrobot/Desktop/NERVE_CENTER/ROS_navigation_localization/catkin_ws/build/tuw_geometry/CMakeFiles/CMakeTmp

Run Build Command:"/usr/bin/make" "cmTC_c8e03/fast"
/usr/bin/make -f CMakeFiles/cmTC_c8e03.dir/build.make CMakeFiles/cmTC_c8e03.dir/build
make[1]: Entering directory '/home/csrobot/Desktop/NERVE_CENTER/ROS_navigation_localization/catkin_ws/build/tuw_geometry/CMakeFiles/CMakeTmp'
Building C object CMakeFiles/cmTC_c8e03.dir/CheckSymbolExists.c.o
/usr/bin/cc    -o CMakeFiles/cmTC_c8e03.dir/CheckSymbolExists.c.o   -c /home/csrobot/Desktop/NERVE_CENTER/ROS_navigation_localization/catkin_ws/build/tuw_geometry/CMakeFiles/CMakeTmp/CheckSymbolExists.c
Linking C executable cmTC_c8e03
/usr/bin/cmake -E cmake_link_script CMakeFiles/cmTC_c8e03.dir/link.txt --verbose=1
/usr/bin/cc      -rdynamic CMakeFiles/cmTC_c8e03.dir/CheckSymbolExists.c.o  -o cmTC_c8e03 
CMakeFiles/cmTC_c8e03.dir/CheckSymbolExists.c.o: In function `main':
CheckSymbolExists.c:(.text+0x1b): undefined reference to `pthread_create'
collect2: error: ld returned 1 exit status
CMakeFiles/cmTC_c8e03.dir/build.make:97: recipe for target 'cmTC_c8e03' failed
make[1]: *** [cmTC_c8e03] Error 1
make[1]: Leaving directory '/home/csrobot/Desktop/NERVE_CENTER/ROS_navigation_localization/catkin_ws/build/tuw_geometry/CMakeFiles/CMakeTmp'
Makefile:126: recipe for target 'cmTC_c8e03/fast' failed
make: *** [cmTC_c8e03/fast] Error 2

File /home/csrobot/Desktop/NERVE_CENTER/ROS_navigation_localization/catkin_ws/build/tuw_geometry/CMakeFiles/CMakeTmp/CheckSymbolExists.c:
/* */
#include <pthread.h>

int main(int argc, char** argv)
{
  (void)argv;
#ifndef pthread_create
  return ((int*)(&pthread_create))[argc];
#else
  (void)argc;
  return 0;
#endif
}

Determining if the function pthread_create exists in the pthreads failed with the following output:
Change Dir: /home/csrobot/Desktop/NERVE_CENTER/ROS_navigation_localization/catkin_ws/build/tuw_geometry/CMakeFiles/CMakeTmp

Run Build Command:"/usr/bin/make" "cmTC_90acb/fast"
/usr/bin/make -f CMakeFiles/cmTC_90acb.dir/build.make CMakeFiles/cmTC_90acb.dir/build
make[1]: Entering directory '/home/csrobot/Desktop/NERVE_CENTER/ROS_navigation_localization/catkin_ws/build/tuw_geometry/CMakeFiles/CMakeTmp'
Building C object CMakeFiles/cmTC_90acb.dir/CheckFunctionExists.c.o
/usr/bin/cc   -DCHECK_FUNCTION_EXISTS=pthread_create   -o CMakeFiles/cmTC_90acb.dir/CheckFunctionExists.c.o   -c /usr/share/cmake-3.10/Modules/CheckFunctionExists.c
Linking C executable cmTC_90acb
/usr/bin/cmake -E cmake_link_script CMakeFiles/cmTC_90acb.dir/link.txt --verbose=1
/usr/bin/cc  -DCHECK_FUNCTION_EXISTS=pthread_create    -rdynamic CMakeFiles/cmTC_90acb.dir/CheckFunctionExists.c.o  -o cmTC_90acb -lpthreads 
/usr/bin/ld: cannot find -lpthreads
collect2: error: ld returned 1 exit status
CMakeFiles/cmTC_90acb.dir/build.make:97: recipe for target 'cmTC_90acb' failed
make[1]: *** [cmTC_90acb] Error 1
make[1]: Leaving directory '/home/csrobot/Desktop/NERVE_CENTER/ROS_navigation_localization/catkin_ws/build/tuw_geometry/CMakeFiles/CMakeTmp'
Makefile:126: recipe for target 'cmTC_90acb/fast' failed
make: *** [cmTC_90acb/fast] Error 2


