[  0%] Built target roscpp_generate_messages_eus
[  0%] Built target tuw_multi_robot_msgs_generate_messages_py
[  4%] Built target tuw_multi_robot_router_gencfg
[  4%] Built target tuw_multi_robot_msgs_generate_messages_nodejs
[  4%] Built target tf2_msgs_generate_messages_nodejs
[  4%] Built target tf2_msgs_generate_messages_py
[  4%] Built target tf2_msgs_generate_messages_lisp
[  4%] Built target tuw_multi_robot_msgs_generate_messages_lisp
[  4%] Built target tf2_msgs_generate_messages_eus
[  4%] Built target tuw_multi_robot_msgs_generate_messages_cpp
[  4%] Built target tf2_msgs_generate_messages_cpp
[  4%] Built target actionlib_generate_messages_py
[  4%] Built target actionlib_generate_messages_nodejs
[  4%] Built target actionlib_generate_messages_lisp
[  4%] Built target tf_generate_messages_py
[  4%] Built target actionlib_generate_messages_eus
[  4%] Built target sensor_msgs_generate_messages_cpp
[  4%] Built target sensor_msgs_generate_messages_eus
[  4%] Built target sensor_msgs_generate_messages_py
[  4%] Built target tf_generate_messages_nodejs
[  4%] Built target tf_generate_messages_lisp
[  4%] Built target rosgraph_msgs_generate_messages_py
[  4%] Built target tf_generate_messages_eus
[  4%] Built target tf_generate_messages_cpp
[  4%] Built target rosgraph_msgs_generate_messages_nodejs
[  4%] Built target rosgraph_msgs_generate_messages_lisp
[  4%] Built target rosgraph_msgs_generate_messages_eus
[  4%] Built target std_msgs_generate_messages_nodejs
[  4%] Built target dynamic_reconfigure_generate_messages_eus
[  4%] Built target dynamic_reconfigure_generate_messages_py
[  4%] Built target std_msgs_generate_messages_lisp
[  4%] Built target geometry_msgs_generate_messages_py
[  4%] Built target std_msgs_generate_messages_py
[  4%] Built target nav_msgs_generate_messages_py
[  4%] Built target dynamic_reconfigure_gencfg
[  4%] Built target dynamic_reconfigure_generate_messages_nodejs
[  4%] Built target dynamic_reconfigure_generate_messages_lisp
[  4%] Built target actionlib_generate_messages_cpp
[  4%] Built target sensor_msgs_generate_messages_nodejs
[  4%] Built target actionlib_msgs_generate_messages_nodejs
[  4%] Built target roscpp_generate_messages_cpp
[  4%] Built target std_msgs_generate_messages_eus
[  4%] Built target tuw_multi_robot_msgs_generate_messages_eus
[  4%] Built target std_msgs_generate_messages_cpp
[  4%] Built target nav_msgs_generate_messages_nodejs
[  4%] Built target rosgraph_msgs_generate_messages_cpp
[  4%] Built target sensor_msgs_generate_messages_lisp
[  4%] Built target dynamic_reconfigure_generate_messages_cpp
[  4%] Built target roscpp_generate_messages_py
[  4%] Built target geometry_msgs_generate_messages_cpp
[  4%] Built target geometry_msgs_generate_messages_lisp
[  4%] Built target geometry_msgs_generate_messages_nodejs
[  4%] Built target roscpp_generate_messages_lisp
[  4%] Built target nav_msgs_generate_messages_lisp
[  4%] Built target nav_msgs_generate_messages_eus
[  4%] Built target actionlib_msgs_generate_messages_cpp
[  4%] Built target nav_msgs_generate_messages_cpp
[  4%] Built target actionlib_msgs_generate_messages_eus
[  4%] Built target roscpp_generate_messages_nodejs
[  4%] Built target geometry_msgs_generate_messages_eus
[  4%] Built target actionlib_msgs_generate_messages_lisp
[  4%] Built target actionlib_msgs_generate_messages_py
[ 90%] Built target tuw_multi_robot_router
[100%] Built target tuw_multi_robot_router_node
