Symlinking /home/csrobot/Desktop/NERVE_CENTER/ROS_navigation_localization/catkin_ws/devel/share/roseus/ros/tuw_multi_robot_msgs/manifest.l
Symlinking /home/csrobot/Desktop/NERVE_CENTER/ROS_navigation_localization/catkin_ws/devel/share/roseus/ros/tuw_multi_robot_msgs/srv/StationManagerControlProtocol.l
Symlinking /home/csrobot/Desktop/NERVE_CENTER/ROS_navigation_localization/catkin_ws/devel/share/roseus/ros/tuw_multi_robot_msgs/srv/StationManagerStationProtocol.l
Symlinking /home/csrobot/Desktop/NERVE_CENTER/ROS_navigation_localization/catkin_ws/devel/share/roseus/ros/tuw_multi_robot_msgs/msg/RobotGoalsArray.l
Symlinking /home/csrobot/Desktop/NERVE_CENTER/ROS_navigation_localization/catkin_ws/devel/share/roseus/ros/tuw_multi_robot_msgs/msg/RouteSegment.l
Symlinking /home/csrobot/Desktop/NERVE_CENTER/ROS_navigation_localization/catkin_ws/devel/share/roseus/ros/tuw_multi_robot_msgs/msg/RobotGoals.l
Symlinking /home/csrobot/Desktop/NERVE_CENTER/ROS_navigation_localization/catkin_ws/devel/share/roseus/ros/tuw_multi_robot_msgs/msg/Route.l
Symlinking /home/csrobot/Desktop/NERVE_CENTER/ROS_navigation_localization/catkin_ws/devel/share/roseus/ros/tuw_multi_robot_msgs/msg/Order.l
Symlinking /home/csrobot/Desktop/NERVE_CENTER/ROS_navigation_localization/catkin_ws/devel/share/roseus/ros/tuw_multi_robot_msgs/msg/Vertex.l
Symlinking /home/csrobot/Desktop/NERVE_CENTER/ROS_navigation_localization/catkin_ws/devel/share/roseus/ros/tuw_multi_robot_msgs/msg/OrderArray.l
Symlinking /home/csrobot/Desktop/NERVE_CENTER/ROS_navigation_localization/catkin_ws/devel/share/roseus/ros/tuw_multi_robot_msgs/msg/OrderPosition.l
Symlinking /home/csrobot/Desktop/NERVE_CENTER/ROS_navigation_localization/catkin_ws/devel/share/roseus/ros/tuw_multi_robot_msgs/msg/RouteProgress.l
Symlinking /home/csrobot/Desktop/NERVE_CENTER/ROS_navigation_localization/catkin_ws/devel/share/roseus/ros/tuw_multi_robot_msgs/msg/Pickup.l
Symlinking /home/csrobot/Desktop/NERVE_CENTER/ROS_navigation_localization/catkin_ws/devel/share/roseus/ros/tuw_multi_robot_msgs/msg/Station.l
Symlinking /home/csrobot/Desktop/NERVE_CENTER/ROS_navigation_localization/catkin_ws/devel/share/roseus/ros/tuw_multi_robot_msgs/msg/RouterStatus.l
Symlinking /home/csrobot/Desktop/NERVE_CENTER/ROS_navigation_localization/catkin_ws/devel/share/roseus/ros/tuw_multi_robot_msgs/msg/RobotInfo.l
Symlinking /home/csrobot/Desktop/NERVE_CENTER/ROS_navigation_localization/catkin_ws/devel/share/roseus/ros/tuw_multi_robot_msgs/msg/RoutePrecondition.l
Symlinking /home/csrobot/Desktop/NERVE_CENTER/ROS_navigation_localization/catkin_ws/devel/share/roseus/ros/tuw_multi_robot_msgs/msg/Graph.l
Symlinking /home/csrobot/Desktop/NERVE_CENTER/ROS_navigation_localization/catkin_ws/devel/share/roseus/ros/tuw_multi_robot_msgs/msg/StationArray.l
Symlinking /home/csrobot/Desktop/NERVE_CENTER/ROS_navigation_localization/catkin_ws/devel/share/tuw_multi_robot_msgs/cmake/tuw_multi_robot_msgsConfig-version.cmake
Symlinking /home/csrobot/Desktop/NERVE_CENTER/ROS_navigation_localization/catkin_ws/devel/share/tuw_multi_robot_msgs/cmake/tuw_multi_robot_msgs-msg-paths.cmake
Symlinking /home/csrobot/Desktop/NERVE_CENTER/ROS_navigation_localization/catkin_ws/devel/share/tuw_multi_robot_msgs/cmake/tuw_multi_robot_msgs-msg-extras.cmake
Symlinking /home/csrobot/Desktop/NERVE_CENTER/ROS_navigation_localization/catkin_ws/devel/share/tuw_multi_robot_msgs/cmake/tuw_multi_robot_msgsConfig.cmake
Symlinking /home/csrobot/Desktop/NERVE_CENTER/ROS_navigation_localization/catkin_ws/devel/share/common-lisp/ros/tuw_multi_robot_msgs/srv/_package_StationManagerControlProtocol.lisp
Symlinking /home/csrobot/Desktop/NERVE_CENTER/ROS_navigation_localization/catkin_ws/devel/share/common-lisp/ros/tuw_multi_robot_msgs/srv/StationManagerControlProtocol.lisp
Symlinking /home/csrobot/Desktop/NERVE_CENTER/ROS_navigation_localization/catkin_ws/devel/share/common-lisp/ros/tuw_multi_robot_msgs/srv/_package_StationManagerStationProtocol.lisp
Symlinking /home/csrobot/Desktop/NERVE_CENTER/ROS_navigation_localization/catkin_ws/devel/share/common-lisp/ros/tuw_multi_robot_msgs/srv/StationManagerStationProtocol.lisp
Symlinking /home/csrobot/Desktop/NERVE_CENTER/ROS_navigation_localization/catkin_ws/devel/share/common-lisp/ros/tuw_multi_robot_msgs/srv/_package.lisp
Symlinking /home/csrobot/Desktop/NERVE_CENTER/ROS_navigation_localization/catkin_ws/devel/share/common-lisp/ros/tuw_multi_robot_msgs/srv/tuw_multi_robot_msgs-srv.asd
Symlinking /home/csrobot/Desktop/NERVE_CENTER/ROS_navigation_localization/catkin_ws/devel/share/common-lisp/ros/tuw_multi_robot_msgs/msg/StationArray.lisp
Symlinking /home/csrobot/Desktop/NERVE_CENTER/ROS_navigation_localization/catkin_ws/devel/share/common-lisp/ros/tuw_multi_robot_msgs/msg/_package_Route.lisp
Symlinking /home/csrobot/Desktop/NERVE_CENTER/ROS_navigation_localization/catkin_ws/devel/share/common-lisp/ros/tuw_multi_robot_msgs/msg/RobotGoals.lisp
Symlinking /home/csrobot/Desktop/NERVE_CENTER/ROS_navigation_localization/catkin_ws/devel/share/common-lisp/ros/tuw_multi_robot_msgs/msg/_package_StationArray.lisp
Symlinking /home/csrobot/Desktop/NERVE_CENTER/ROS_navigation_localization/catkin_ws/devel/share/common-lisp/ros/tuw_multi_robot_msgs/msg/RouterStatus.lisp
Symlinking /home/csrobot/Desktop/NERVE_CENTER/ROS_navigation_localization/catkin_ws/devel/share/common-lisp/ros/tuw_multi_robot_msgs/msg/OrderPosition.lisp
Symlinking /home/csrobot/Desktop/NERVE_CENTER/ROS_navigation_localization/catkin_ws/devel/share/common-lisp/ros/tuw_multi_robot_msgs/msg/RouteProgress.lisp
Symlinking /home/csrobot/Desktop/NERVE_CENTER/ROS_navigation_localization/catkin_ws/devel/share/common-lisp/ros/tuw_multi_robot_msgs/msg/Order.lisp
Symlinking /home/csrobot/Desktop/NERVE_CENTER/ROS_navigation_localization/catkin_ws/devel/share/common-lisp/ros/tuw_multi_robot_msgs/msg/tuw_multi_robot_msgs-msg.asd
Symlinking /home/csrobot/Desktop/NERVE_CENTER/ROS_navigation_localization/catkin_ws/devel/share/common-lisp/ros/tuw_multi_robot_msgs/msg/RoutePrecondition.lisp
Symlinking /home/csrobot/Desktop/NERVE_CENTER/ROS_navigation_localization/catkin_ws/devel/share/common-lisp/ros/tuw_multi_robot_msgs/msg/_package_Order.lisp
Symlinking /home/csrobot/Desktop/NERVE_CENTER/ROS_navigation_localization/catkin_ws/devel/share/common-lisp/ros/tuw_multi_robot_msgs/msg/_package_RouteSegment.lisp
Symlinking /home/csrobot/Desktop/NERVE_CENTER/ROS_navigation_localization/catkin_ws/devel/share/common-lisp/ros/tuw_multi_robot_msgs/msg/RouteSegment.lisp
Symlinking /home/csrobot/Desktop/NERVE_CENTER/ROS_navigation_localization/catkin_ws/devel/share/common-lisp/ros/tuw_multi_robot_msgs/msg/_package_RobotGoals.lisp
Symlinking /home/csrobot/Desktop/NERVE_CENTER/ROS_navigation_localization/catkin_ws/devel/share/common-lisp/ros/tuw_multi_robot_msgs/msg/_package_OrderArray.lisp
Symlinking /home/csrobot/Desktop/NERVE_CENTER/ROS_navigation_localization/catkin_ws/devel/share/common-lisp/ros/tuw_multi_robot_msgs/msg/Graph.lisp
Symlinking /home/csrobot/Desktop/NERVE_CENTER/ROS_navigation_localization/catkin_ws/devel/share/common-lisp/ros/tuw_multi_robot_msgs/msg/_package_Station.lisp
Symlinking /home/csrobot/Desktop/NERVE_CENTER/ROS_navigation_localization/catkin_ws/devel/share/common-lisp/ros/tuw_multi_robot_msgs/msg/Station.lisp
Symlinking /home/csrobot/Desktop/NERVE_CENTER/ROS_navigation_localization/catkin_ws/devel/share/common-lisp/ros/tuw_multi_robot_msgs/msg/Route.lisp
Symlinking /home/csrobot/Desktop/NERVE_CENTER/ROS_navigation_localization/catkin_ws/devel/share/common-lisp/ros/tuw_multi_robot_msgs/msg/_package_OrderPosition.lisp
Symlinking /home/csrobot/Desktop/NERVE_CENTER/ROS_navigation_localization/catkin_ws/devel/share/common-lisp/ros/tuw_multi_robot_msgs/msg/Vertex.lisp
Symlinking /home/csrobot/Desktop/NERVE_CENTER/ROS_navigation_localization/catkin_ws/devel/share/common-lisp/ros/tuw_multi_robot_msgs/msg/OrderArray.lisp
Symlinking /home/csrobot/Desktop/NERVE_CENTER/ROS_navigation_localization/catkin_ws/devel/share/common-lisp/ros/tuw_multi_robot_msgs/msg/_package_RobotGoalsArray.lisp
Symlinking /home/csrobot/Desktop/NERVE_CENTER/ROS_navigation_localization/catkin_ws/devel/share/common-lisp/ros/tuw_multi_robot_msgs/msg/RobotInfo.lisp
Symlinking /home/csrobot/Desktop/NERVE_CENTER/ROS_navigation_localization/catkin_ws/devel/share/common-lisp/ros/tuw_multi_robot_msgs/msg/_package.lisp
Symlinking /home/csrobot/Desktop/NERVE_CENTER/ROS_navigation_localization/catkin_ws/devel/share/common-lisp/ros/tuw_multi_robot_msgs/msg/Pickup.lisp
Symlinking /home/csrobot/Desktop/NERVE_CENTER/ROS_navigation_localization/catkin_ws/devel/share/common-lisp/ros/tuw_multi_robot_msgs/msg/_package_Vertex.lisp
Symlinking /home/csrobot/Desktop/NERVE_CENTER/ROS_navigation_localization/catkin_ws/devel/share/common-lisp/ros/tuw_multi_robot_msgs/msg/_package_RouterStatus.lisp
Symlinking /home/csrobot/Desktop/NERVE_CENTER/ROS_navigation_localization/catkin_ws/devel/share/common-lisp/ros/tuw_multi_robot_msgs/msg/_package_RobotInfo.lisp
Symlinking /home/csrobot/Desktop/NERVE_CENTER/ROS_navigation_localization/catkin_ws/devel/share/common-lisp/ros/tuw_multi_robot_msgs/msg/_package_Pickup.lisp
Symlinking /home/csrobot/Desktop/NERVE_CENTER/ROS_navigation_localization/catkin_ws/devel/share/common-lisp/ros/tuw_multi_robot_msgs/msg/RobotGoalsArray.lisp
Symlinking /home/csrobot/Desktop/NERVE_CENTER/ROS_navigation_localization/catkin_ws/devel/share/common-lisp/ros/tuw_multi_robot_msgs/msg/_package_RoutePrecondition.lisp
Symlinking /home/csrobot/Desktop/NERVE_CENTER/ROS_navigation_localization/catkin_ws/devel/share/common-lisp/ros/tuw_multi_robot_msgs/msg/_package_Graph.lisp
Symlinking /home/csrobot/Desktop/NERVE_CENTER/ROS_navigation_localization/catkin_ws/devel/share/common-lisp/ros/tuw_multi_robot_msgs/msg/_package_RouteProgress.lisp
Symlinking /home/csrobot/Desktop/NERVE_CENTER/ROS_navigation_localization/catkin_ws/devel/share/gennodejs/ros/tuw_multi_robot_msgs/_index.js
Symlinking /home/csrobot/Desktop/NERVE_CENTER/ROS_navigation_localization/catkin_ws/devel/share/gennodejs/ros/tuw_multi_robot_msgs/srv/StationManagerStationProtocol.js
Symlinking /home/csrobot/Desktop/NERVE_CENTER/ROS_navigation_localization/catkin_ws/devel/share/gennodejs/ros/tuw_multi_robot_msgs/srv/_index.js
Symlinking /home/csrobot/Desktop/NERVE_CENTER/ROS_navigation_localization/catkin_ws/devel/share/gennodejs/ros/tuw_multi_robot_msgs/srv/StationManagerControlProtocol.js
Symlinking /home/csrobot/Desktop/NERVE_CENTER/ROS_navigation_localization/catkin_ws/devel/share/gennodejs/ros/tuw_multi_robot_msgs/msg/OrderArray.js
Symlinking /home/csrobot/Desktop/NERVE_CENTER/ROS_navigation_localization/catkin_ws/devel/share/gennodejs/ros/tuw_multi_robot_msgs/msg/Route.js
Symlinking /home/csrobot/Desktop/NERVE_CENTER/ROS_navigation_localization/catkin_ws/devel/share/gennodejs/ros/tuw_multi_robot_msgs/msg/RobotInfo.js
Symlinking /home/csrobot/Desktop/NERVE_CENTER/ROS_navigation_localization/catkin_ws/devel/share/gennodejs/ros/tuw_multi_robot_msgs/msg/Graph.js
Symlinking /home/csrobot/Desktop/NERVE_CENTER/ROS_navigation_localization/catkin_ws/devel/share/gennodejs/ros/tuw_multi_robot_msgs/msg/Vertex.js
Symlinking /home/csrobot/Desktop/NERVE_CENTER/ROS_navigation_localization/catkin_ws/devel/share/gennodejs/ros/tuw_multi_robot_msgs/msg/RoutePrecondition.js
Symlinking /home/csrobot/Desktop/NERVE_CENTER/ROS_navigation_localization/catkin_ws/devel/share/gennodejs/ros/tuw_multi_robot_msgs/msg/RobotGoals.js
Symlinking /home/csrobot/Desktop/NERVE_CENTER/ROS_navigation_localization/catkin_ws/devel/share/gennodejs/ros/tuw_multi_robot_msgs/msg/RouteSegment.js
Symlinking /home/csrobot/Desktop/NERVE_CENTER/ROS_navigation_localization/catkin_ws/devel/share/gennodejs/ros/tuw_multi_robot_msgs/msg/StationArray.js
Symlinking /home/csrobot/Desktop/NERVE_CENTER/ROS_navigation_localization/catkin_ws/devel/share/gennodejs/ros/tuw_multi_robot_msgs/msg/OrderPosition.js
Symlinking /home/csrobot/Desktop/NERVE_CENTER/ROS_navigation_localization/catkin_ws/devel/share/gennodejs/ros/tuw_multi_robot_msgs/msg/RobotGoalsArray.js
Symlinking /home/csrobot/Desktop/NERVE_CENTER/ROS_navigation_localization/catkin_ws/devel/share/gennodejs/ros/tuw_multi_robot_msgs/msg/RouteProgress.js
Symlinking /home/csrobot/Desktop/NERVE_CENTER/ROS_navigation_localization/catkin_ws/devel/share/gennodejs/ros/tuw_multi_robot_msgs/msg/_index.js
Symlinking /home/csrobot/Desktop/NERVE_CENTER/ROS_navigation_localization/catkin_ws/devel/share/gennodejs/ros/tuw_multi_robot_msgs/msg/Station.js
Symlinking /home/csrobot/Desktop/NERVE_CENTER/ROS_navigation_localization/catkin_ws/devel/share/gennodejs/ros/tuw_multi_robot_msgs/msg/Order.js
Symlinking /home/csrobot/Desktop/NERVE_CENTER/ROS_navigation_localization/catkin_ws/devel/share/gennodejs/ros/tuw_multi_robot_msgs/msg/RouterStatus.js
Symlinking /home/csrobot/Desktop/NERVE_CENTER/ROS_navigation_localization/catkin_ws/devel/share/gennodejs/ros/tuw_multi_robot_msgs/msg/Pickup.js
Symlinking /home/csrobot/Desktop/NERVE_CENTER/ROS_navigation_localization/catkin_ws/devel/lib/pkgconfig/tuw_multi_robot_msgs.pc
Symlinking /home/csrobot/Desktop/NERVE_CENTER/ROS_navigation_localization/catkin_ws/devel/lib/python2.7/dist-packages/tuw_multi_robot_msgs/__init__.py
Symlinking /home/csrobot/Desktop/NERVE_CENTER/ROS_navigation_localization/catkin_ws/devel/lib/python2.7/dist-packages/tuw_multi_robot_msgs/srv/_StationManagerControlProtocol.py
Symlinking /home/csrobot/Desktop/NERVE_CENTER/ROS_navigation_localization/catkin_ws/devel/lib/python2.7/dist-packages/tuw_multi_robot_msgs/srv/__init__.py
Symlinking /home/csrobot/Desktop/NERVE_CENTER/ROS_navigation_localization/catkin_ws/devel/lib/python2.7/dist-packages/tuw_multi_robot_msgs/srv/_StationManagerStationProtocol.py
Symlinking /home/csrobot/Desktop/NERVE_CENTER/ROS_navigation_localization/catkin_ws/devel/lib/python2.7/dist-packages/tuw_multi_robot_msgs/msg/_Order.py
Symlinking /home/csrobot/Desktop/NERVE_CENTER/ROS_navigation_localization/catkin_ws/devel/lib/python2.7/dist-packages/tuw_multi_robot_msgs/msg/_RouterStatus.py
Symlinking /home/csrobot/Desktop/NERVE_CENTER/ROS_navigation_localization/catkin_ws/devel/lib/python2.7/dist-packages/tuw_multi_robot_msgs/msg/__init__.py
Symlinking /home/csrobot/Desktop/NERVE_CENTER/ROS_navigation_localization/catkin_ws/devel/lib/python2.7/dist-packages/tuw_multi_robot_msgs/msg/_Pickup.py
Symlinking /home/csrobot/Desktop/NERVE_CENTER/ROS_navigation_localization/catkin_ws/devel/lib/python2.7/dist-packages/tuw_multi_robot_msgs/msg/_RouteProgress.py
Symlinking /home/csrobot/Desktop/NERVE_CENTER/ROS_navigation_localization/catkin_ws/devel/lib/python2.7/dist-packages/tuw_multi_robot_msgs/msg/_RobotGoalsArray.py
Symlinking /home/csrobot/Desktop/NERVE_CENTER/ROS_navigation_localization/catkin_ws/devel/lib/python2.7/dist-packages/tuw_multi_robot_msgs/msg/_OrderArray.py
Symlinking /home/csrobot/Desktop/NERVE_CENTER/ROS_navigation_localization/catkin_ws/devel/lib/python2.7/dist-packages/tuw_multi_robot_msgs/msg/_RobotInfo.py
Symlinking /home/csrobot/Desktop/NERVE_CENTER/ROS_navigation_localization/catkin_ws/devel/lib/python2.7/dist-packages/tuw_multi_robot_msgs/msg/_RobotGoals.py
Symlinking /home/csrobot/Desktop/NERVE_CENTER/ROS_navigation_localization/catkin_ws/devel/lib/python2.7/dist-packages/tuw_multi_robot_msgs/msg/_RouteSegment.py
Symlinking /home/csrobot/Desktop/NERVE_CENTER/ROS_navigation_localization/catkin_ws/devel/lib/python2.7/dist-packages/tuw_multi_robot_msgs/msg/_StationArray.py
Symlinking /home/csrobot/Desktop/NERVE_CENTER/ROS_navigation_localization/catkin_ws/devel/lib/python2.7/dist-packages/tuw_multi_robot_msgs/msg/_Vertex.py
Symlinking /home/csrobot/Desktop/NERVE_CENTER/ROS_navigation_localization/catkin_ws/devel/lib/python2.7/dist-packages/tuw_multi_robot_msgs/msg/_Graph.py
Symlinking /home/csrobot/Desktop/NERVE_CENTER/ROS_navigation_localization/catkin_ws/devel/lib/python2.7/dist-packages/tuw_multi_robot_msgs/msg/_RoutePrecondition.py
Symlinking /home/csrobot/Desktop/NERVE_CENTER/ROS_navigation_localization/catkin_ws/devel/lib/python2.7/dist-packages/tuw_multi_robot_msgs/msg/_Station.py
Symlinking /home/csrobot/Desktop/NERVE_CENTER/ROS_navigation_localization/catkin_ws/devel/lib/python2.7/dist-packages/tuw_multi_robot_msgs/msg/_Route.py
Symlinking /home/csrobot/Desktop/NERVE_CENTER/ROS_navigation_localization/catkin_ws/devel/lib/python2.7/dist-packages/tuw_multi_robot_msgs/msg/_OrderPosition.py
Symlinking /home/csrobot/Desktop/NERVE_CENTER/ROS_navigation_localization/catkin_ws/devel/include/tuw_multi_robot_msgs/Graph.h
Symlinking /home/csrobot/Desktop/NERVE_CENTER/ROS_navigation_localization/catkin_ws/devel/include/tuw_multi_robot_msgs/StationArray.h
Symlinking /home/csrobot/Desktop/NERVE_CENTER/ROS_navigation_localization/catkin_ws/devel/include/tuw_multi_robot_msgs/RouteSegment.h
Symlinking /home/csrobot/Desktop/NERVE_CENTER/ROS_navigation_localization/catkin_ws/devel/include/tuw_multi_robot_msgs/RobotInfo.h
Symlinking /home/csrobot/Desktop/NERVE_CENTER/ROS_navigation_localization/catkin_ws/devel/include/tuw_multi_robot_msgs/Vertex.h
Symlinking /home/csrobot/Desktop/NERVE_CENTER/ROS_navigation_localization/catkin_ws/devel/include/tuw_multi_robot_msgs/StationManagerControlProtocolRequest.h
Symlinking /home/csrobot/Desktop/NERVE_CENTER/ROS_navigation_localization/catkin_ws/devel/include/tuw_multi_robot_msgs/StationManagerStationProtocolRequest.h
Symlinking /home/csrobot/Desktop/NERVE_CENTER/ROS_navigation_localization/catkin_ws/devel/include/tuw_multi_robot_msgs/OrderPosition.h
Symlinking /home/csrobot/Desktop/NERVE_CENTER/ROS_navigation_localization/catkin_ws/devel/include/tuw_multi_robot_msgs/RouterStatus.h
Symlinking /home/csrobot/Desktop/NERVE_CENTER/ROS_navigation_localization/catkin_ws/devel/include/tuw_multi_robot_msgs/OrderArray.h
Symlinking /home/csrobot/Desktop/NERVE_CENTER/ROS_navigation_localization/catkin_ws/devel/include/tuw_multi_robot_msgs/RoutePrecondition.h
Symlinking /home/csrobot/Desktop/NERVE_CENTER/ROS_navigation_localization/catkin_ws/devel/include/tuw_multi_robot_msgs/Station.h
Symlinking /home/csrobot/Desktop/NERVE_CENTER/ROS_navigation_localization/catkin_ws/devel/include/tuw_multi_robot_msgs/Pickup.h
Symlinking /home/csrobot/Desktop/NERVE_CENTER/ROS_navigation_localization/catkin_ws/devel/include/tuw_multi_robot_msgs/RobotGoalsArray.h
Symlinking /home/csrobot/Desktop/NERVE_CENTER/ROS_navigation_localization/catkin_ws/devel/include/tuw_multi_robot_msgs/StationManagerStationProtocolResponse.h
Symlinking /home/csrobot/Desktop/NERVE_CENTER/ROS_navigation_localization/catkin_ws/devel/include/tuw_multi_robot_msgs/Route.h
Symlinking /home/csrobot/Desktop/NERVE_CENTER/ROS_navigation_localization/catkin_ws/devel/include/tuw_multi_robot_msgs/Order.h
Symlinking /home/csrobot/Desktop/NERVE_CENTER/ROS_navigation_localization/catkin_ws/devel/include/tuw_multi_robot_msgs/StationManagerControlProtocolResponse.h
Symlinking /home/csrobot/Desktop/NERVE_CENTER/ROS_navigation_localization/catkin_ws/devel/include/tuw_multi_robot_msgs/RouteProgress.h
Symlinking /home/csrobot/Desktop/NERVE_CENTER/ROS_navigation_localization/catkin_ws/devel/include/tuw_multi_robot_msgs/StationManagerControlProtocol.h
Symlinking /home/csrobot/Desktop/NERVE_CENTER/ROS_navigation_localization/catkin_ws/devel/include/tuw_multi_robot_msgs/StationManagerStationProtocol.h
Symlinking /home/csrobot/Desktop/NERVE_CENTER/ROS_navigation_localization/catkin_ws/devel/include/tuw_multi_robot_msgs/RobotGoals.h
