[35m[1mScanning dependencies of target _tuw_multi_robot_msgs_generate_messages_check_deps_Station[0m
[  0%] Built target _tuw_multi_robot_msgs_generate_messages_check_deps_Station
[35m[1mScanning dependencies of target _tuw_multi_robot_msgs_generate_messages_check_deps_RobotGoalsArray[0m
[  0%] Built target _tuw_multi_robot_msgs_generate_messages_check_deps_RobotGoalsArray
[35m[1mScanning dependencies of target _tuw_multi_robot_msgs_generate_messages_check_deps_OrderPosition[0m
[  0%] Built target _tuw_multi_robot_msgs_generate_messages_check_deps_OrderPosition
[35m[1mScanning dependencies of target _tuw_multi_robot_msgs_generate_messages_check_deps_Order[0m
[  0%] Built target _tuw_multi_robot_msgs_generate_messages_check_deps_Order
[35m[1mScanning dependencies of target _tuw_multi_robot_msgs_generate_messages_check_deps_Vertex[0m
[  0%] Built target _tuw_multi_robot_msgs_generate_messages_check_deps_Vertex
[35m[1mScanning dependencies of target _tuw_multi_robot_msgs_generate_messages_check_deps_StationManagerControlProtocol[0m
[35m[1mScanning dependencies of target _tuw_multi_robot_msgs_generate_messages_check_deps_RobotGoals[0m
[  0%] Built target _tuw_multi_robot_msgs_generate_messages_check_deps_StationManagerControlProtocol
[  0%] Built target _tuw_multi_robot_msgs_generate_messages_check_deps_RobotGoals
[35m[1mScanning dependencies of target _tuw_multi_robot_msgs_generate_messages_check_deps_OrderArray[0m
[35m[1mScanning dependencies of target geometry_msgs_generate_messages_eus[0m
[35m[1mScanning dependencies of target _tuw_multi_robot_msgs_generate_messages_check_deps_StationManagerStationProtocol[0m
[  0%] Built target geometry_msgs_generate_messages_eus
[  0%] Built target _tuw_multi_robot_msgs_generate_messages_check_deps_OrderArray
[  0%] Built target _tuw_multi_robot_msgs_generate_messages_check_deps_StationManagerStationProtocol
[35m[1mScanning dependencies of target nav_msgs_generate_messages_eus[0m
[  0%] Built target nav_msgs_generate_messages_eus
[35m[1mScanning dependencies of target _tuw_multi_robot_msgs_generate_messages_check_deps_RoutePrecondition[0m
[  0%] Built target _tuw_multi_robot_msgs_generate_messages_check_deps_RoutePrecondition
[35m[1mScanning dependencies of target _tuw_multi_robot_msgs_generate_messages_check_deps_RobotInfo[0m
[  0%] Built target _tuw_multi_robot_msgs_generate_messages_check_deps_RobotInfo
[35m[1mScanning dependencies of target _tuw_multi_robot_msgs_generate_messages_check_deps_StationArray[0m
[35m[1mScanning dependencies of target _tuw_multi_robot_msgs_generate_messages_check_deps_Route[0m
[  0%] Built target _tuw_multi_robot_msgs_generate_messages_check_deps_StationArray
[  0%] Built target _tuw_multi_robot_msgs_generate_messages_check_deps_Route
[35m[1mScanning dependencies of target _tuw_multi_robot_msgs_generate_messages_check_deps_Pickup[0m
[  0%] Built target _tuw_multi_robot_msgs_generate_messages_check_deps_Pickup
[35m[1mScanning dependencies of target _tuw_multi_robot_msgs_generate_messages_check_deps_RouterStatus[0m
[35m[1mScanning dependencies of target _tuw_multi_robot_msgs_generate_messages_check_deps_RouteProgress[0m
[  0%] Built target _tuw_multi_robot_msgs_generate_messages_check_deps_RouterStatus
[  0%] Built target _tuw_multi_robot_msgs_generate_messages_check_deps_RouteProgress
[35m[1mScanning dependencies of target _tuw_multi_robot_msgs_generate_messages_check_deps_RouteSegment[0m
[  0%] Built target _tuw_multi_robot_msgs_generate_messages_check_deps_RouteSegment
[35m[1mScanning dependencies of target _tuw_multi_robot_msgs_generate_messages_check_deps_Graph[0m
[  0%] Built target _tuw_multi_robot_msgs_generate_messages_check_deps_Graph
[35m[1mScanning dependencies of target nav_msgs_generate_messages_py[0m
[  0%] Built target nav_msgs_generate_messages_py
[35m[1mScanning dependencies of target geometry_msgs_generate_messages_py[0m
[  0%] Built target geometry_msgs_generate_messages_py
[35m[1mScanning dependencies of target nav_msgs_generate_messages_nodejs[0m
[  0%] Built target nav_msgs_generate_messages_nodejs
[35m[1mScanning dependencies of target geometry_msgs_generate_messages_nodejs[0m
[35m[1mScanning dependencies of target nav_msgs_generate_messages_cpp[0m
[  0%] Built target nav_msgs_generate_messages_cpp
[  0%] Built target geometry_msgs_generate_messages_nodejs
[35m[1mScanning dependencies of target geometry_msgs_generate_messages_cpp[0m
[  0%] Built target geometry_msgs_generate_messages_cpp
[35m[1mScanning dependencies of target nav_msgs_generate_messages_lisp[0m
[  0%] Built target nav_msgs_generate_messages_lisp
[35m[1mScanning dependencies of target geometry_msgs_generate_messages_lisp[0m
[  0%] Built target geometry_msgs_generate_messages_lisp
[35m[1mScanning dependencies of target tuw_multi_robot_msgs_generate_messages_eus[0m
[  1%] [34m[1mGenerating EusLisp code from tuw_multi_robot_msgs/Route.msg[0m
[35m[1mScanning dependencies of target tuw_multi_robot_msgs_generate_messages_py[0m
[  2%] [34m[1mGenerating Python from MSG tuw_multi_robot_msgs/Route[0m
[  3%] [34m[1mGenerating EusLisp code from tuw_multi_robot_msgs/Pickup.msg[0m
[  4%] [34m[1mGenerating EusLisp code from tuw_multi_robot_msgs/StationArray.msg[0m
[  5%] [34m[1mGenerating Python from MSG tuw_multi_robot_msgs/Pickup[0m
[  6%] [34m[1mGenerating EusLisp code from tuw_multi_robot_msgs/RouterStatus.msg[0m
[  7%] [34m[1mGenerating Python from MSG tuw_multi_robot_msgs/StationArray[0m
[  8%] [34m[1mGenerating EusLisp code from tuw_multi_robot_msgs/RouteSegment.msg[0m
[ 10%] [34m[1mGenerating EusLisp code from tuw_multi_robot_msgs/Graph.msg[0m
[ 11%] [34m[1mGenerating Python from MSG tuw_multi_robot_msgs/RouterStatus[0m
[ 12%] [34m[1mGenerating EusLisp code from tuw_multi_robot_msgs/Station.msg[0m
[ 13%] [34m[1mGenerating EusLisp code from tuw_multi_robot_msgs/RoutePrecondition.msg[0m
[ 14%] [34m[1mGenerating EusLisp code from tuw_multi_robot_msgs/RobotInfo.msg[0m
[ 15%] [34m[1mGenerating Python from MSG tuw_multi_robot_msgs/RouteSegment[0m
[ 16%] [34m[1mGenerating Python from MSG tuw_multi_robot_msgs/Graph[0m
[ 17%] [34m[1mGenerating EusLisp code from tuw_multi_robot_msgs/OrderArray.msg[0m
[ 18%] [34m[1mGenerating EusLisp code from tuw_multi_robot_msgs/RobotGoals.msg[0m
[ 20%] [34m[1mGenerating EusLisp code from tuw_multi_robot_msgs/Vertex.msg[0m
[ 21%] [34m[1mGenerating Python from MSG tuw_multi_robot_msgs/Station[0m
[ 22%] [34m[1mGenerating EusLisp code from tuw_multi_robot_msgs/Order.msg[0m
[ 23%] [34m[1mGenerating EusLisp code from tuw_multi_robot_msgs/RouteProgress.msg[0m
[35m[1mScanning dependencies of target tuw_multi_robot_msgs_generate_messages_nodejs[0m
[ 24%] [34m[1mGenerating Python from MSG tuw_multi_robot_msgs/RobotInfo[0m
[ 25%] [34m[1mGenerating Python from MSG tuw_multi_robot_msgs/RoutePrecondition[0m
[ 26%] [34m[1mGenerating Javascript code from tuw_multi_robot_msgs/Route.msg[0m
[ 28%] [34m[1mGenerating EusLisp code from tuw_multi_robot_msgs/OrderPosition.msg[0m
[ 28%] [34m[1mGenerating Javascript code from tuw_multi_robot_msgs/Pickup.msg[0m
[ 30%] [34m[1mGenerating Javascript code from tuw_multi_robot_msgs/StationArray.msg[0m
[ 31%] [34m[1mGenerating EusLisp code from tuw_multi_robot_msgs/RobotGoalsArray.msg[0m
[ 32%] [34m[1mGenerating Javascript code from tuw_multi_robot_msgs/RouterStatus.msg[0m
[ 33%] [34m[1mGenerating Python from MSG tuw_multi_robot_msgs/OrderArray[0m
[ 34%] [34m[1mGenerating Javascript code from tuw_multi_robot_msgs/RouteSegment.msg[0m
[ 35%] [34m[1mGenerating Javascript code from tuw_multi_robot_msgs/Graph.msg[0m
[ 36%] [34m[1mGenerating EusLisp code from tuw_multi_robot_msgs/StationManagerControlProtocol.srv[0m
[ 37%] [34m[1mGenerating Javascript code from tuw_multi_robot_msgs/Station.msg[0m
[ 38%] [34m[1mGenerating EusLisp code from tuw_multi_robot_msgs/StationManagerStationProtocol.srv[0m
[ 40%] [34m[1mGenerating EusLisp manifest code for tuw_multi_robot_msgs[0m
[ 41%] [34m[1mGenerating Javascript code from tuw_multi_robot_msgs/RoutePrecondition.msg[0m
[ 42%] [34m[1mGenerating Python from MSG tuw_multi_robot_msgs/RobotGoals[0m
[ 43%] [34m[1mGenerating Javascript code from tuw_multi_robot_msgs/RobotInfo.msg[0m
[ 44%] [34m[1mGenerating Javascript code from tuw_multi_robot_msgs/OrderArray.msg[0m
[ 45%] [34m[1mGenerating Javascript code from tuw_multi_robot_msgs/RobotGoals.msg[0m
[ 46%] [34m[1mGenerating Javascript code from tuw_multi_robot_msgs/Vertex.msg[0m
[ 46%] [34m[1mGenerating Javascript code from tuw_multi_robot_msgs/Order.msg[0m
[ 47%] [34m[1mGenerating Python from MSG tuw_multi_robot_msgs/Vertex[0m
[ 48%] [34m[1mGenerating Javascript code from tuw_multi_robot_msgs/RouteProgress.msg[0m
[ 50%] [34m[1mGenerating Javascript code from tuw_multi_robot_msgs/OrderPosition.msg[0m
[35m[1mScanning dependencies of target tuw_multi_robot_msgs_generate_messages_cpp[0m
[ 51%] [34m[1mGenerating Javascript code from tuw_multi_robot_msgs/RobotGoalsArray.msg[0m
[ 52%] [34m[1mGenerating C++ code from tuw_multi_robot_msgs/Route.msg[0m
[ 53%] [34m[1mGenerating Javascript code from tuw_multi_robot_msgs/StationManagerControlProtocol.srv[0m
[ 54%] [34m[1mGenerating Python from MSG tuw_multi_robot_msgs/Order[0m
[ 55%] [34m[1mGenerating Javascript code from tuw_multi_robot_msgs/StationManagerStationProtocol.srv[0m
[ 55%] Built target tuw_multi_robot_msgs_generate_messages_nodejs
[ 56%] [34m[1mGenerating C++ code from tuw_multi_robot_msgs/Pickup.msg[0m
[ 57%] [34m[1mGenerating Python from MSG tuw_multi_robot_msgs/RouteProgress[0m
[ 58%] [34m[1mGenerating C++ code from tuw_multi_robot_msgs/StationArray.msg[0m
[ 60%] [34m[1mGenerating Python from MSG tuw_multi_robot_msgs/OrderPosition[0m
[ 60%] Built target tuw_multi_robot_msgs_generate_messages_eus
[ 61%] [34m[1mGenerating C++ code from tuw_multi_robot_msgs/RouterStatus.msg[0m
[ 62%] [34m[1mGenerating Python from MSG tuw_multi_robot_msgs/RobotGoalsArray[0m
[ 63%] [34m[1mGenerating C++ code from tuw_multi_robot_msgs/RouteSegment.msg[0m
[ 64%] [34m[1mGenerating Python code from SRV tuw_multi_robot_msgs/StationManagerControlProtocol[0m
[ 65%] [34m[1mGenerating C++ code from tuw_multi_robot_msgs/Graph.msg[0m
[ 66%] [34m[1mGenerating Python code from SRV tuw_multi_robot_msgs/StationManagerStationProtocol[0m
[ 67%] [34m[1mGenerating C++ code from tuw_multi_robot_msgs/Station.msg[0m
[ 68%] [34m[1mGenerating C++ code from tuw_multi_robot_msgs/RoutePrecondition.msg[0m
[ 70%] [34m[1mGenerating C++ code from tuw_multi_robot_msgs/RobotInfo.msg[0m
[ 71%] [34m[1mGenerating C++ code from tuw_multi_robot_msgs/OrderArray.msg[0m
[ 72%] [34m[1mGenerating Python msg __init__.py for tuw_multi_robot_msgs[0m
[ 73%] [34m[1mGenerating Python srv __init__.py for tuw_multi_robot_msgs[0m
[ 74%] [34m[1mGenerating C++ code from tuw_multi_robot_msgs/RobotGoals.msg[0m
[35m[1mScanning dependencies of target tuw_multi_robot_msgs_generate_messages_lisp[0m
[ 75%] [34m[1mGenerating Lisp code from tuw_multi_robot_msgs/Route.msg[0m
[ 76%] [34m[1mGenerating Lisp code from tuw_multi_robot_msgs/Pickup.msg[0m
[ 77%] [34m[1mGenerating Lisp code from tuw_multi_robot_msgs/StationArray.msg[0m
[ 77%] Built target tuw_multi_robot_msgs_generate_messages_py
[ 78%] [34m[1mGenerating C++ code from tuw_multi_robot_msgs/Vertex.msg[0m
[ 80%] [34m[1mGenerating C++ code from tuw_multi_robot_msgs/Order.msg[0m
[ 81%] [34m[1mGenerating Lisp code from tuw_multi_robot_msgs/RouterStatus.msg[0m
[ 81%] [34m[1mGenerating Lisp code from tuw_multi_robot_msgs/RouteSegment.msg[0m
[ 82%] [34m[1mGenerating Lisp code from tuw_multi_robot_msgs/Graph.msg[0m
[ 83%] [34m[1mGenerating Lisp code from tuw_multi_robot_msgs/Station.msg[0m
[ 84%] [34m[1mGenerating Lisp code from tuw_multi_robot_msgs/RoutePrecondition.msg[0m
[ 85%] [34m[1mGenerating C++ code from tuw_multi_robot_msgs/RouteProgress.msg[0m
[ 86%] [34m[1mGenerating C++ code from tuw_multi_robot_msgs/OrderPosition.msg[0m
[ 86%] [34m[1mGenerating C++ code from tuw_multi_robot_msgs/RobotGoalsArray.msg[0m
[ 87%] [34m[1mGenerating Lisp code from tuw_multi_robot_msgs/RobotInfo.msg[0m
[ 88%] [34m[1mGenerating Lisp code from tuw_multi_robot_msgs/OrderArray.msg[0m
[ 90%] [34m[1mGenerating Lisp code from tuw_multi_robot_msgs/RobotGoals.msg[0m
[ 91%] [34m[1mGenerating Lisp code from tuw_multi_robot_msgs/Vertex.msg[0m
[ 92%] [34m[1mGenerating C++ code from tuw_multi_robot_msgs/StationManagerControlProtocol.srv[0m
[ 93%] [34m[1mGenerating Lisp code from tuw_multi_robot_msgs/Order.msg[0m
[ 94%] [34m[1mGenerating C++ code from tuw_multi_robot_msgs/StationManagerStationProtocol.srv[0m
[ 96%] [34m[1mGenerating Lisp code from tuw_multi_robot_msgs/OrderPosition.msg[0m
[ 96%] [34m[1mGenerating Lisp code from tuw_multi_robot_msgs/RouteProgress.msg[0m
[ 97%] [34m[1mGenerating Lisp code from tuw_multi_robot_msgs/RobotGoalsArray.msg[0m
[ 98%] [34m[1mGenerating Lisp code from tuw_multi_robot_msgs/StationManagerControlProtocol.srv[0m
[100%] [34m[1mGenerating Lisp code from tuw_multi_robot_msgs/StationManagerStationProtocol.srv[0m
[100%] Built target tuw_multi_robot_msgs_generate_messages_lisp
[100%] Built target tuw_multi_robot_msgs_generate_messages_cpp
[35m[1mScanning dependencies of target tuw_multi_robot_msgs_generate_messages[0m
[100%] Built target tuw_multi_robot_msgs_generate_messages
