[  0%] Built target _tuw_multi_robot_msgs_generate_messages_check_deps_Station
[  0%] Built target _tuw_multi_robot_msgs_generate_messages_check_deps_RobotGoalsArray
[  0%] Built target _tuw_multi_robot_msgs_generate_messages_check_deps_OrderPosition
[  0%] Built target _tuw_multi_robot_msgs_generate_messages_check_deps_Order
[  0%] Built target _tuw_multi_robot_msgs_generate_messages_check_deps_Vertex
[  0%] Built target _tuw_multi_robot_msgs_generate_messages_check_deps_StationManagerControlProtocol
[  0%] Built target _tuw_multi_robot_msgs_generate_messages_check_deps_RobotGoals
[  0%] Built target geometry_msgs_generate_messages_eus
[  0%] Built target nav_msgs_generate_messages_eus
[  0%] Built target _tuw_multi_robot_msgs_generate_messages_check_deps_StationManagerStationProtocol
[  0%] Built target _tuw_multi_robot_msgs_generate_messages_check_deps_OrderArray
[  0%] Built target _tuw_multi_robot_msgs_generate_messages_check_deps_RoutePrecondition
[  0%] Built target _tuw_multi_robot_msgs_generate_messages_check_deps_RobotInfo
[  0%] Built target _tuw_multi_robot_msgs_generate_messages_check_deps_StationArray
[  0%] Built target _tuw_multi_robot_msgs_generate_messages_check_deps_Pickup
[  0%] Built target _tuw_multi_robot_msgs_generate_messages_check_deps_Route
[  0%] Built target _tuw_multi_robot_msgs_generate_messages_check_deps_RouterStatus
[  0%] Built target _tuw_multi_robot_msgs_generate_messages_check_deps_RouteProgress
[  0%] Built target nav_msgs_generate_messages_py
[  0%] Built target _tuw_multi_robot_msgs_generate_messages_check_deps_RouteSegment
[  0%] Built target geometry_msgs_generate_messages_py
[  0%] Built target nav_msgs_generate_messages_nodejs
[  0%] Built target _tuw_multi_robot_msgs_generate_messages_check_deps_Graph
[  0%] Built target geometry_msgs_generate_messages_nodejs
[  0%] Built target nav_msgs_generate_messages_cpp
[  0%] Built target geometry_msgs_generate_messages_cpp
[  0%] Built target nav_msgs_generate_messages_lisp
[  0%] Built target geometry_msgs_generate_messages_lisp
[ 21%] Built target tuw_multi_robot_msgs_generate_messages_eus
[ 48%] Built target tuw_multi_robot_msgs_generate_messages_nodejs
[ 63%] Built target tuw_multi_robot_msgs_generate_messages_py
[ 81%] Built target tuw_multi_robot_msgs_generate_messages_lisp
[100%] Built target tuw_multi_robot_msgs_generate_messages_cpp
[100%] Built target tuw_multi_robot_msgs_generate_messages
